   4.7312e+00   6.3182e+00   1.3956e+02   2.9617e-03   1.5239e-01   2.0868e-03   1.0419e-04   1.0737e-01   5.3609e-03
   5.0234e+00   6.6104e+00   1.4044e+02   4.7371e-03   2.4118e-01   4.2002e-03   2.0973e-04   2.1385e-01   1.0678e-02
   5.3027e+00   6.8897e+00   1.4111e+02   8.8492e-03   4.4709e-01   6.9937e-03   3.4923e-04   3.5334e-01   1.7644e-02
   5.5863e+00   7.1733e+00   1.4255e+02   1.4764e-02   7.4155e-01   1.0810e-02   5.4050e-04   5.4296e-01   2.7148e-02
   5.8699e+00   7.4569e+00   1.4399e+02   9.8506e-03   4.9270e-01   7.8748e-03   3.9453e-04   3.9388e-01   1.9733e-02
   6.1664e+00   7.7534e+00   1.4203e+02   7.2889e-03   3.6353e-01   6.7660e-03   3.3830e-04   3.3745e-01   1.6873e-02
   6.4544e+00   8.0414e+00   1.3488e+02   6.0089e-03   2.9923e-01   5.6299e-03   2.8150e-04   2.8036e-01   1.4018e-02
   6.7466e+00   8.3336e+00   1.2926e+02   5.1932e-03   2.5849e-01   5.4061e-03   2.7086e-04   2.6909e-01   1.3482e-02
   6.8841e+00   8.4711e+00   1.2722e+02   4.8273e-03   2.4031e-01   5.4815e-03   2.7460e-04   2.7287e-01   1.3670e-02
   7.0388e+00   8.6258e+00   1.2515e+02   4.3803e-03   2.1814e-01   5.4225e-03   2.7113e-04   2.7004e-01   1.3502e-02
   7.1806e+00   8.7676e+00   1.2204e+02   4.1934e-03   2.0894e-01   5.1974e-03   2.6035e-04   2.5896e-01   1.2972e-02
   7.3224e+00   8.9094e+00   1.2016e+02   4.4048e-03   2.1963e-01   5.3082e-03   2.6587e-04   2.6467e-01   1.3257e-02
   7.4599e+00   9.0469e+00   1.1835e+02   6.0570e-03   3.0226e-01   5.2285e-03   2.6143e-04   2.6092e-01   1.3046e-02
   7.6146e+00   9.2016e+00   1.1775e+02   8.6595e-03   4.3262e-01   5.7755e-03   2.8877e-04   2.8854e-01   1.4427e-02
   7.7521e+00   9.3391e+00   1.1602e+02   1.0886e-02   5.4448e-01   5.8665e-03   2.9376e-04   2.9342e-01   1.4693e-02
   7.8982e+00   9.4852e+00   1.1430e+02   1.2732e-02   6.3765e-01   5.8454e-03   2.9270e-04   2.9276e-01   1.4659e-02
   8.0443e+00   9.6313e+00   1.1261e+02   1.4310e-02   7.1775e-01   6.1345e-03   3.0672e-04   3.0769e-01   1.5384e-02
   8.1818e+00   9.7688e+00   1.1221e+02   1.5370e-02   7.7207e-01   6.2997e-03   3.1498e-04   3.1645e-01   1.5823e-02
   8.4654e+00   1.0052e+01   1.0897e+02   1.7900e-02   9.0225e-01   6.3990e-03   3.1995e-04   3.2254e-01   1.6127e-02
   8.7534e+00   1.0340e+01   1.0705e+02   1.9766e-02   1.0002e+00   6.8082e-03   3.4002e-04   3.4449e-01   1.7205e-02
   9.0413e+00   1.0628e+01   1.0521e+02   2.1191e-02   1.0768e+00   7.1369e-03   3.5722e-04   3.6265e-01   1.8151e-02
   9.3335e+00   1.0920e+01   1.0341e+02   2.2186e-02   1.1325e+00   7.7750e-03   3.8727e-04   3.9688e-01   1.9768e-02
   9.6128e+00   1.1200e+01   1.0297e+02   2.2825e-02   1.1705e+00   8.6793e-03   4.3545e-04   4.4509e-01   2.2331e-02
   9.9050e+00   1.1492e+01   1.0127e+02   2.3158e-02   1.1936e+00   8.5180e-03   4.2735e-04   4.3904e-01   2.2027e-02
   1.0189e+01   1.1776e+01   9.9615e+01   2.3198e-02   1.2018e+00   8.2935e-03   4.1324e-04   4.2965e-01   2.1409e-02


   4.8945e+00   6.4815e+00   9.9319e+01   3.2331e-03   1.6532e-01   6.9834e-04   3.4917e-05   3.5708e-02   1.7854e-03
   4.9418e+00   6.5288e+00   9.9944e+01   3.4696e-03   1.7712e-01   1.6644e-03   8.3056e-05   8.4970e-02   4.2400e-03
   5.0062e+00   6.5932e+00   1.0010e+02   3.7977e-03   1.9346e-01   2.7546e-03   1.3790e-04   1.4032e-01   7.0250e-03
   5.0750e+00   6.6620e+00   1.0236e+02   4.2384e-03   2.1545e-01   3.4854e-03   1.7427e-04   1.7717e-01   8.8587e-03
   5.1265e+00   6.7135e+00   1.0304e+02   4.5998e-03   2.3347e-01   4.1885e-03   2.0903e-04   2.1260e-01   1.0610e-02
   5.1867e+00   6.7737e+00   1.0355e+02   5.0971e-03   2.5828e-01   4.4944e-03   2.2513e-04   2.2774e-01   1.1408e-02
   5.2426e+00   6.8296e+00   1.0422e+02   5.6791e-03   2.8735e-01   5.2720e-03   2.6403e-04   2.6675e-01   1.3359e-02
   5.2984e+00   6.8854e+00   1.0492e+02   6.4098e-03   3.2387e-01   6.0095e-03   3.0003e-04   3.0365e-01   1.5160e-02
   5.3027e+00   6.8897e+00   1.0483e+02   6.4645e-03   3.2660e-01   6.1488e-03   3.0700e-04   3.1065e-01   1.5510e-02
   5.3500e+00   6.9370e+00   1.0389e+02   7.1123e-03   3.5894e-01   6.4880e-03   3.2485e-04   3.2743e-01   1.6394e-02
   5.4058e+00   6.9928e+00   1.0469e+02   8.1125e-03   4.0891e-01   7.5616e-03   3.7762e-04   3.8114e-01   1.9034e-02
   5.4660e+00   7.0530e+00   1.0545e+02   9.1721e-03   4.6174e-01   8.6095e-03   4.3048e-04   4.3342e-01   2.1671e-02
   5.5262e+00   7.1132e+00   1.0622e+02   9.9350e-03   4.9956e-01   8.0720e-03   4.0460e-04   4.0588e-01   2.0344e-02
   5.5820e+00   7.1690e+00   1.0709e+02   1.0200e-02   5.1236e-01   7.8873e-03   3.9333e-04   3.9619e-01   1.9758e-02
   5.5863e+00   7.1733e+00   1.0702e+02   1.0190e-02   5.1180e-01   7.5826e-03   3.7810e-04   3.8086e-01   1.8991e-02
   5.6379e+00   7.2249e+00   1.0627e+02   9.9389e-03   4.9877e-01   7.3248e-03   3.6624e-04   3.6758e-01   1.8379e-02
   5.6895e+00   7.2765e+00   1.0724e+02   9.6607e-03   4.8441e-01   7.3496e-03   3.6748e-04   3.6852e-01   1.8426e-02
   5.7367e+00   7.3237e+00   1.0827e+02   9.3551e-03   4.6875e-01   6.9757e-03   3.4934e-04   3.4953e-01   1.7504e-02
   5.8055e+00   7.3925e+00   1.0741e+02   8.8928e-03   4.4516e-01   6.9128e-03   3.4508e-04   3.4605e-01   1.7274e-02
   5.8699e+00   7.4569e+00   1.0826e+02   8.5913e-03   4.2971e-01   6.9656e-03   3.4770e-04   3.4840e-01   1.7391e-02
   5.8699e+00   7.4569e+00   1.0826e+02   8.5913e-03   4.2971e-01   6.6202e-03   3.2986e-04   3.3113e-01   1.6499e-02
   6.0633e+00   7.6503e+00   1.0935e+02   8.1113e-03   4.0488e-01   6.9558e-03   3.4656e-04   3.4721e-01   1.7299e-02
   6.1622e+00   7.7492e+00   1.0994e+02   7.9990e-03   3.9895e-01   7.3741e-03   3.6997e-04   3.6779e-01   1.8453e-02
   6.1965e+00   7.7835e+00   1.0964e+02   8.0078e-03   3.9930e-01   7.1952e-03   3.5848e-04   3.5878e-01   1.7875e-02
   6.3555e+00   7.9425e+00   1.0982e+02   7.9691e-03   3.9700e-01   7.3074e-03   3.6669e-04   3.6404e-01   1.8268e-02
   6.4458e+00   8.0328e+00   1.1059e+02   7.8638e-03   3.9161e-01   7.3246e-03   3.6555e-04   3.6476e-01   1.8204e-02
   6.4801e+00   8.0671e+00   1.1035e+02   7.8848e-03   3.9262e-01   7.9430e-03   3.9851e-04   3.9552e-01   1.9843e-02
   6.6434e+00   8.2304e+00   1.1208e+02   7.5260e-03   3.7463e-01   7.6953e-03   3.8405e-04   3.8306e-01   1.9117e-02
   6.7294e+00   8.3164e+00   1.1154e+02   7.5093e-03   3.7378e-01   7.9228e-03   3.9758e-04   3.9436e-01   1.9790e-02
   6.7766e+00   8.3636e+00   1.1127e+02   7.4913e-03   3.7289e-01   7.4965e-03   3.7555e-04   3.7314e-01   1.8693e-02
   6.8798e+00   8.4668e+00   1.1206e+02   7.1417e-03   3.5552e-01   7.7105e-03   3.8478e-04   3.8383e-01   1.9155e-02
   6.9271e+00   8.5141e+00   1.1180e+02   7.0807e-03   3.5251e-01   8.3082e-03   4.1689e-04   4.1362e-01   2.0755e-02
   7.0130e+00   8.6000e+00   1.1270e+02   6.6345e-03   3.3037e-01   8.2350e-03   4.1099e-04   4.1006e-01   2.0465e-02
   7.0431e+00   8.6301e+00   1.1255e+02   6.5702e-03   3.2720e-01   8.9995e-03   4.4921e-04   4.4818e-01   2.2371e-02
   7.1634e+00   8.7504e+00   1.1330e+02   5.9866e-03   2.9826e-01   9.0930e-03   4.5543e-04   4.5303e-01   2.2691e-02
   7.1935e+00   8.7805e+00   1.1316e+02   5.9381e-03   2.9589e-01   8.5453e-03   4.2883e-04   4.2580e-01   2.1368e-02
   7.2923e+00   8.8793e+00   1.1272e+02   5.9988e-03   2.9906e-01   9.2546e-03   4.6273e-04   4.6136e-01   2.3068e-02
   7.3482e+00   8.9352e+00   1.1248e+02   6.2959e-03   3.1396e-01   8.1584e-03   4.0714e-04   4.0685e-01   2.0303e-02
   7.4427e+00   9.0297e+00   1.1339e+02   7.0334e-03   3.5095e-01   8.4581e-03   4.2130e-04   4.2204e-01   2.1022e-02
   7.4900e+00   9.0770e+00   1.1321e+02   7.8100e-03   3.8982e-01   8.0478e-03   4.0199e-04   4.0169e-01   2.0064e-02
   7.5802e+00   9.1672e+00   1.1414e+02   9.0702e-03   4.5302e-01   8.6014e-03   4.3007e-04   4.2960e-01   2.1480e-02
   7.6232e+00   9.2102e+00   1.1398e+02   9.7884e-03   4.8905e-01   7.8979e-03   3.9531e-04   3.9460e-01   1.9751e-02
   7.7349e+00   9.3219e+00   1.1359e+02   1.1366e-02   5.6839e-01   7.8059e-03   3.9030e-04   3.9036e-01   1.9518e-02
   7.7822e+00   9.3692e+00   1.1343e+02   1.1917e-02   5.9618e-01   7.6981e-03   3.8449e-04   3.8513e-01   1.9236e-02
   7.8724e+00   9.4594e+00   1.1438e+02   1.2493e-02   6.2552e-01   7.9331e-03   3.9708e-04   3.9722e-01   1.9882e-02
   8.0271e+00   9.6141e+00   1.1390e+02   1.3834e-02   6.9378e-01   7.1070e-03   3.5535e-04   3.5640e-01   1.7820e-02
   8.1603e+00   9.7473e+00   1.1475e+02   1.4530e-02   7.2973e-01   6.9061e-03   3.4531e-04   3.4683e-01   1.7342e-02
   8.4525e+00   1.0040e+01   1.1518e+02   1.6297e-02   8.2133e-01   6.8704e-03   3.4397e-04   3.4625e-01   1.7335e-02
   8.7405e+00   1.0327e+01   1.1450e+02   1.8152e-02   9.1830e-01   6.4513e-03   3.2212e-04   3.2637e-01   1.6296e-02
   9.0198e+00   1.0607e+01   1.1510e+02   1.9339e-02   9.8235e-01   6.3683e-03   3.1887e-04   3.2349e-01   1.6197e-02
   9.3163e+00   1.0903e+01   1.1571e+02   2.0334e-02   1.0377e+00   6.1911e-03   3.0956e-04   3.1594e-01   1.5797e-02
   9.6085e+00   1.1195e+01   1.1521e+02   2.1369e-02   1.0958e+00   5.2595e-03   2.6251e-04   2.6970e-01   1.3461e-02
   9.8835e+00   1.1471e+01   1.1594e+02   2.1828e-02   1.1246e+00   4.7334e-03   2.3715e-04   2.4388e-01   1.2218e-02
   1.0176e+01   1.1763e+01   1.1666e+02   2.2169e-02   1.1482e+00   4.5783e-03   2.2892e-04   2.3713e-01   1.1857e-02


