   2.4838e-01   5.8542e+00   5.5000e+01   1.5211e-06   9.5669e-05   7.8000e-07   1.5000e-07   4.9058e-05   9.4342e-06
   3.3403e-01   5.9398e+00   5.5000e+01   2.2163e-06   8.7497e-05   1.2000e-06   2.4000e-07   4.7374e-05   9.4748e-06
   3.7685e-01   5.9827e+00   5.5000e+01   2.4991e-06   8.4183e-05   1.0800e-06   2.2200e-07   3.6380e-05   7.4781e-06
   4.1968e-01   6.0255e+00   5.5000e+01   2.7430e-06   8.1315e-05   1.5000e-06   2.8200e-07   4.4467e-05   8.3598e-06
   4.6250e-01   6.0683e+00   5.5000e+01   2.9530e-06   7.8837e-05   1.6200e-06   3.6600e-07   4.3249e-05   9.7711e-06
   5.9954e-01   6.2053e+00   5.5000e+01   3.4551e-06   7.2995e-05   1.8600e-06   3.3600e-07   3.9295e-05   7.0985e-06
   6.9375e-01   6.2995e+00   5.5000e+01   3.6993e-06   7.0383e-05   1.9200e-06   3.2400e-07   3.6529e-05   6.1643e-06
   6.9375e-01   6.2995e+00   5.5000e+01   3.6993e-06   7.0383e-05   1.9200e-06   3.9000e-07   3.6529e-05   7.4200e-06
   8.5648e-01   6.4623e+00   5.5000e+01   4.0121e-06   6.7672e-05   1.9800e-06   3.9000e-07   3.3397e-05   6.5782e-06


   4.2824e-01   6.0340e+00   0.0000e+00   2.6075e-07   7.5573e-06   3.2026e-07   1.5971e-08   9.2819e-06   4.6288e-07
   4.2824e-01   6.0340e+00   1.5070e+01   2.5700e-07   7.4486e-06   2.7175e-07   1.6242e-08   7.8762e-06   4.7074e-07
   4.2824e-01   6.0340e+00   3.0134e+01   2.4700e-07   7.1588e-06   2.4004e-07   1.4360e-08   6.9571e-06   4.1620e-07
   4.2824e-01   6.0340e+00   4.5190e+01   2.3397e-07   6.7810e-06   2.3986e-07   1.4413e-08   6.9519e-06   4.1772e-07
   4.2824e-01   6.0340e+00   6.0233e+01   2.2174e-07   6.4267e-06   2.2071e-07   1.3201e-08   6.3968e-06   3.8259e-07
   4.2824e-01   6.0340e+00   7.5259e+01   2.1335e-07   6.1835e-06   2.0450e-07   1.2262e-08   5.9271e-06   3.5538e-07
   4.2824e-01   6.0340e+00   9.0268e+01   2.1009e-07   6.0891e-06   1.9629e-07   1.1765e-08   5.6889e-06   3.4097e-07
   4.2824e-01   6.0340e+00   1.0526e+02   2.1148e-07   6.1292e-06   1.9877e-07   1.1918e-08   5.7610e-06   3.4542e-07
   4.2824e-01   6.0340e+00   1.2023e+02   2.1585e-07   6.2558e-06   2.1131e-07   1.2720e-08   6.1244e-06   3.6867e-07
   4.2824e-01   6.0340e+00   1.3519e+02   2.2123e-07   6.4119e-06   2.5082e-07   1.2520e-08   7.2694e-06   3.6287e-07


   6.8519e-01   6.2910e+00   0.0000e+00   3.6845e-07   7.0678e-06   4.2686e-07   2.1343e-08   8.1883e-06   4.0942e-07
   6.8519e-01   6.2910e+00   1.5088e+01   3.6045e-07   6.9144e-06   4.0055e-07   1.9980e-08   7.6836e-06   3.8326e-07
   6.8519e-01   6.2910e+00   3.0170e+01   3.3936e-07   6.5097e-06   3.5504e-07   1.7728e-08   6.8106e-06   3.4007e-07
   6.8519e-01   6.2910e+00   4.5241e+01   3.1247e-07   5.9940e-06   3.1661e-07   1.5855e-08   6.0735e-06   3.0413e-07
   6.8519e-01   6.2910e+00   6.0294e+01   2.8831e-07   5.5305e-06   2.7818e-07   1.3933e-08   5.3362e-06   2.6727e-07
   6.8519e-01   6.2910e+00   7.5328e+01   2.7315e-07   5.2397e-06   2.6116e-07   1.3034e-08   5.0098e-06   2.5003e-07
   6.8519e-01   6.2910e+00   9.0339e+01   2.6912e-07   5.1625e-06   2.3208e-07   1.1592e-08   4.4519e-06   2.2237e-07
   6.8519e-01   6.2910e+00   1.0533e+02   2.7438e-07   5.2634e-06   2.7457e-07   1.3776e-08   5.2669e-06   2.6425e-07
   6.8519e-01   6.2910e+00   1.2029e+02   2.8484e-07   5.4640e-06   3.0017e-07   1.4985e-08   5.7581e-06   2.8745e-07
   6.8519e-01   6.2910e+00   1.3524e+02   2.9626e-07   5.6829e-06   3.1397e-07   1.5699e-08   6.0228e-06   3.0114e-07


   8.5648e-01   6.4623e+00   0.0000e+00   4.1309e-07   6.9677e-06   4.5137e-07   2.2509e-08   7.6134e-06   3.7966e-07
   8.5648e-01   6.4623e+00   1.5099e+01   4.0273e-07   6.7929e-06   4.1818e-07   2.0849e-08   7.0535e-06   3.5166e-07
   8.5648e-01   6.4623e+00   3.0190e+01   3.7554e-07   6.3343e-06   4.2692e-07   2.1346e-08   7.2009e-06   3.6005e-07
   8.5648e-01   6.4623e+00   4.5269e+01   3.4137e-07   5.7580e-06   3.5739e-07   1.7930e-08   6.0282e-06   3.0242e-07
   8.5648e-01   6.4623e+00   6.0329e+01   3.1146e-07   5.2534e-06   3.1791e-07   1.5836e-08   5.3623e-06   2.6710e-07
   8.5648e-01   6.4623e+00   7.5367e+01   2.9372e-07   4.9542e-06   2.9584e-07   1.4792e-08   4.9900e-06   2.4950e-07
   8.5648e-01   6.4623e+00   9.0380e+01   2.9033e-07   4.8971e-06   2.8338e-07   1.4169e-08   4.7798e-06   2.3899e-07
   8.5648e-01   6.4623e+00   1.0537e+02   2.9823e-07   5.0302e-06   2.7245e-07   1.3637e-08   4.5955e-06   2.3002e-07
   8.5648e-01   6.4623e+00   1.2033e+02   3.1173e-07   5.2580e-06   2.9198e-07   1.4599e-08   4.9248e-06   2.4624e-07
   8.5648e-01   6.4623e+00   1.3527e+02   3.2545e-07   5.4894e-06   3.2728e-07   1.6334e-08   5.5203e-06   2.7551e-07


