   8.5648e-01   6.4623e+00   2.3876e+01   4.9973e-03   8.4291e-02   3.1202e-03   9.4033e-05   5.2629e-02   1.5861e-03
   1.0278e+00   6.6336e+00   2.4174e+01   4.3181e-03   6.7412e-02   2.7063e-03   8.2092e-05   4.2249e-02   1.2816e-03
   1.1991e+00   6.8049e+00   2.3221e+01   4.7684e-03   7.0978e-02   2.6724e-03   8.0240e-05   3.9779e-02   1.1944e-03
   1.2847e+00   6.8905e+00   2.4553e+01   7.0337e-03   1.0299e-01   3.8088e-03   1.1413e-04   5.5772e-02   1.6712e-03
   1.3704e+00   6.9762e+00   2.5889e+01   1.1709e-02   1.6928e-01   6.2826e-03   1.8660e-04   9.0830e-02   2.6977e-03
   1.4132e+00   7.0190e+00   2.4719e+01   1.5015e-02   2.1595e-01   8.2004e-03   2.4601e-04   1.1794e-01   3.5383e-03
   1.4560e+00   7.0618e+00   2.4771e+01   1.8629e-02   2.6672e-01   9.9602e-03   2.9947e-04   1.4261e-01   4.2877e-03
   1.4988e+00   7.1046e+00   2.6053e+01   2.1820e-02   3.1119e-01   1.1539e-02   3.4817e-04   1.6457e-01   4.9655e-03
   1.5417e+00   7.1475e+00   2.2401e+01   2.4647e-02   3.5034e-01   1.2784e-02   3.6649e-04   1.8172e-01   5.2093e-03
   1.5845e+00   7.1903e+00   2.2444e+01   2.5841e-02   3.6627e-01   1.3912e-02   3.9973e-04   1.9719e-01   5.6658e-03
   1.6273e+00   7.2331e+00   2.2487e+01   2.5848e-02   3.6551e-01   1.3015e-02   3.7614e-04   1.8405e-01   5.3190e-03
   1.6701e+00   7.2759e+00   2.1284e+01   2.5115e-02   3.5447e-01   1.2615e-02   3.5969e-04   1.7804e-01   5.0765e-03
   1.7130e+00   7.3188e+00   2.2569e+01   2.3675e-02   3.3362e-01   1.3118e-02   3.8256e-04   1.8486e-01   5.3910e-03
   1.7986e+00   7.4044e+00   2.1397e+01   2.0642e-02   2.9030e-01   1.1911e-02   3.3939e-04   1.6751e-01   4.7731e-03
   1.8843e+00   7.4901e+00   2.2723e+01   1.7813e-02   2.5032e-01   1.1417e-02   3.2338e-04   1.6045e-01   4.5445e-03
   2.0556e+00   7.6614e+00   2.2863e+01   1.3753e-02   1.9356e-01   9.0135e-03   2.5969e-04   1.2685e-01   3.6548e-03
   2.2269e+00   7.8327e+00   2.1722e+01   1.1137e-02   1.5746e-01   9.0179e-03   2.5437e-04   1.2750e-01   3.5963e-03


   1.1648e-01   5.7223e+00   1.5599e+02   6.6171e-04   2.4926e-01   6.5649e-04   1.6391e-04   2.4729e-01   6.1744e-02
   1.1648e-01   5.7223e+00   1.4104e+02   6.6088e-04   2.4895e-01   6.5728e-04   1.6391e-04   2.4759e-01   6.1743e-02
   1.1648e-01   5.7223e+00   1.2681e+02   6.5946e-04   2.4841e-01   6.5713e-04   1.6349e-04   2.4754e-01   6.1584e-02
   1.1648e-01   5.7223e+00   1.0938e+02   6.5626e-04   2.4721e-01   6.5876e-04   1.6374e-04   2.4815e-01   6.1679e-02
   1.1648e-01   5.7223e+00   9.8528e+01   6.5306e-04   2.4600e-01   6.7167e-04   1.6699e-04   2.5301e-01   6.2905e-02
   1.1648e-01   5.7223e+00   8.4470e+01   6.4724e-04   2.4381e-01   6.6048e-04   1.6423e-04   2.4880e-01   6.1864e-02
   1.1648e-01   5.7223e+00   6.9113e+01   6.3883e-04   2.4064e-01   6.5979e-04   1.6409e-04   2.4854e-01   6.1813e-02
   1.1648e-01   5.7223e+00   5.1372e+01   6.2755e-04   2.3639e-01   6.5608e-04   1.6386e-04   2.4714e-01   6.1723e-02
   1.1648e-01   5.7223e+00   3.7602e+01   6.1906e-04   2.3320e-01   6.5591e-04   1.6398e-04   2.4707e-01   6.1769e-02
   1.1648e-01   5.7223e+00   2.3699e+01   6.1213e-04   2.3059e-01   6.5781e-04   1.6382e-04   2.4779e-01   6.1710e-02


   1.5931e-01   5.7651e+00   1.6089e+02   1.6086e-03   2.5693e-01   1.5919e-03   7.2795e-04   2.5427e-01   1.1627e-01
   1.5931e-01   5.7651e+00   1.4153e+02   1.5930e-03   2.5444e-01   1.6047e-03   7.2700e-04   2.5631e-01   1.1612e-01
   1.5931e-01   5.7651e+00   1.3310e+02   1.5833e-03   2.5289e-01   1.6113e-03   7.2643e-04   2.5736e-01   1.1603e-01
   1.5931e-01   5.7651e+00   1.1399e+02   1.5549e-03   2.4835e-01   1.6117e-03   7.2590e-04   2.5743e-01   1.1595e-01
   1.5931e-01   5.7651e+00   1.0026e+02   1.5283e-03   2.4411e-01   1.9485e-03   7.2637e-04   3.1122e-01   1.1602e-01
   1.5931e-01   5.7651e+00   8.7232e+01   1.4980e-03   2.3927e-01   1.8805e-03   7.2856e-04   3.0037e-01   1.1637e-01
   1.5931e-01   5.7651e+00   6.6663e+01   1.4414e-03   2.3022e-01   1.4923e-03   7.2831e-04   2.3835e-01   1.1633e-01
   1.5931e-01   5.7651e+00   5.2985e+01   1.4012e-03   2.2381e-01   1.2169e-03   7.2796e-04   1.9436e-01   1.1627e-01
   1.5931e-01   5.7651e+00   4.0177e+01   1.3658e-03   2.1816e-01   1.0603e-03   7.2648e-04   1.6936e-01   1.1604e-01
   1.5931e-01   5.7651e+00   2.7230e+01   1.3362e-03   2.1342e-01   1.1021e-03   7.2821e-04   1.7603e-01   1.1631e-01


   2.1583e-01   5.8216e+00   1.5577e+02   3.2091e-03   2.6234e-01   3.2361e-03   1.0578e-04   2.6455e-01   8.6475e-03
   2.1583e-01   5.8216e+00   1.4116e+02   3.1597e-03   2.5830e-01   2.8209e-03   5.8321e-04   2.3060e-01   4.7676e-02
   2.1583e-01   5.8216e+00   1.2812e+02   3.1008e-03   2.5348e-01   3.2870e-03   1.0570e-04   2.6870e-01   8.6406e-03
   2.1583e-01   5.8216e+00   1.0895e+02   2.9923e-03   2.4461e-01   3.0353e-03   4.3476e-04   2.4813e-01   3.5541e-02
   2.1583e-01   5.8216e+00   9.8108e+01   2.9196e-03   2.3867e-01   3.0673e-03   1.0673e-04   2.5074e-01   8.7249e-03
   2.1583e-01   5.8216e+00   8.6018e+01   2.8291e-03   2.3127e-01   2.7775e-03   1.0576e-04   2.2705e-01   8.6460e-03
   2.1583e-01   5.8216e+00   6.9491e+01   2.6919e-03   2.2006e-01   2.9488e-03   1.0525e-04   2.4105e-01   8.6040e-03
   2.1583e-01   5.8216e+00   5.0392e+01   2.5283e-03   2.0668e-01   2.4085e-03   1.0558e-04   1.9689e-01   8.6308e-03
   2.1583e-01   5.8216e+00   3.7413e+01   2.4277e-03   1.9846e-01   2.2870e-03   1.0592e-04   1.8696e-01   8.6590e-03
   2.1583e-01   5.8216e+00   2.3187e+01   2.3416e-03   1.9142e-01   2.3175e-03   1.0605e-04   1.8945e-01   8.6697e-03


   2.7750e-01   5.8833e+00   1.5701e+02   5.1049e-03   2.6616e-01   4.8590e-03   1.4094e-04   2.5334e-01   7.3483e-03
   2.7750e-01   5.8833e+00   1.4078e+02   4.9810e-03   2.5970e-01   5.2471e-03   5.3370e-04   2.7358e-01   2.7826e-02
   2.7750e-01   5.8833e+00   1.3156e+02   4.8901e-03   2.5496e-01   5.2883e-03   1.4028e-04   2.7573e-01   7.3138e-03
   2.7750e-01   5.8833e+00   1.0873e+02   4.6157e-03   2.4066e-01   5.5156e-03   7.0753e-04   2.8757e-01   3.6890e-02
   2.7750e-01   5.8833e+00   9.6883e+01   4.4484e-03   2.3193e-01   4.8248e-03   1.4077e-04   2.5156e-01   7.3395e-03
   2.7750e-01   5.8833e+00   8.3706e+01   4.2430e-03   2.2123e-01   4.5002e-03   1.4050e-04   2.3464e-01   7.3257e-03
   2.7750e-01   5.8833e+00   6.9130e+01   3.9970e-03   2.0840e-01   3.8291e-03   1.3985e-04   1.9965e-01   7.2918e-03
   2.7750e-01   5.8833e+00   5.2029e+01   3.7029e-03   1.9306e-01   3.5216e-03   1.4086e-04   1.8361e-01   7.3444e-03
   2.7750e-01   5.8833e+00   3.8942e+01   3.4972e-03   1.8234e-01   3.7315e-03   1.4004e-04   1.9455e-01   7.3015e-03
   2.7750e-01   5.8833e+00   2.3462e+01   3.3067e-03   1.7241e-01   2.8757e-03   1.3990e-04   1.4993e-01   7.2940e-03


   4.1968e-01   6.0255e+00   1.5590e+02   9.0114e-03   2.6714e-01   8.8632e-03   1.4250e-04   2.6275e-01   4.2244e-03
   4.1968e-01   6.0255e+00   1.4801e+02   8.8599e-03   2.6265e-01   8.6965e-03   1.4265e-04   2.5781e-01   4.2289e-03
   4.1968e-01   6.0255e+00   1.3999e+02   8.6760e-03   2.5720e-01   8.5266e-03   7.5365e-04   2.5277e-01   2.2342e-02
   4.1968e-01   6.0255e+00   1.3182e+02   8.4648e-03   2.5094e-01   8.5446e-03   5.6537e-04   2.5330e-01   1.6760e-02
   4.1968e-01   6.0255e+00   1.1878e+02   8.0911e-03   2.3986e-01   8.5801e-03   7.5259e-04   2.5435e-01   2.2310e-02
   4.1968e-01   6.0255e+00   1.0723e+02   7.7302e-03   2.2916e-01   7.8396e-03   1.4197e-04   2.3240e-01   4.2086e-03
   4.1968e-01   6.0255e+00   9.9336e+01   7.4674e-03   2.2137e-01   8.2965e-03   1.4350e-04   2.4595e-01   4.2540e-03
   4.1968e-01   6.0255e+00   8.3052e+01   6.8804e-03   2.0397e-01   7.5343e-03   1.4245e-04   2.2335e-01   4.2229e-03
   4.1968e-01   6.0255e+00   7.1489e+01   6.4286e-03   1.9057e-01   6.0585e-03   9.4103e-04   1.7960e-01   2.7897e-02
   4.1968e-01   6.0255e+00   6.1822e+01   6.0379e-03   1.7899e-01   6.4633e-03   7.5219e-04   1.9160e-01   2.2299e-02
   4.1968e-01   6.0255e+00   4.8676e+01   5.5147e-03   1.6348e-01   5.1827e-03   1.4223e-04   1.5364e-01   4.2164e-03
   4.1968e-01   6.0255e+00   3.8651e+01   5.1489e-03   1.5264e-01   5.3869e-03   1.4226e-04   1.5969e-01   4.2173e-03
   4.1968e-01   6.0255e+00   3.0775e+01   4.8986e-03   1.4522e-01   4.3455e-03   1.4267e-04   1.2882e-01   4.2295e-03
   4.1968e-01   6.0255e+00   2.0568e+01   4.6419e-03   1.3761e-01   4.3029e-03   1.4221e-04   1.2756e-01   4.2156e-03


   5.0447e-01   6.1103e+00   1.5796e+02   1.0880e-02   2.6666e-01   1.0863e-02   7.2419e-04   2.6624e-01   1.7749e-02
   5.0447e-01   6.1103e+00   1.4931e+02   1.0660e-02   2.6127e-01   1.0026e-02   5.4539e-04   2.4572e-01   1.3367e-02
   5.0447e-01   6.1103e+00   1.4050e+02   1.0387e-02   2.5458e-01   1.1701e-02   1.0868e-03   2.8679e-01   2.6636e-02
   5.0447e-01   6.1103e+00   1.3059e+02   1.0039e-02   2.4604e-01   1.0456e-02   7.2543e-04   2.5626e-01   1.7780e-02
   5.0447e-01   6.1103e+00   1.1851e+02   9.5765e-03   2.3471e-01   9.9042e-03   9.0250e-04   2.4274e-01   2.2120e-02
   5.0447e-01   6.1103e+00   1.0892e+02   9.1876e-03   2.2518e-01   9.7536e-03   9.0643e-04   2.3905e-01   2.2216e-02
   5.0447e-01   6.1103e+00   9.9061e+01   8.7655e-03   2.1484e-01   9.5813e-03   1.2201e-04   2.3483e-01   2.9904e-03
   5.0447e-01   6.1103e+00   8.2707e+01   8.0016e-03   1.9611e-01   8.1748e-03   1.2178e-04   2.0036e-01   2.9846e-03
   5.0447e-01   6.1103e+00   7.1066e+01   7.4056e-03   1.8151e-01   7.2987e-03   7.1813e-04   1.7889e-01   1.7601e-02
   5.0447e-01   6.1103e+00   6.1320e+01   6.8840e-03   1.6872e-01   6.5974e-03   9.0253e-04   1.6170e-01   2.2120e-02
   5.0447e-01   6.1103e+00   4.8049e+01   6.1785e-03   1.5143e-01   5.9054e-03   1.2222e-04   1.4474e-01   2.9954e-03
   5.0447e-01   6.1103e+00   4.0183e+01   5.7885e-03   1.4187e-01   5.5634e-03   1.2236e-04   1.3635e-01   2.9988e-03
   5.0447e-01   6.1103e+00   3.1100e+01   5.3901e-03   1.3211e-01   4.8759e-03   1.2260e-04   1.1950e-01   3.0048e-03
   5.0447e-01   6.1103e+00   2.3088e+01   5.1030e-03   1.2507e-01   4.8899e-03   1.2271e-04   1.1985e-01   3.0075e-03


   5.8926e-01   6.1951e+00   1.5654e+02   1.2291e-02   2.6322e-01   1.2509e-02   6.0297e-04   2.6791e-01   1.2914e-02
   5.8926e-01   6.1951e+00   1.5055e+02   1.2098e-02   2.5910e-01   1.2751e-02   8.1076e-04   2.7308e-01   1.7364e-02
   5.8926e-01   6.1951e+00   1.4097e+02   1.1734e-02   2.5130e-01   1.2997e-02   1.0172e-03   2.7836e-01   2.1786e-02
   5.8926e-01   6.1951e+00   1.3294e+02   1.1393e-02   2.4401e-01   1.1399e-02   8.1142e-04   2.4412e-01   1.7378e-02
   5.8926e-01   6.1951e+00   1.1817e+02   1.0722e-02   2.2962e-01   1.2829e-02   1.2150e-03   2.7475e-01   2.6022e-02
   5.8926e-01   6.1951e+00   1.0859e+02   1.0264e-02   2.1982e-01   1.1260e-02   1.0147e-03   2.4114e-01   2.1733e-02
   5.8926e-01   6.1951e+00   9.9708e+01   9.8208e-03   2.1033e-01   1.0814e-02   1.3698e-04   2.3160e-01   2.9337e-03
   5.8926e-01   6.1951e+00   8.3329e+01   8.9249e-03   1.9114e-01   9.2518e-03   1.3680e-04   1.9814e-01   2.9298e-03
   5.8926e-01   6.1951e+00   7.6995e+01   8.5448e-03   1.8300e-01   8.2676e-03   1.0160e-03   1.7706e-01   2.1760e-02
   5.8926e-01   6.1951e+00   6.4036e+01   7.7146e-03   1.6522e-01   7.2907e-03   6.0337e-04   1.5614e-01   1.2922e-02
   5.8926e-01   6.1951e+00   5.0727e+01   6.8323e-03   1.4633e-01   6.1045e-03   1.3704e-04   1.3074e-01   2.9350e-03
   5.8926e-01   6.1951e+00   4.2825e+01   6.3287e-03   1.3554e-01   6.1249e-03   1.3768e-04   1.3117e-01   2.9487e-03
   5.8926e-01   6.1951e+00   3.4837e+01   5.8624e-03   1.2555e-01   5.1340e-03   1.3777e-04   1.0995e-01   2.9505e-03
   5.8926e-01   6.1951e+00   2.4465e+01   5.3575e-03   1.1474e-01   5.1529e-03   1.3683e-04   1.1036e-01   2.9304e-03


   6.7405e-01   6.2799e+00   1.6100e+02   1.3550e-02   2.6281e-01   1.3577e-02   6.2413e-04   2.6332e-01   1.2105e-02
   6.7405e-01   6.2799e+00   1.5174e+02   1.3226e-02   2.5652e-01   1.4455e-02   8.2747e-04   2.8035e-01   1.6049e-02
   6.7405e-01   6.2799e+00   1.4139e+02   1.2773e-02   2.4774e-01   1.3809e-02   1.0373e-03   2.6783e-01   2.0119e-02
   6.7405e-01   6.2799e+00   1.3521e+02   1.2476e-02   2.4197e-01   1.3027e-02   6.2356e-04   2.5265e-01   1.2094e-02
   6.7405e-01   6.2799e+00   1.2060e+02   1.1737e-02   2.2764e-01   1.3880e-02   1.0377e-03   2.6920e-01   2.0127e-02
   6.7405e-01   6.2799e+00   1.1110e+02   1.1243e-02   2.1807e-01   1.1872e-02   1.0458e-03   2.3026e-01   2.0283e-02
   6.7405e-01   6.2799e+00   1.0229e+02   1.0770e-02   2.0889e-01   1.1636e-02   1.5797e-04   2.2567e-01   3.0638e-03
   6.7405e-01   6.2799e+00   8.5986e+01   9.8068e-03   1.9021e-01   9.8234e-03   1.5927e-04   1.9053e-01   3.0890e-03
   6.7405e-01   6.2799e+00   7.6469e+01   9.1662e-03   1.7778e-01   9.0349e-03   8.3178e-04   1.7523e-01   1.6133e-02
   6.7405e-01   6.2799e+00   6.4521e+01   8.2788e-03   1.6057e-01   7.5966e-03   8.3042e-04   1.4734e-01   1.6106e-02
   6.7405e-01   6.2799e+00   5.2260e+01   7.3145e-03   1.4187e-01   6.8279e-03   1.5932e-04   1.3243e-01   3.0900e-03
   6.7405e-01   6.2799e+00   4.2030e+01   6.5293e-03   1.2664e-01   6.0151e-03   1.5875e-04   1.1666e-01   3.0789e-03
   6.7405e-01   6.2799e+00   3.1654e+01   5.8178e-03   1.1284e-01   5.8259e-03   1.5914e-04   1.1299e-01   3.0866e-03
   6.7405e-01   6.2799e+00   2.5839e+01   5.4800e-03   1.0629e-01   5.0212e-03   1.5910e-04   9.7387e-02   3.0857e-03


   7.5970e-01   6.3655e+00   1.5956e+02   1.4403e-02   2.5906e-01   1.4661e-02   6.2183e-04   2.6371e-01   1.1184e-02
   7.5970e-01   6.3655e+00   1.5119e+02   1.4058e-02   2.5285e-01   1.4259e-02   8.2763e-04   2.5646e-01   1.4886e-02
   7.5970e-01   6.3655e+00   1.4177e+02   1.3593e-02   2.4449e-01   1.3678e-02   1.2492e-03   2.4601e-01   2.2468e-02
   7.5970e-01   6.3655e+00   1.3386e+02   1.3170e-02   2.3687e-01   1.4123e-02   8.2579e-04   2.5402e-01   1.4853e-02
   7.5970e-01   6.3655e+00   1.1924e+02   1.2371e-02   2.2251e-01   1.4769e-02   1.0358e-03   2.6563e-01   1.8629e-02
   7.5970e-01   6.3655e+00   1.0970e+02   1.1848e-02   2.1311e-01   1.3175e-02   1.2512e-03   2.3696e-01   2.2505e-02
   7.5970e-01   6.3655e+00   1.0283e+02   1.1462e-02   2.0616e-01   1.2127e-02   1.4116e-04   2.1811e-01   2.5390e-03
   7.5970e-01   6.3655e+00   8.4413e+01   1.0295e-02   1.8517e-01   1.0280e-02   1.4106e-04   1.8491e-01   2.5371e-03
   7.5970e-01   6.3655e+00   7.6967e+01   9.7394e-03   1.7518e-01   9.5083e-03   1.0356e-03   1.7102e-01   1.8627e-02
   7.5970e-01   6.3655e+00   6.6073e+01   8.8321e-03   1.5886e-01   8.0366e-03   8.2749e-04   1.4455e-01   1.4883e-02
   7.5970e-01   6.3655e+00   5.1505e+01   7.5056e-03   1.3500e-01   7.2552e-03   1.4144e-04   1.3049e-01   2.5440e-03
   7.5970e-01   6.3655e+00   4.3497e+01   6.7785e-03   1.2192e-01   6.4521e-03   8.2927e-04   1.1605e-01   1.4915e-02
   7.5970e-01   6.3655e+00   3.5395e+01   6.0923e-03   1.0958e-01   5.6451e-03   1.4113e-04   1.0153e-01   2.5383e-03
   7.5970e-01   6.3655e+00   2.3687e+01   5.2669e-03   9.4731e-02   4.8437e-03   1.4135e-04   8.7120e-02   2.5424e-03


   8.4278e-01   6.4486e+00   1.6140e+02   1.5233e-02   2.5899e-01   1.4880e-02   5.1455e-04   2.5300e-01   8.7487e-03
   8.4278e-01   6.4486e+00   1.5729e+02   1.5064e-02   2.5612e-01   1.4857e-02   5.1414e-04   2.5261e-01   8.7418e-03
   8.4278e-01   6.4486e+00   1.5314e+02   1.4870e-02   2.5283e-01   1.4502e-02   5.1216e-04   2.4657e-01   8.7081e-03
   8.4278e-01   6.4486e+00   1.4810e+02   1.4609e-02   2.4840e-01   1.4686e-02   3.4193e-04   2.4970e-01   5.8137e-03
   8.4278e-01   6.4486e+00   1.4126e+02   1.4226e-02   2.4189e-01   1.4822e-02   1.0264e-03   2.5201e-01   1.7452e-02
   8.4278e-01   6.4486e+00   1.3602e+02   1.3922e-02   2.3671e-01   1.4987e-02   3.4346e-04   2.5483e-01   5.8398e-03
   8.4278e-01   6.4486e+00   1.3514e+02   1.3870e-02   2.3583e-01   1.4847e-02   6.8633e-04   2.5245e-01   1.1669e-02
   8.4278e-01   6.4486e+00   1.2433e+02   1.3240e-02   2.2511e-01   1.4628e-02   5.1318e-04   2.4871e-01   8.7254e-03
   8.4278e-01   6.4486e+00   1.1970e+02   1.2974e-02   2.2060e-01   1.3310e-02   6.8481e-04   2.2630e-01   1.1644e-02
   8.4278e-01   6.4486e+00   1.1403e+02   1.2653e-02   2.1513e-01   1.3779e-02   3.4263e-04   2.3429e-01   5.8256e-03
   8.4278e-01   6.4486e+00   1.0726e+02   1.2268e-02   2.0859e-01   1.3234e-02   8.5305e-04   2.2501e-01   1.4504e-02
   8.4278e-01   6.4486e+00   1.0232e+02   1.1979e-02   2.0368e-01   1.2573e-02   1.6909e-04   2.1377e-01   2.8750e-03
   8.4278e-01   6.4486e+00   9.2182e+01   1.1339e-02   1.9280e-01   1.1898e-02   6.8463e-04   2.0230e-01   1.1641e-02
   8.4278e-01   6.4486e+00   8.1699e+01   1.0568e-02   1.7969e-01   1.0685e-02   5.1342e-04   1.8168e-01   8.7296e-03
   8.4278e-01   6.4486e+00   7.5250e+01   1.0025e-02   1.7045e-01   1.0696e-02   6.8512e-04   1.8186e-01   1.1649e-02
   8.4278e-01   6.4486e+00   6.9790e+01   9.5226e-03   1.6191e-01   9.3046e-03   5.1259e-04   1.5820e-01   8.7154e-03
   8.4278e-01   6.4486e+00   6.5368e+01   9.0908e-03   1.5457e-01   8.4779e-03   5.1543e-04   1.4415e-01   8.7638e-03
   8.4278e-01   6.4486e+00   5.9777e+01   8.5190e-03   1.4485e-01   8.1098e-03   1.3162e-04   1.3789e-01   2.2380e-03
   8.4278e-01   6.4486e+00   4.7250e+01   7.1915e-03   1.2228e-01   6.7417e-03   5.1471e-04   1.1463e-01   8.7515e-03
   8.4278e-01   6.4486e+00   4.0303e+01   6.4754e-03   1.1010e-01   5.3558e-03   5.1388e-04   9.1064e-02   8.7374e-03
   8.4278e-01   6.4486e+00   3.4462e+01   5.9133e-03   1.0054e-01   5.3459e-03   1.3098e-04   9.0895e-02   2.2270e-03
   8.4278e-01   6.4486e+00   2.9760e+01   5.5003e-03   9.3520e-02   5.0071e-03   5.1510e-04   8.5135e-02   8.7581e-03


   1.0124e+00   6.6182e+00   1.5197e+02   1.6669e-02   2.6167e-01   1.6880e-02   7.1272e-04   2.6499e-01   1.1188e-02
   1.0124e+00   6.6182e+00   1.4698e+02   1.6320e-02   2.5619e-01   1.6365e-02   7.1287e-04   2.5691e-01   1.1191e-02
   1.0124e+00   6.6182e+00   1.3498e+02   1.5423e-02   2.4212e-01   1.6330e-02   7.1068e-04   2.5635e-01   1.1156e-02
   1.0124e+00   6.6182e+00   1.2514e+02   1.4699e-02   2.3074e-01   1.5680e-02   5.3630e-04   2.4615e-01   8.4190e-03
   1.0124e+00   6.6182e+00   1.1298e+02   1.3859e-02   2.1756e-01   1.4553e-02   7.1131e-04   2.2846e-01   1.1166e-02
   1.0124e+00   6.6182e+00   1.0221e+02   1.3127e-02   2.0607e-01   1.4481e-02   3.5520e-04   2.2733e-01   5.5759e-03
   1.0124e+00   6.6182e+00   9.3060e+01   1.2448e-02   1.9541e-01   1.3030e-02   7.0898e-04   2.0455e-01   1.1130e-02
   1.0124e+00   6.6182e+00   8.1465e+01   1.1420e-02   1.7928e-01   1.1815e-02   3.5564e-04   1.8548e-01   5.5829e-03
   1.0124e+00   6.6182e+00   7.0556e+01   1.0228e-02   1.6056e-01   1.1016e-02   3.5651e-04   1.7294e-01   5.5965e-03
   1.0124e+00   6.6182e+00   5.8186e+01   8.6370e-03   1.3558e-01   8.8375e-03   5.3337e-04   1.3873e-01   8.3729e-03
   1.0124e+00   6.6182e+00   4.7815e+01   7.2096e-03   1.1318e-01   6.8687e-03   3.5538e-04   1.0783e-01   5.5788e-03
   1.0124e+00   6.6182e+00   3.4886e+01   5.5200e-03   8.6654e-02   5.0864e-03   1.2120e-04   7.9848e-02   1.9026e-03
   1.0124e+00   6.6182e+00   3.0129e+01   4.9723e-03   7.8056e-02   4.5534e-03   1.2067e-04   7.1480e-02   1.8943e-03


   1.0980e+00   6.7038e+00   1.5220e+02   1.8370e-02   2.8044e-01   1.8341e-02   5.2346e-04   2.8000e-01   7.9915e-03
   1.0980e+00   6.7038e+00   1.4724e+02   1.7941e-02   2.7389e-01   1.8184e-02   5.2472e-04   2.7761e-01   8.0107e-03
   1.0980e+00   6.7038e+00   1.3531e+02   1.6832e-02   2.5696e-01   1.6946e-02   5.2519e-04   2.5871e-01   8.0180e-03
   1.0980e+00   6.7038e+00   1.2460e+02   1.5846e-02   2.4192e-01   1.6550e-02   6.9734e-04   2.5266e-01   1.0646e-02
   1.0980e+00   6.7038e+00   1.1338e+02   1.4881e-02   2.2719e-01   1.6118e-02   5.2602e-04   2.4606e-01   8.0306e-03
   1.0980e+00   6.7038e+00   1.0262e+02   1.3987e-02   2.1353e-01   1.4785e-02   5.2285e-04   2.2572e-01   7.9821e-03
   1.0980e+00   6.7038e+00   9.2423e+01   1.3085e-02   1.9976e-01   1.4810e-02   5.2518e-04   2.2609e-01   8.0178e-03
   1.0980e+00   6.7038e+00   8.1846e+01   1.1998e-02   1.8317e-01   1.2493e-02   5.2287e-04   1.9073e-01   7.9825e-03
   1.0980e+00   6.7038e+00   7.2015e+01   1.0801e-02   1.6489e-01   1.1866e-02   3.5054e-04   1.8116e-01   5.3516e-03
   1.0980e+00   6.7038e+00   5.9633e+01   9.0553e-03   1.3824e-01   9.5410e-03   3.4861e-04   1.4566e-01   5.3222e-03
   1.0980e+00   6.7038e+00   4.8072e+01   7.3117e-03   1.1162e-01   7.0958e-03   3.4897e-04   1.0833e-01   5.3277e-03
   1.0980e+00   6.7038e+00   3.6271e+01   5.6226e-03   8.5838e-02   5.3456e-03   1.2014e-04   8.1610e-02   1.8341e-03
   1.0980e+00   6.7038e+00   3.0297e+01   4.8713e-03   7.4368e-02   4.2986e-03   1.2007e-04   6.5625e-02   1.8330e-03


   1.1837e+00   6.7895e+00   1.5241e+02   2.1099e-02   3.1513e-01   1.9981e-02   5.1683e-04   2.9844e-01   7.7193e-03
   1.1837e+00   6.7895e+00   1.4749e+02   2.0541e-02   3.0680e-01   1.9906e-02   5.1835e-04   2.9731e-01   7.7420e-03
   1.1837e+00   6.7895e+00   1.3562e+02   1.9075e-02   2.8491e-01   1.9114e-02   5.1752e-04   2.8549e-01   7.7297e-03
   1.1837e+00   6.7895e+00   1.2404e+02   1.7635e-02   2.6340e-01   1.8506e-02   6.9111e-04   2.7640e-01   1.0322e-02
   1.1837e+00   6.7895e+00   1.1376e+02   1.6432e-02   2.4543e-01   1.6657e-02   5.1921e-04   2.4878e-01   7.7548e-03
   1.1837e+00   6.7895e+00   1.1184e+02   1.6216e-02   2.4220e-01   1.6094e-02   5.8470e-04   2.4038e-01   8.7330e-03
   1.1837e+00   6.7895e+00   9.2798e+01   1.4099e-02   2.1058e-01   1.4583e-02   6.9109e-04   2.1780e-01   1.0322e-02
   1.1837e+00   6.7895e+00   7.2346e+01   1.1469e-02   1.7129e-01   1.2374e-02   3.4581e-04   1.8482e-01   5.1649e-03
   1.1837e+00   6.7895e+00   5.9922e+01   9.5931e-03   1.4328e-01   1.0253e-02   3.4487e-04   1.5314e-01   5.1509e-03
   1.1837e+00   6.7895e+00   4.8313e+01   7.7811e-03   1.1622e-01   8.1876e-03   3.4515e-04   1.2229e-01   5.1552e-03
   1.1837e+00   6.7895e+00   3.6458e+01   6.0708e-03   9.0673e-02   6.4553e-03   1.1763e-04   9.6416e-02   1.7568e-03
   1.1837e+00   6.7895e+00   3.1659e+01   5.4653e-03   8.1629e-02   5.0791e-03   1.1699e-04   7.5860e-02   1.7474e-03


   1.2684e+00   6.8742e+00   1.5743e+02   2.5969e-02   3.8133e-01   2.3162e-02   6.4203e-04   3.4011e-01   9.4275e-03
   1.2684e+00   6.8742e+00   1.4523e+02   2.4141e-02   3.5448e-01   2.1962e-02   6.3821e-04   3.2249e-01   9.3715e-03
   1.2684e+00   6.8742e+00   1.3417e+02   2.2215e-02   3.2620e-01   2.0969e-02   6.4111e-04   3.0791e-01   9.4140e-03
   1.2684e+00   6.8742e+00   1.2345e+02   2.0325e-02   2.9845e-01   2.0054e-02   4.7943e-04   2.9448e-01   7.0399e-03
   1.2684e+00   6.8742e+00   1.1219e+02   1.8452e-02   2.7095e-01   1.9307e-02   4.8126e-04   2.8350e-01   7.0667e-03
   1.2684e+00   6.8742e+00   1.0435e+02   1.7238e-02   2.5312e-01   1.5539e-02   4.8077e-04   2.2817e-01   7.0596e-03
   1.2684e+00   6.8742e+00   9.3148e+01   1.5590e-02   2.2892e-01   1.5417e-02   4.7830e-04   2.2638e-01   7.0233e-03
   1.2684e+00   6.8742e+00   9.1058e+01   1.5288e-02   2.2448e-01   1.4935e-02   4.7912e-04   2.1931e-01   7.0354e-03
   1.2684e+00   6.8742e+00   8.0366e+01   1.3737e-02   2.0171e-01   1.4171e-02   6.3770e-04   2.0809e-01   9.3640e-03
   1.2684e+00   6.8742e+00   7.1539e+01   1.2431e-02   1.8253e-01   1.3502e-02   3.1923e-04   1.9826e-01   4.6876e-03
   1.2684e+00   6.8742e+00   5.9039e+01   1.0564e-02   1.5512e-01   1.1827e-02   3.2158e-04   1.7367e-01   4.7221e-03
   1.2684e+00   6.8742e+00   4.8538e+01   9.0671e-03   1.3314e-01   9.9765e-03   1.2494e-04   1.4649e-01   1.8346e-03
   1.2684e+00   6.8742e+00   3.6632e+01   7.5905e-03   1.1146e-01   7.5890e-03   1.2425e-04   1.1144e-01   1.8245e-03
   1.2684e+00   6.8742e+00   2.3313e+01   6.3696e-03   9.3531e-02   6.1404e-03   1.2454e-04   9.0165e-02   1.8287e-03


   1.3541e+00   6.9599e+00   1.5759e+02   3.2138e-02   4.6564e-01   2.9059e-02   6.7525e-04   4.2103e-01   9.7836e-03
   1.3541e+00   6.9599e+00   1.4547e+02   2.9635e-02   4.2937e-01   2.7752e-02   8.4026e-04   4.0209e-01   1.2174e-02
   1.3541e+00   6.9599e+00   1.3445e+02   2.6941e-02   3.9035e-01   2.5878e-02   5.0699e-04   3.7494e-01   7.3457e-03
   1.3541e+00   6.9599e+00   1.2285e+02   2.4025e-02   3.4810e-01   2.4287e-02   6.7782e-04   3.5190e-01   9.8209e-03
   1.3541e+00   6.9599e+00   1.1252e+02   2.1579e-02   3.1265e-01   2.2564e-02   5.0770e-04   3.2693e-01   7.3560e-03
   1.3541e+00   6.9599e+00   9.4522e+01   1.7927e-02   2.5974e-01   1.9871e-02   5.0919e-04   2.8791e-01   7.3776e-03
   1.3541e+00   6.9599e+00   9.1389e+01   1.7373e-02   2.5172e-01   1.8784e-02   3.3811e-04   2.7216e-01   4.8988e-03
   1.3541e+00   6.9599e+00   8.0680e+01   1.5641e-02   2.2662e-01   1.6139e-02   6.7357e-04   2.3383e-01   9.7593e-03
   1.3541e+00   6.9599e+00   7.1831e+01   1.4382e-02   2.0838e-01   1.5871e-02   5.0576e-04   2.2996e-01   7.3279e-03
   1.3541e+00   6.9599e+00   6.0449e+01   1.2988e-02   1.8818e-01   1.3793e-02   1.6969e-04   1.9985e-01   2.4586e-03
   1.3541e+00   6.9599e+00   4.8753e+01   1.1856e-02   1.7178e-01   1.2502e-02   3.3745e-04   1.8113e-01   4.8893e-03
   1.3541e+00   6.9599e+00   3.6798e+01   1.1053e-02   1.6014e-01   1.1254e-02   3.3851e-04   1.6305e-01   4.9046e-03
   1.3541e+00   6.9599e+00   2.3420e+01   1.0557e-02   1.5295e-01   1.0097e-02   1.3056e-04   1.4629e-01   1.8917e-03


   1.4397e+00   7.0455e+00   1.5617e+02   3.8050e-02   5.4568e-01   3.6742e-02   7.2577e-04   5.2692e-01   1.0408e-02
   1.4397e+00   7.0455e+00   1.4651e+02   3.5459e-02   5.0852e-01   3.4129e-02   7.2709e-04   4.8944e-01   1.0427e-02
   1.4397e+00   7.0455e+00   1.3472e+02   3.1736e-02   4.5513e-01   3.1863e-02   5.4512e-04   4.5695e-01   7.8176e-03
   1.4397e+00   7.0455e+00   1.2315e+02   2.7953e-02   4.0087e-01   2.8829e-02   7.2850e-04   4.1344e-01   1.0447e-02
   1.4397e+00   7.0455e+00   1.1284e+02   2.4810e-02   3.5580e-01   2.6522e-02   7.2660e-04   3.8035e-01   1.0420e-02
   1.4397e+00   7.0455e+00   1.0402e+02   2.2455e-02   3.2203e-01   2.2625e-02   5.4533e-04   3.2447e-01   7.8206e-03
   1.4397e+00   7.0455e+00   9.4840e+01   2.0409e-02   2.9269e-01   2.2284e-02   5.4503e-04   3.1958e-01   7.8163e-03
   1.4397e+00   7.0455e+00   8.9591e+01   1.9434e-02   2.7870e-01   2.1506e-02   5.4473e-04   3.0842e-01   7.8120e-03
   1.4397e+00   7.0455e+00   7.8782e+01   1.7865e-02   2.5620e-01   1.8212e-02   5.4397e-04   2.6118e-01   7.8012e-03
   1.4397e+00   7.0455e+00   7.2107e+01   1.7181e-02   2.4640e-01   1.8459e-02   7.2356e-04   2.6473e-01   1.0377e-02
   1.4397e+00   7.0455e+00   6.0692e+01   1.6486e-02   2.3643e-01   1.7394e-02   3.6282e-04   2.4945e-01   5.2033e-03
   1.4397e+00   7.0455e+00   4.8956e+01   1.6339e-02   2.3432e-01   1.7063e-02   3.6348e-04   2.4471e-01   5.2127e-03
   1.4397e+00   7.0455e+00   3.5743e+01   1.6713e-02   2.3969e-01   1.6460e-02   1.8096e-04   2.3605e-01   2.5952e-03
   1.4397e+00   7.0455e+00   2.4751e+01   1.7255e-02   2.4746e-01   1.6938e-02   5.4464e-04   2.4291e-01   7.8107e-03


   1.5245e+00   7.1303e+00   1.5789e+02   4.0607e-02   5.7793e-01   3.9940e-02   9.8618e-04   5.6844e-01   1.4036e-02
   1.5245e+00   7.1303e+00   1.4507e+02   3.6870e-02   5.2474e-01   3.7101e-02   7.8923e-04   5.2803e-01   1.1233e-02
   1.5245e+00   7.1303e+00   1.3411e+02   3.3081e-02   4.7082e-01   3.3695e-02   7.9234e-04   4.7955e-01   1.1277e-02
   1.5245e+00   7.1303e+00   1.2160e+02   2.8748e-02   4.0915e-01   3.0487e-02   7.8757e-04   4.3389e-01   1.1209e-02
   1.5245e+00   7.1303e+00   1.1218e+02   2.5831e-02   3.6764e-01   2.7890e-02   5.9432e-04   3.9694e-01   8.4586e-03
   1.5245e+00   7.1303e+00   9.5138e+01   2.1907e-02   3.1178e-01   2.2989e-02   5.9400e-04   3.2718e-01   8.4540e-03
   1.5245e+00   7.1303e+00   8.9884e+01   2.1099e-02   3.0029e-01   2.2033e-02   3.9550e-04   3.1358e-01   5.6288e-03
   1.5245e+00   7.1303e+00   7.2367e+01   1.9756e-02   2.8117e-01   1.9928e-02   3.9373e-04   2.8362e-01   5.6036e-03
   1.5245e+00   7.1303e+00   6.0920e+01   1.9893e-02   2.8312e-01   1.9655e-02   3.9422e-04   2.7973e-01   5.6107e-03
   1.5245e+00   7.1303e+00   4.9147e+01   2.0714e-02   2.9481e-01   2.0177e-02   3.9501e-04   2.8717e-01   5.6218e-03
   1.5245e+00   7.1303e+00   3.7103e+01   2.2041e-02   3.1369e-01   2.1538e-02   5.8999e-04   3.0653e-01   8.3969e-03
   1.5245e+00   7.1303e+00   2.4852e+01   2.3529e-02   3.3488e-01   2.2528e-02   5.9284e-04   3.2062e-01   8.4375e-03


   1.6102e+00   7.2160e+00   1.5568e+02   3.6543e-02   5.1720e-01   3.8308e-02   7.0764e-04   5.4219e-01   1.0015e-02
   1.6102e+00   7.2160e+00   1.4280e+02   3.2980e-02   4.6678e-01   3.4650e-02   9.4566e-04   4.9042e-01   1.3384e-02
   1.6102e+00   7.2160e+00   1.3087e+02   2.9323e-02   4.1502e-01   3.2103e-02   7.0885e-04   4.5436e-01   1.0033e-02
   1.6102e+00   7.2160e+00   1.2096e+02   2.6482e-02   3.7480e-01   2.8957e-02   4.7153e-04   4.0984e-01   6.6738e-03
   1.6102e+00   7.2160e+00   1.0759e+02   2.3423e-02   3.3152e-01   2.6517e-02   4.7179e-04   3.7530e-01   6.6774e-03
   1.6102e+00   7.2160e+00   1.0260e+02   2.2576e-02   3.1952e-01   2.5337e-02   7.1239e-04   3.5860e-01   1.0083e-02
   1.6102e+00   7.2160e+00   9.2283e+01   2.1357e-02   3.0227e-01   2.2584e-02   7.1063e-04   3.1963e-01   1.0058e-02
   1.6102e+00   7.2160e+00   8.5879e+01   2.0947e-02   2.9647e-01   2.1608e-02   7.0690e-04   3.0582e-01   1.0005e-02
   1.6102e+00   7.2160e+00   7.7102e+01   2.0772e-02   2.9400e-01   2.0405e-02   4.7120e-04   2.8880e-01   6.6691e-03
   1.6102e+00   7.2160e+00   7.0350e+01   2.0910e-02   2.9594e-01   2.0162e-02   7.1015e-04   2.8535e-01   1.0051e-02
   1.6102e+00   7.2160e+00   5.8803e+01   2.1613e-02   3.0590e-01   1.9953e-02   2.3679e-04   2.8240e-01   3.3513e-03
   1.6102e+00   7.2160e+00   4.6933e+01   2.2835e-02   3.2319e-01   2.1383e-02   4.7316e-04   3.0264e-01   6.6968e-03
   1.6102e+00   7.2160e+00   3.6023e+01   2.4235e-02   3.4301e-01   2.3180e-02   7.0853e-04   3.2808e-01   1.0028e-02
   1.6102e+00   7.2160e+00   2.3710e+01   2.5825e-02   3.6550e-01   2.6585e-02   9.4690e-04   3.7627e-01   1.3402e-02


   1.7035e+00   7.3093e+00   1.5506e+02   3.0136e-02   4.2480e-01   3.2794e-02   4.4398e-04   4.6227e-01   6.2584e-03
   1.7035e+00   7.3093e+00   1.4467e+02   2.7869e-02   3.9286e-01   2.9263e-02   6.6655e-04   4.1251e-01   9.3960e-03
   1.7035e+00   7.3093e+00   1.4302e+02   2.7489e-02   3.8749e-01   2.9527e-02   8.8351e-04   4.1622e-01   1.2454e-02
   1.7035e+00   7.3093e+00   1.3288e+02   2.5161e-02   3.5467e-01   2.7245e-02   6.6136e-04   3.8405e-01   9.3227e-03
   1.7035e+00   7.3093e+00   1.1939e+02   2.2543e-02   3.1778e-01   2.4915e-02   4.4010e-04   3.5121e-01   6.2038e-03
   1.7035e+00   7.3093e+00   1.0985e+02   2.1270e-02   2.9983e-01   2.4018e-02   4.4392e-04   3.3856e-01   6.2576e-03
   1.7035e+00   7.3093e+00   1.0591e+02   2.0901e-02   2.9463e-01   2.2179e-02   1.1170e-03   3.1265e-01   1.5745e-02
   1.7035e+00   7.3093e+00   9.3630e+01   2.0295e-02   2.8608e-01   2.1021e-02   6.6353e-04   2.9632e-01   9.3534e-03
   1.7035e+00   7.3093e+00   8.9391e+01   2.0246e-02   2.8539e-01   2.0849e-02   6.6276e-04   2.9390e-01   9.3424e-03
   1.7035e+00   7.3093e+00   8.8320e+01   2.0244e-02   2.8536e-01   1.9575e-02   1.2854e-04   2.7594e-01   1.8119e-03
   1.7035e+00   7.3093e+00   7.7371e+01   2.0419e-02   2.8783e-01   1.9040e-02   6.6071e-04   2.6839e-01   9.3136e-03
   1.7035e+00   7.3093e+00   7.1741e+01   2.0613e-02   2.9057e-01   1.8816e-02   8.8496e-04   2.6524e-01   1.2475e-02
   1.7035e+00   7.3093e+00   6.1368e+01   2.1102e-02   2.9746e-01   1.8367e-02   6.6168e-04   2.5891e-01   9.3273e-03
   1.7035e+00   7.3093e+00   4.8319e+01   2.1928e-02   3.0910e-01   1.9694e-02   8.8304e-04   2.7762e-01   1.2448e-02
   1.7035e+00   7.3093e+00   3.6166e+01   2.2881e-02   3.2254e-01   2.1687e-02   8.8182e-04   3.0571e-01   1.2430e-02
   1.7035e+00   7.3093e+00   2.3805e+01   2.3897e-02   3.3686e-01   2.4364e-02   1.1093e-03   3.4344e-01   1.5636e-02


   1.7798e+00   7.3856e+00   1.5440e+02   2.5529e-02   3.5916e-01   2.9275e-02   9.5276e-04   4.1185e-01   1.3404e-02
   1.7798e+00   7.3856e+00   1.4320e+02   2.3534e-02   3.3109e-01   2.6426e-02   7.1519e-04   3.7177e-01   1.0062e-02
   1.7798e+00   7.3856e+00   1.3134e+02   2.1507e-02   3.0257e-01   2.5718e-02   7.1534e-04   3.6181e-01   1.0064e-02
   1.7798e+00   7.3856e+00   1.1962e+02   2.0045e-02   2.8200e-01   2.3407e-02   7.1373e-04   3.2931e-01   1.0041e-02
   1.7798e+00   7.3856e+00   1.0812e+02   1.9344e-02   2.7214e-01   2.2426e-02   7.1558e-04   3.1550e-01   1.0067e-02
   1.7798e+00   7.3856e+00   1.0314e+02   1.9255e-02   2.7089e-01   1.9594e-02   1.1822e-03   2.7566e-01   1.6632e-02
   1.7798e+00   7.3856e+00   9.1748e+01   1.9400e-02   2.7292e-01   1.9188e-02   7.1291e-04   2.6995e-01   1.0030e-02
   1.7798e+00   7.3856e+00   8.6387e+01   1.9566e-02   2.7526e-01   1.8508e-02   4.7753e-04   2.6038e-01   6.7181e-03
   1.7798e+00   7.3856e+00   7.7581e+01   1.9869e-02   2.7952e-01   1.7984e-02   4.7605e-04   2.5301e-01   6.6973e-03
   1.7798e+00   7.3856e+00   7.3077e+01   2.0012e-02   2.8153e-01   1.7820e-02   7.1279e-04   2.5070e-01   1.0028e-02
   1.7798e+00   7.3856e+00   6.0372e+01   2.0320e-02   2.8587e-01   1.8042e-02   4.7716e-04   2.5382e-01   6.7130e-03
   1.7798e+00   7.3856e+00   4.8463e+01   2.0540e-02   2.8897e-01   1.9709e-02   4.7481e-04   2.7728e-01   6.6799e-03
   1.7798e+00   7.3856e+00   3.5045e+01   2.0868e-02   2.9359e-01   2.1097e-02   4.7627e-04   2.9680e-01   6.7004e-03
   1.7798e+00   7.3856e+00   2.2631e+01   2.1283e-02   2.9941e-01   2.3437e-02   7.1137e-04   3.2973e-01   1.0008e-02


   1.8646e+00   7.4704e+00   1.4983e+02   2.1109e-02   2.9667e-01   2.4153e-02   1.0700e-03   3.3945e-01   1.5038e-02
   1.8646e+00   7.4704e+00   1.4420e+02   2.0304e-02   2.8536e-01   2.3898e-02   6.4571e-04   3.3587e-01   9.0750e-03
   1.8646e+00   7.4704e+00   1.3068e+02   1.8651e-02   2.6213e-01   2.2115e-02   6.4135e-04   3.1082e-01   9.0137e-03
   1.8646e+00   7.4704e+00   1.2078e+02   1.7971e-02   2.5256e-01   2.0685e-02   6.4413e-04   2.9071e-01   9.0527e-03
   1.8646e+00   7.4704e+00   1.0936e+02   1.7871e-02   2.5116e-01   2.0360e-02   6.4634e-04   2.8614e-01   9.0838e-03
   1.8646e+00   7.4704e+00   1.0639e+02   1.7950e-02   2.5228e-01   1.9150e-02   8.6490e-04   2.6914e-01   1.2156e-02
   1.8646e+00   7.4704e+00   9.4106e+01   1.8555e-02   2.6078e-01   1.8781e-02   6.4193e-04   2.6396e-01   9.0218e-03
   1.8646e+00   7.4704e+00   8.6624e+01   1.8981e-02   2.6676e-01   1.7903e-02   6.4108e-04   2.5161e-01   9.0099e-03
   1.8646e+00   7.4704e+00   7.6682e+01   1.9391e-02   2.7253e-01   1.6971e-02   6.4223e-04   2.3852e-01   9.0260e-03
   1.8646e+00   7.4704e+00   7.2153e+01   1.9480e-02   2.7378e-01   1.5741e-02   4.2726e-04   2.2123e-01   6.0048e-03
   1.8646e+00   7.4704e+00   6.0558e+01   1.9410e-02   2.7279e-01   1.6764e-02   8.5476e-04   2.3561e-01   1.2013e-02
   1.8646e+00   7.4704e+00   4.8617e+01   1.9035e-02   2.6753e-01   1.7882e-02   6.4041e-04   2.5131e-01   9.0005e-03
   1.8646e+00   7.4704e+00   3.7628e+01   1.8666e-02   2.6234e-01   1.9629e-02   6.4367e-04   2.7587e-01   9.0463e-03
   1.8646e+00   7.4704e+00   3.0199e+01   1.8497e-02   2.5996e-01   2.0266e-02   6.4208e-04   2.8482e-01   9.0240e-03


   9.0359e-02   5.6962e+00   5.5000e+01   3.5343e-03   3.0844e+00   4.0600e-03   1.7800e-04   3.5432e+00   1.5534e-01
   9.8924e-02   5.7047e+00   5.5000e+01   4.8296e-03   3.0739e+00   5.2200e-03   2.7700e-04   3.3224e+00   1.7630e-01
   1.0800e-01   5.7138e+00   5.5000e+01   6.4228e-03   3.0624e+00   6.4700e-03   2.1600e-04   3.0849e+00   1.0299e-01
   1.1742e-01   5.7232e+00   5.5000e+01   8.2969e-03   3.0500e+00   8.6700e-03   2.2400e-04   3.1871e+00   8.2343e-02
   1.2727e-01   5.7331e+00   5.5000e+01   1.0471e-02   3.0365e+00   1.0900e-02   3.2000e-04   3.1608e+00   9.2795e-02
   1.3755e-01   5.7434e+00   5.5000e+01   1.2944e-02   3.0221e+00   1.3100e-02   3.5300e-04   3.0584e+00   8.2414e-02
   1.5931e-01   5.7651e+00   5.5000e+01   1.8722e-02   2.9903e+00   1.8800e-02   4.5000e-04   3.0028e+00   7.1876e-02
   1.8269e-01   5.7885e+00   5.5000e+01   2.5486e-02   2.9548e+00   2.5100e-02   6.1900e-04   2.9100e+00   7.1765e-02
   2.0753e-01   5.8133e+00   5.5000e+01   3.2984e-02   2.9163e+00   3.2400e-02   9.2600e-04   2.8647e+00   8.1873e-02
   2.3399e-01   5.8398e+00   5.5000e+01   4.1036e-02   2.8751e+00   3.9700e-02   1.0200e-03   2.7815e+00   7.1465e-02
   2.6183e-01   5.8676e+00   5.5000e+01   4.9335e-02   2.8323e+00   4.7100e-02   1.4200e-03   2.7040e+00   8.1521e-02
   2.9120e-01   5.8970e+00   5.5000e+01   5.7727e-02   2.7882e+00   5.5500e-02   2.5300e-03   2.6806e+00   1.2220e-01
   3.2204e-01   5.9278e+00   5.5000e+01   6.6009e-02   2.7436e+00   6.0500e-02   1.7200e-03   2.5146e+00   7.1490e-02
   3.5441e-01   5.9602e+00   5.5000e+01   7.4062e-02   2.6990e+00   6.7800e-02   1.6800e-03   2.4708e+00   6.1222e-02
   3.8824e-01   5.9940e+00   5.5000e+01   8.1757e-02   2.6550e+00   7.8300e-02   2.8200e-03   2.5427e+00   9.1576e-02
   4.2353e-01   6.0293e+00   5.5000e+01   8.9019e-02   2.6120e+00   8.3100e-02   3.8100e-03   2.4383e+00   1.1179e-01
   4.6027e-01   6.0661e+00   5.5000e+01   9.5800e-02   2.5703e+00   8.5500e-02   3.4100e-03   2.2940e+00   9.1491e-02
   4.9856e-01   6.1044e+00   5.5000e+01   1.0209e-01   2.5301e+00   9.3700e-02   3.2800e-03   2.3223e+00   8.1293e-02
   5.3821e-01   6.1440e+00   5.5000e+01   1.0784e-01   2.4917e+00   9.5700e-02   5.2700e-03   2.2112e+00   1.2177e-01
   5.7950e-01   6.1853e+00   5.5000e+01   1.1309e-01   2.4548e+00   1.0200e-01   6.0700e-03   2.2141e+00   1.3176e-01


   1.0706e-01   5.7129e+00   1.4139e+02   5.0445e-04   2.4737e-01   5.2633e-04   7.5596e-05   2.5810e-01   3.7070e-02
   1.0706e-01   5.7129e+00   1.2464e+02   5.0445e-04   2.4737e-01   5.2654e-04   7.5612e-05   2.5821e-01   3.7078e-02
   1.0706e-01   5.7129e+00   1.0960e+02   5.0371e-04   2.4701e-01   5.1676e-04   7.0660e-05   2.5341e-01   3.4650e-02
   1.0706e-01   5.7129e+00   6.5017e+01   4.9356e-04   2.4203e-01   4.8962e-04   7.0618e-05   2.4010e-01   3.4630e-02
   1.0706e-01   5.7129e+00   5.0500e+01   4.8810e-04   2.3935e-01   5.1209e-04   6.5840e-05   2.5112e-01   3.2287e-02
   1.0706e-01   5.7129e+00   3.7710e+01   4.8338e-04   2.3704e-01   4.7928e-04   7.0773e-05   2.3503e-01   3.4705e-02


   1.9271e-01   5.7985e+00   1.4113e+02   2.4913e-03   2.5704e-01   2.3667e-03   2.6888e-04   2.4418e-01   2.7741e-02
   1.9271e-01   5.7985e+00   1.2301e+02   2.4360e-03   2.5133e-01   2.4121e-03   2.9182e-04   2.4887e-01   3.0109e-02
   1.9271e-01   5.7985e+00   1.0942e+02   2.3838e-03   2.4594e-01   2.5371e-03   2.9065e-04   2.6176e-01   2.9988e-02
   1.9271e-01   5.7985e+00   1.0245e+02   2.3533e-03   2.4280e-01   2.3929e-03   2.9070e-04   2.4689e-01   2.9993e-02
   1.9271e-01   5.7985e+00   6.8366e+01   2.1706e-03   2.2396e-01   1.9699e-03   2.4650e-04   2.0324e-01   2.5433e-02
   1.9271e-01   5.7985e+00   6.2275e+01   2.1342e-03   2.2019e-01   2.3383e-03   2.4647e-04   2.4126e-01   2.5430e-02
   1.9271e-01   5.7985e+00   5.0268e+01   2.0632e-03   2.1287e-01   2.2685e-03   2.6977e-04   2.3405e-01   2.7833e-02
   1.9271e-01   5.7985e+00   3.3435e+01   1.9750e-03   2.0377e-01   2.0571e-03   2.4725e-04   2.1224e-01   2.5510e-02


   2.7836e-01   5.8842e+00   1.2323e+02   4.8209e-03   2.5011e-01   4.5883e-03   6.0043e-04   2.3804e-01   3.1150e-02
   2.7836e-01   5.8842e+00   1.0835e+02   4.6325e-03   2.4033e-01   5.0755e-03   5.9684e-04   2.6332e-01   3.0964e-02
   2.7836e-01   5.8842e+00   1.0266e+02   4.5533e-03   2.3622e-01   4.7697e-03   5.1366e-04   2.4745e-01   2.6649e-02
   2.7836e-01   5.8842e+00   6.8611e+01   4.0051e-03   2.0778e-01   3.9087e-03   4.6904e-04   2.0278e-01   2.4334e-02
   2.7836e-01   5.8842e+00   6.2457e+01   3.8975e-03   2.0220e-01   3.6529e-03   4.7135e-04   1.8951e-01   2.4453e-02
   2.7836e-01   5.8842e+00   4.9000e+01   3.6673e-03   1.9026e-01   3.7401e-03   3.4190e-04   1.9404e-01   1.7738e-02
   2.7836e-01   5.8842e+00   3.3882e+01   3.4399e-03   1.7846e-01   3.5662e-03   3.4200e-04   1.8501e-01   1.7743e-02


   3.4259e-01   5.9484e+00   1.3700e+02   6.7433e-03   2.5713e-01   7.0962e-03   5.7943e-04   2.7059e-01   2.2095e-02
   3.4259e-01   5.9484e+00   1.1866e+02   6.4011e-03   2.4408e-01   7.4163e-03   5.7922e-04   2.8280e-01   2.2086e-02
   3.4259e-01   5.9484e+00   1.0660e+02   6.1433e-03   2.3425e-01   7.2861e-03   6.4454e-04   2.7783e-01   2.4577e-02
   3.4259e-01   5.9484e+00   9.6594e+01   5.9109e-03   2.2539e-01   7.1518e-03   5.7682e-04   2.7271e-01   2.1995e-02
   3.4259e-01   5.9484e+00   6.6466e+01   5.1176e-03   1.9514e-01   5.0638e-03   3.8626e-04   1.9309e-01   1.4729e-02
   3.4259e-01   5.9484e+00   6.1538e+01   4.9803e-03   1.8991e-01   5.0633e-03   5.1617e-04   1.9307e-01   1.9682e-02
   3.4259e-01   5.9484e+00   4.7733e+01   4.6059e-03   1.7563e-01   4.3041e-03   3.2280e-04   1.6412e-01   1.2309e-02
   3.4259e-01   5.9484e+00   3.1892e+01   4.2344e-03   1.6146e-01   3.5946e-03   2.5836e-04   1.3707e-01   9.8518e-03


   4.2824e-01   6.0340e+00   1.3941e+02   8.8504e-03   2.5651e-01   8.6051e-03   6.3498e-04   2.4940e-01   1.8404e-02
   4.2824e-01   6.0340e+00   1.2215e+02   8.3627e-03   2.4237e-01   8.1734e-03   5.6474e-04   2.3689e-01   1.6368e-02
   4.2824e-01   6.0340e+00   1.0770e+02   7.9016e-03   2.2901e-01   7.8836e-03   4.9430e-04   2.2849e-01   1.4326e-02
   4.2824e-01   6.0340e+00   1.0101e+02   7.6732e-03   2.2239e-01   7.8395e-03   5.6475e-04   2.2721e-01   1.6368e-02
   4.2824e-01   6.0340e+00   6.7710e+01   6.3849e-03   1.8505e-01   6.7669e-03   4.2293e-04   1.9612e-01   1.2258e-02
   4.2824e-01   6.0340e+00   6.1776e+01   6.1363e-03   1.7785e-01   6.1682e-03   3.5292e-04   1.7877e-01   1.0229e-02
   4.2824e-01   6.0340e+00   4.9945e+01   5.6475e-03   1.6368e-01   5.6017e-03   2.8222e-04   1.6235e-01   8.1796e-03
   4.2824e-01   6.0340e+00   3.5435e+01   5.1072e-03   1.4802e-01   5.3856e-03   3.5218e-04   1.5609e-01   1.0207e-02


   5.1389e-01   6.1197e+00   1.4233e+02   1.0614e-02   2.5568e-01   1.1850e-02   8.1127e-04   2.8545e-01   1.9543e-02
   5.1389e-01   6.1197e+00   1.2560e+02   1.0003e-02   2.4096e-01   1.1831e-02   8.1048e-04   2.8501e-01   1.9524e-02
   5.1389e-01   6.1197e+00   1.0958e+02   9.3510e-03   2.2527e-01   1.1099e-02   7.1940e-04   2.6737e-01   1.7330e-02
   5.1389e-01   6.1197e+00   1.0292e+02   9.0635e-03   2.1834e-01   9.8085e-03   7.2059e-04   2.3629e-01   1.7359e-02
   5.1389e-01   6.1197e+00   6.8659e+01   7.3699e-03   1.7754e-01   6.8606e-03   4.5058e-04   1.6527e-01   1.0854e-02
   5.1389e-01   6.1197e+00   6.2692e+01   7.0416e-03   1.6963e-01   6.8663e-03   6.3100e-04   1.6541e-01   1.5201e-02
   5.1389e-01   6.1197e+00   5.1001e+01   6.3987e-03   1.5414e-01   5.9537e-03   2.7028e-04   1.4342e-01   6.5110e-03
   5.1389e-01   6.1197e+00   3.8641e+01   5.7655e-03   1.3889e-01   5.1399e-03   4.4937e-04   1.2382e-01   1.0825e-02


   5.9954e-01   6.2053e+00   1.4067e+02   1.1860e-02   2.5057e-01   1.1994e-02   8.8436e-04   2.5340e-01   1.8684e-02
   5.9954e-01   6.2053e+00   1.2302e+02   1.1071e-02   2.3389e-01   1.2445e-02   7.8616e-04   2.6291e-01   1.6609e-02
   5.9954e-01   6.2053e+00   1.0847e+02   1.0372e-02   2.1913e-01   1.2138e-02   7.8625e-04   2.5644e-01   1.6611e-02
   5.9954e-01   6.2053e+00   1.0048e+02   9.9691e-03   2.1061e-01   1.1143e-02   5.8941e-04   2.3540e-01   1.2452e-02
   5.9954e-01   6.2053e+00   6.9221e+01   8.1321e-03   1.7180e-01   7.4648e-03   2.7344e-04   1.5771e-01   5.7770e-03
   5.9954e-01   6.2053e+00   6.2011e+01   7.6489e-03   1.6160e-01   6.8651e-03   3.9266e-04   1.4504e-01   8.2955e-03
   5.9954e-01   6.2053e+00   4.8753e+01   6.7519e-03   1.4265e-01   7.2764e-03   3.9218e-04   1.5373e-01   8.2855e-03
   5.9954e-01   6.2053e+00   3.5676e+01   5.9370e-03   1.2543e-01   6.2258e-03   2.9412e-04   1.3153e-01   6.2138e-03


   1.1991e-01   5.7257e+00   5.5000e+01   8.8256e-03   3.0466e+00   7.9000e-03   3.0000e-03   2.7271e+00   1.0356e+00
   1.9014e-01   5.7959e+00   5.5000e+01   2.7715e-02   2.9433e+00   2.5000e-02   3.0000e-03   2.6550e+00   3.1860e-01
   2.7065e-01   5.8764e+00   5.5000e+01   5.1901e-02   2.8189e+00   4.7000e-02   5.0000e-03   2.5527e+00   2.7157e-01
   3.5116e-01   5.9570e+00   5.5000e+01   7.3283e-02   2.7033e+00   5.0000e-02   5.0000e-03   1.8445e+00   1.8445e-01
   4.2567e-01   6.0315e+00   5.5000e+01   8.9436e-02   2.6095e+00   6.5000e-02   6.0000e-03   1.8965e+00   1.7506e-01
   5.1303e-01   6.1188e+00   5.5000e+01   1.0427e-01   2.5157e+00   8.8000e-02   8.0000e-03   2.1232e+00   1.9302e-01
   5.9354e-01   6.1993e+00   5.5000e+01   1.1472e-01   2.4429e+00   9.5000e-02   9.0000e-03   2.0229e+00   1.9165e-01
   6.6720e-01   6.2730e+00   5.5000e+01   1.2214e-01   2.3856e+00   9.2000e-02   8.0000e-03   1.7969e+00   1.5625e-01
   7.4257e-01   6.3484e+00   5.5000e+01   1.2809e-01   2.3352e+00   1.0400e-01   1.0000e-02   1.8960e+00   1.8230e-01
   8.3336e-01   6.4392e+00   5.5000e+01   1.3376e-01   2.2872e+00   1.0600e-01   1.0000e-02   1.8126e+00   1.7100e-01
   9.0873e-01   6.5145e+00   5.5000e+01   1.3793e-01   2.2629e+00   1.1300e-01   1.1000e-02   1.8539e+00   1.8046e-01
   9.9437e-01   6.6002e+00   5.5000e+01   1.4329e-01   2.2646e+00   1.2000e-01   1.1000e-02   1.8965e+00   1.7385e-01
   1.0749e+00   6.6807e+00   5.5000e+01   1.5056e-01   2.3144e+00   1.3500e-01   1.3000e-02   2.0752e+00   1.9984e-01
   1.1494e+00   6.7552e+00   5.5000e+01   1.6130e-01   2.4288e+00   1.4000e-01   1.4000e-02   2.1081e+00   2.1081e-01
   1.2239e+00   6.8297e+00   5.5000e+01   1.7869e-01   2.6461e+00   1.5600e-01   1.5000e-02   2.3101e+00   2.2212e-01
   1.3053e+00   6.9111e+00   5.5000e+01   2.0921e-01   3.0531e+00   1.6800e-01   1.6000e-02   2.4517e+00   2.3350e-01
   1.3858e+00   6.9916e+00   5.5000e+01   2.5269e-01   3.6461e+00   1.8600e-01   1.8000e-02   2.6838e+00   2.5973e-01
   1.4731e+00   7.0789e+00   5.5000e+01   3.0124e-01   4.3060e+00   2.0500e-01   2.0000e-02   2.9303e+00   2.8588e-01
   1.5357e+00   7.1415e+00   5.5000e+01   3.1928e-01   4.5402e+00   2.1400e-01   2.1000e-02   3.0432e+00   2.9863e-01
   1.6265e+00   7.2323e+00   5.5000e+01   3.1047e-01   4.3905e+00   1.9800e-01   1.9000e-02   2.8000e+00   2.6869e-01
   1.7164e+00   7.3222e+00   5.5000e+01   2.8189e-01   3.9720e+00   1.8400e-01   1.8000e-02   2.5927e+00   2.5363e-01
   1.7909e+00   7.3967e+00   5.5000e+01   2.5844e-01   3.6351e+00   1.7200e-01   1.6000e-02   2.4193e+00   2.2505e-01
   1.8697e+00   7.4755e+00   5.5000e+01   2.3839e-01   3.3503e+00   1.5700e-01   1.5000e-02   2.2065e+00   2.1081e-01
   1.9605e+00   7.5663e+00   5.5000e+01   2.2123e-01   3.1096e+00   1.4100e-01   1.4000e-02   1.9819e+00   1.9679e-01
   2.0187e+00   7.6245e+00   5.5000e+01   2.1285e-01   2.9938e+00   1.4700e-01   1.4000e-02   2.0676e+00   1.9691e-01
   2.1147e+00   7.7205e+00   5.5000e+01   2.0226e-01   2.8501e+00   1.3300e-01   1.3000e-02   1.8742e+00   1.8319e-01
   2.1875e+00   7.7933e+00   5.5000e+01   1.9613e-01   2.7694e+00   1.2100e-01   1.2000e-02   1.7085e+00   1.6944e-01
   2.2680e+00   7.8738e+00   5.5000e+01   1.9069e-01   2.7000e+00   1.2700e-01   1.2000e-02   1.7982e+00   1.6991e-01
   2.3485e+00   7.9543e+00   5.5000e+01   1.8626e-01   2.6457e+00   1.2600e-01   1.2000e-02   1.7898e+00   1.7046e-01


