   3.0834e+00   8.6897e+00   0.0000e+00   1.1851e-01   1.7576e+00   1.2165e-01   5.6097e-03   1.8041e+00   8.3195e-02
   3.2547e+00   8.8610e+00   0.0000e+00   1.1496e-01   1.7258e+00   1.1707e-01   5.3963e-03   1.7575e+00   8.1011e-02
   3.4260e+00   9.0323e+00   0.0000e+00   1.1088e-01   1.6856e+00   1.1159e-01   5.1524e-03   1.6963e+00   7.8329e-02
   3.5973e+00   9.2036e+00   0.0000e+00   1.0647e-01   1.6396e+00   1.0559e-01   4.8780e-03   1.6260e+00   7.5119e-02
   3.7686e+00   9.3749e+00   0.0000e+00   1.0174e-01   1.5874e+00   9.9461e-02   4.6036e-03   1.5518e+00   7.1827e-02
   3.9399e+00   9.5462e+00   0.0000e+00   9.6664e-02   1.5283e+00   9.3496e-02   4.3496e-03   1.4782e+00   6.8766e-02
   2.9121e+00   8.5184e+00   0.0000e+00   1.2105e-01   1.7745e+00   1.2551e-01   5.7825e-03   1.8398e+00   8.4766e-02
   4.1112e+00   9.7175e+00   0.0000e+00   9.1277e-02   1.4624e+00   8.7825e-02   4.1057e-03   1.4071e+00   6.5780e-02
   4.4538e+00   1.0060e+01   0.0000e+00   8.0394e-02   1.3229e+00   7.7652e-02   3.6890e-03   1.2778e+00   6.0702e-02
   4.6251e+00   1.0231e+01   0.0000e+00   7.5485e-02   1.2587e+00   7.3221e-02   3.5061e-03   1.2210e+00   5.8465e-02
   4.7964e+00   1.0403e+01   0.0000e+00   7.1230e-02   1.2036e+00   6.9217e-02   3.3435e-03   1.1696e+00   5.6498e-02
   4.9677e+00   1.0574e+01   0.0000e+00   6.7669e-02   1.1586e+00   6.5650e-02   3.2012e-03   1.1241e+00   5.4812e-02
   5.1390e+00   1.0745e+01   0.0000e+00   6.4733e-02   1.1230e+00   6.2469e-02   3.0793e-03   1.0837e+00   5.3419e-02
   5.3103e+00   1.0917e+01   0.0000e+00   6.2314e-02   1.0952e+00   5.9664e-02   2.9675e-03   1.0486e+00   5.2154e-02
   4.2825e+00   9.8888e+00   0.0000e+00   8.5758e-02   1.3924e+00   6.2195e-02   3.8821e-03   1.0098e+00   6.3033e-02
   5.4816e+00   1.1088e+01   0.0000e+00   6.0322e-02   1.0739e+00   5.7205e-02   2.8862e-03   1.0184e+00   5.1383e-02
   2.7408e+00   8.3471e+00   0.0000e+00   1.2218e-01   1.7717e+00   1.2866e-01   5.9248e-03   1.8656e+00   8.5912e-02
   2.4838e+00   8.0901e+00   0.0000e+00   1.2270e-01   1.7538e+00   1.3282e-01   6.1077e-03   1.8985e+00   8.7299e-02
   1.2847e+00   6.8910e+00   0.0000e+00   1.6895e-01   2.4735e+00   1.5579e-01   7.3780e-03   2.2809e+00   1.0802e-01
   1.3704e+00   6.9767e+00   0.0000e+00   1.9812e-01   2.8640e+00   1.8892e-01   8.8008e-03   2.7310e+00   1.2722e-01
   1.4560e+00   7.0623e+00   0.0000e+00   2.2635e-01   3.2403e+00   2.1484e-01   9.9898e-03   3.0756e+00   1.4301e-01
   1.5417e+00   7.1480e+00   0.0000e+00   2.3333e-01   3.3162e+00   2.1565e-01   1.0020e-02   3.0649e+00   1.4241e-01
   1.6273e+00   7.2336e+00   0.0000e+00   2.1542e-01   3.0459e+00   2.0030e-01   9.2479e-03   2.8321e+00   1.3076e-01
   1.7130e+00   7.3193e+00   0.0000e+00   1.9022e-01   2.6803e+00   1.8232e-01   8.3638e-03   2.5689e+00   1.1785e-01
   2.5695e+00   8.1758e+00   0.0000e+00   1.2242e-01   1.7577e+00   1.3140e-01   6.0366e-03   1.8866e+00   8.6670e-02
   1.7986e+00   7.4049e+00   0.0000e+00   1.6915e-01   2.3786e+00   1.6839e-01   7.7134e-03   2.3680e+00   1.0847e-01
   1.9699e+00   7.5762e+00   0.0000e+00   1.4337e-01   2.0152e+00   1.5112e-01   6.9309e-03   2.1241e+00   9.7419e-02
   2.0556e+00   7.6619e+00   0.0000e+00   1.3598e-01   1.9136e+00   1.4573e-01   6.6870e-03   2.0508e+00   9.4102e-02
   2.1412e+00   7.7475e+00   0.0000e+00   1.3080e-01   1.8443e+00   1.4177e-01   6.4431e-03   1.9989e+00   9.0847e-02
   2.2269e+00   7.8332e+00   0.0000e+00   1.2721e-01   1.7984e+00   1.3872e-01   6.3618e-03   1.9611e+00   8.9936e-02
   2.3125e+00   7.9188e+00   0.0000e+00   1.2484e-01   1.7705e+00   1.3628e-01   6.2601e-03   1.9327e+00   8.8782e-02
   2.3982e+00   8.0045e+00   0.0000e+00   1.2342e-01   1.7568e+00   1.3445e-01   6.1687e-03   1.9138e+00   8.7808e-02
   1.8843e+00   7.4906e+00   0.0000e+00   1.5396e-01   2.1634e+00   1.5843e-01   7.2561e-03   2.2263e+00   1.0196e-01
   5.6529e+00   1.1259e+01   0.0000e+00   5.8691e-02   1.0583e+00   5.5061e-02   2.8150e-03   9.9288e-01   5.0762e-02
   5.8242e+00   1.1430e+01   0.0000e+00   5.7372e-02   1.0477e+00   5.3211e-02   2.7541e-03   9.7176e-01   5.0295e-02
   5.9955e+00   1.1602e+01   0.0000e+00   5.6321e-02   1.0415e+00   5.1636e-02   2.8049e-03   9.5489e-01   5.1870e-02
   1.1991e+00   6.8054e+00   0.0000e+00   1.4788e-01   2.2009e+00   1.3516e-01   6.3821e-03   2.0116e+00   9.4985e-02
   1.1134e+00   6.7197e+00   0.0000e+00   1.3408e-01   2.0378e+00   1.2754e-01   6.0874e-03   1.9384e+00   9.2519e-02
   1.0278e+00   6.6341e+00   0.0000e+00   1.2488e-01   1.9493e+00   1.1951e-01   5.7317e-03   1.8655e+00   8.9468e-02
   9.4215e-01   6.5484e+00   0.0000e+00   1.1825e-01   1.9095e+00   1.0691e-01   5.1423e-03   1.7264e+00   8.3040e-02
   1.0278e-01   5.7091e+00   0.0000e+00   4.8750e-03   2.7293e+00   5.6199e-03   2.8455e-04   3.1463e+00   1.5931e-01
   1.3704e-01   5.7433e+00   0.0000e+00   1.1338e-02   2.6730e+00   1.3089e-02   6.1992e-04   3.0859e+00   1.4615e-01
   1.5417e-01   5.7605e+00   0.0000e+00   1.5258e-02   2.6429e+00   1.7419e-02   8.3333e-04   3.0170e+00   1.4434e-01
   1.7130e-01   5.7776e+00   0.0000e+00   1.9462e-02   2.6120e+00   2.2012e-02   1.0874e-03   2.9542e+00   1.4594e-01
   1.8843e-01   5.7947e+00   0.0000e+00   2.3837e-02   2.5807e+00   2.6778e-02   1.3313e-03   2.8992e+00   1.4413e-01
   2.0556e-01   5.8119e+00   0.0000e+00   2.8289e-02   2.5493e+00   3.1677e-02   1.5447e-03   2.8546e+00   1.3921e-01
   2.2269e-01   5.8290e+00   0.0000e+00   3.2744e-02   2.5180e+00   3.6585e-02   1.7581e-03   2.8134e+00   1.3520e-01
   1.1991e-01   5.7262e+00   0.0000e+00   7.8306e-03   2.7019e+00   9.0955e-03   4.4715e-04   3.1384e+00   1.5429e-01
   2.3982e-01   5.8461e+00   0.0000e+00   3.7146e-02   2.4871e+00   4.1392e-02   1.9919e-03   2.7714e+00   1.3336e-01
   2.5695e-01   5.8632e+00   0.0000e+00   4.1450e-02   2.4566e+00   4.6016e-02   2.2459e-03   2.7272e+00   1.3311e-01
   2.9121e-01   5.8975e+00   0.0000e+00   4.9654e-02   2.3976e+00   5.4370e-02   2.7236e-03   2.6253e+00   1.3151e-01
   6.3381e-01   6.2401e+00   0.0000e+00   9.8454e-02   1.9940e+00   9.9359e-02   4.7561e-03   2.0123e+00   9.6325e-02
   6.5094e-01   6.2572e+00   0.0000e+00   9.9775e-02   1.9823e+00   1.0049e-01   4.8272e-03   1.9964e+00   9.5905e-02
   6.6807e-01   6.2744e+00   0.0000e+00   1.0104e-01   1.9713e+00   1.0142e-01   4.8882e-03   1.9788e+00   9.5371e-02
   6.8520e-01   6.2915e+00   0.0000e+00   1.0225e-01   1.9611e+00   1.0213e-01   4.9288e-03   1.9588e+00   9.4531e-02
   7.0233e-01   6.3086e+00   0.0000e+00   1.0342e-01   1.9517e+00   1.0264e-01   4.9492e-03   1.9370e+00   9.3396e-02
   7.1946e-01   6.3258e+00   0.0000e+00   1.0455e-01   1.9430e+00   1.0305e-01   4.9593e-03   1.9151e+00   9.2165e-02
   6.1668e-01   6.2230e+00   0.0000e+00   9.7070e-02   2.0065e+00   9.8059e-02   4.6748e-03   2.0269e+00   9.6628e-02
   7.3659e-01   6.3429e+00   0.0000e+00   1.0565e-01   1.9351e+00   1.0315e-01   4.9492e-03   1.8894e+00   9.0652e-02
   7.7085e-01   6.3771e+00   0.0000e+00   1.0776e-01   1.9217e+00   1.0274e-01   4.8984e-03   1.8322e+00   8.7352e-02
   7.8798e-01   6.3943e+00   0.0000e+00   1.0879e-01   1.9162e+00   1.0234e-01   4.8679e-03   1.8026e+00   8.5743e-02
   8.0511e-01   6.4114e+00   0.0000e+00   1.0980e-01   1.9116e+00   1.0173e-01   4.8577e-03   1.7709e+00   8.4567e-02
   8.2224e-01   6.4285e+00   0.0000e+00   1.1082e-01   1.9078e+00   1.0130e-01   4.8679e-03   1.7440e+00   8.3805e-02
   8.3937e-01   6.4457e+00   0.0000e+00   1.1183e-01   1.9050e+00   1.0101e-01   4.8882e-03   1.7206e+00   8.3270e-02
   8.5650e-01   6.4628e+00   0.0000e+00   1.1285e-01   1.9031e+00   1.0097e-01   4.9288e-03   1.7027e+00   8.3122e-02
   7.5372e-01   6.3600e+00   0.0000e+00   1.0671e-01   1.9280e+00   1.0305e-01   4.9187e-03   1.8618e+00   8.8865e-02
   5.9955e-01   6.2058e+00   0.0000e+00   9.5617e-02   2.0197e+00   9.6575e-02   4.5833e-03   2.0399e+00   9.6811e-02
   5.8242e-01   6.1887e+00   0.0000e+00   9.4089e-02   2.0337e+00   9.4939e-02   4.4919e-03   2.0520e+00   9.7088e-02
   5.6529e-01   6.1716e+00   0.0000e+00   9.2478e-02   2.0484e+00   9.3160e-02   4.4004e-03   2.0635e+00   9.7470e-02
   3.0834e-01   5.9146e+00   0.0000e+00   5.3518e-02   2.3692e+00   5.8008e-02   2.9065e-03   2.5680e+00   1.2867e-01
   3.2547e-01   5.9318e+00   0.0000e+00   5.7211e-02   2.3417e+00   6.1311e-02   3.0488e-03   2.5095e+00   1.2479e-01
   3.4260e-01   5.9489e+00   0.0000e+00   6.0729e-02   2.3151e+00   6.4309e-02   3.1707e-03   2.4515e+00   1.2087e-01
   3.5973e-01   5.9660e+00   0.0000e+00   6.4071e-02   2.2893e+00   6.7053e-02   3.2723e-03   2.3958e+00   1.1692e-01
   3.7686e-01   5.9832e+00   0.0000e+00   6.7241e-02   2.2645e+00   6.9603e-02   3.3740e-03   2.3440e+00   1.1362e-01
   3.9399e-01   6.0003e+00   0.0000e+00   7.0242e-02   2.2405e+00   7.2002e-02   3.4858e-03   2.2966e+00   1.1118e-01
   4.1112e-01   6.0174e+00   0.0000e+00   7.3080e-02   2.2174e+00   7.4288e-02   3.5874e-03   2.2541e+00   1.0885e-01
   4.2825e-01   6.0345e+00   0.0000e+00   7.5762e-02   2.1953e+00   7.6494e-02   3.6992e-03   2.2165e+00   1.0719e-01
   4.4538e-01   6.0517e+00   0.0000e+00   7.8294e-02   2.1740e+00   7.8648e-02   3.8008e-03   2.1838e+00   1.0554e-01
   4.6251e-01   6.0688e+00   0.0000e+00   8.0685e-02   2.1536e+00   8.0782e-02   3.9024e-03   2.1562e+00   1.0416e-01
   4.7964e-01   6.0859e+00   0.0000e+00   8.2941e-02   2.1340e+00   8.2916e-02   3.9939e-03   2.1334e+00   1.0276e-01
   4.9677e-01   6.1031e+00   0.0000e+00   8.5071e-02   2.1153e+00   8.5061e-02   4.0752e-03   2.1150e+00   1.0133e-01
   5.1390e-01   6.1202e+00   0.0000e+00   8.7082e-02   2.0973e+00   8.7185e-02   4.1565e-03   2.0998e+00   1.0011e-01
   5.3103e-01   6.1373e+00   0.0000e+00   8.8982e-02   2.0802e+00   8.9268e-02   4.2378e-03   2.0869e+00   9.9072e-02
   5.4816e-01   6.1545e+00   0.0000e+00   9.0778e-02   2.0639e+00   9.1260e-02   4.3191e-03   2.0749e+00   9.8199e-02
   2.7408e-01   5.8804e+00   0.0000e+00   4.5627e-02   2.4267e+00   5.0356e-02   2.4898e-03   2.6782e+00   1.3243e-01


   6.7406e-01   6.2804e+00   1.8900e+01   1.0664e-02   2.0679e-01   1.0642e-02   7.5249e-04   2.0637e-01   1.4592e-02
   1.5931e-01   5.7656e+00   1.9300e+01   1.5142e-03   2.4177e-01   1.2863e-03   9.0948e-05   2.0537e-01   1.4521e-02
   7.5971e-01   6.3660e+00   2.0300e+01   1.1284e-02   2.0293e-01   1.1014e-02   7.7880e-04   1.9807e-01   1.4005e-02
   5.0448e-01   6.1108e+00   2.2300e+01   8.9408e-03   2.1908e-01   8.7466e-03   6.1848e-04   2.1433e-01   1.5155e-02
   5.8927e-01   6.1956e+00   2.3100e+01   9.9412e-03   2.1287e-01   9.4382e-03   6.6739e-04   2.0209e-01   1.4291e-02
   2.7750e-01   5.8838e+00   2.3100e+01   4.5500e-03   2.3716e-01   4.4535e-03   3.1487e-04   2.3213e-01   1.6412e-02
   1.1648e-01   5.7228e+00   2.3900e+01   6.3766e-04   2.4009e-01   8.8131e-04   6.2318e-05   3.3183e-01   2.3464e-02
   4.1968e-01   6.0260e+00   2.4000e+01   7.6235e-03   2.2594e-01   7.2989e-03   5.1607e-04   2.1632e-01   1.5295e-02
   2.1584e-01   5.8221e+00   2.4400e+01   2.9438e-03   2.4057e-01   3.3296e-03   2.3544e-04   2.7210e-01   1.9240e-02
   6.7406e-01   6.2804e+00   2.8400e+01   1.0756e-02   2.0857e-01   1.1317e-02   8.0022e-04   2.1946e-01   1.5518e-02
   7.5971e-01   6.3660e+00   2.8400e+01   1.1416e-02   2.0530e-01   1.0721e-02   7.5807e-04   1.9279e-01   1.3632e-02
   5.8927e-01   6.1956e+00   2.9500e+01   9.9665e-03   2.1341e-01   9.6035e-03   6.7903e-04   2.0563e-01   1.4540e-02
   5.0448e-01   6.1108e+00   3.0500e+01   8.9437e-03   2.1916e-01   8.0805e-03   5.7134e-04   1.9800e-01   1.4000e-02
   4.1968e-01   6.0260e+00   3.2100e+01   7.6072e-03   2.2546e-01   7.1610e-03   5.0639e-04   2.1224e-01   1.5008e-02
   1.5931e-01   5.7656e+00   3.8200e+01   1.5065e-03   2.4053e-01   1.2980e-03   9.1780e-05   2.0724e-01   1.4654e-02
   7.5971e-01   6.3660e+00   3.8200e+01   1.1524e-02   2.0724e-01   1.0271e-02   7.2628e-04   1.8470e-01   1.3061e-02
   6.7406e-01   6.2804e+00   3.8200e+01   1.0803e-02   2.0948e-01   1.0848e-02   7.6706e-04   2.1035e-01   1.4875e-02
   2.1584e-01   5.8221e+00   3.9000e+01   2.9225e-03   2.3883e-01   2.9071e-03   2.0561e-04   2.3756e-01   1.6802e-02
   2.7750e-01   5.8838e+00   3.9100e+01   4.5103e-03   2.3509e-01   4.8164e-03   3.4059e-04   2.5105e-01   1.7753e-02
   5.8927e-01   6.1956e+00   3.9100e+01   9.9591e-03   2.1325e-01   9.7913e-03   6.9233e-04   2.0966e-01   1.4825e-02
   1.1648e-01   5.7228e+00   3.9300e+01   6.3583e-04   2.3940e-01   8.8229e-04   6.2386e-05   3.3220e-01   2.3490e-02
   5.0448e-01   6.1108e+00   3.9900e+01   8.9033e-03   2.1817e-01   9.4088e-03   6.6534e-04   2.3055e-01   1.6303e-02
   4.1968e-01   6.0260e+00   4.0200e+01   7.5605e-03   2.2408e-01   7.0231e-03   4.9661e-04   2.0815e-01   1.4718e-02
   6.7406e-01   6.2804e+00   4.4800e+01   1.0773e-02   2.0891e-01   1.0212e-02   7.2207e-04   1.9802e-01   1.4002e-02
   7.5971e-01   6.3660e+00   4.6200e+01   1.1513e-02   2.0704e-01   1.0593e-02   7.4907e-04   1.9050e-01   1.3471e-02
   1.5931e-01   5.7656e+00   4.6700e+01   1.4960e-03   2.3885e-01   1.3009e-03   9.1995e-05   2.0771e-01   1.4688e-02
   5.8927e-01   6.1956e+00   4.7500e+01   9.8751e-03   2.1145e-01   8.5686e-03   6.0587e-04   1.8347e-01   1.2973e-02
   4.1968e-01   6.0260e+00   4.8300e+01   7.4697e-03   2.2139e-01   7.0397e-03   4.9778e-04   2.0864e-01   1.4753e-02
   2.7750e-01   5.8838e+00   4.8800e+01   4.4508e-03   2.3199e-01   4.8389e-03   3.4216e-04   2.5222e-01   1.7834e-02
   5.0448e-01   6.1108e+00   4.9800e+01   8.7769e-03   2.1507e-01   8.4062e-03   5.9442e-04   2.0599e-01   1.4566e-02
   2.1584e-01   5.8221e+00   5.1800e+01   2.8747e-03   2.3492e-01   3.3834e-03   2.3926e-04   2.7649e-01   1.9552e-02
   1.1648e-01   5.7228e+00   5.3000e+01   6.2958e-04   2.3705e-01   8.8229e-04   6.2386e-05   3.3220e-01   2.3490e-02
   6.7406e-01   6.2804e+00   5.9200e+01   1.0445e-02   2.0255e-01   1.0897e-02   7.7049e-04   2.1130e-01   1.4941e-02
   7.5971e-01   6.3660e+00   6.0600e+01   1.1144e-02   2.0041e-01   1.1092e-02   7.8438e-04   1.9947e-01   1.4106e-02
   5.0448e-01   6.1108e+00   6.1200e+01   8.4891e-03   2.0802e-01   7.9895e-03   5.6498e-04   1.9578e-01   1.3844e-02
   4.1968e-01   6.0260e+00   6.1200e+01   7.2084e-03   2.1364e-01   7.0671e-03   4.9974e-04   2.0945e-01   1.4811e-02
   5.8927e-01   6.1956e+00   6.1800e+01   9.4932e-03   2.0327e-01   9.6641e-03   6.8333e-04   2.0693e-01   1.4632e-02
   1.5931e-01   5.7656e+00   6.5600e+01   1.4486e-03   2.3129e-01   1.3019e-03   9.2063e-05   2.0787e-01   1.4699e-02
   6.7406e-01   6.2804e+00   6.9300e+01   9.9644e-03   1.9323e-01   9.2865e-03   6.5663e-04   1.8008e-01   1.2733e-02
   1.1648e-01   5.7228e+00   7.0200e+01   6.1292e-04   2.3077e-01   8.8522e-04   6.2592e-05   3.3330e-01   2.3567e-02
   7.5971e-01   6.3660e+00   7.0600e+01   1.0589e-02   1.9042e-01   9.8695e-03   6.9791e-04   1.7749e-01   1.2551e-02
   5.0448e-01   6.1108e+00   7.0900e+01   8.1134e-03   1.9881e-01   7.8614e-03   5.5588e-04   1.9264e-01   1.3621e-02
   2.1584e-01   5.8221e+00   7.1300e+01   2.7307e-03   2.2315e-01   3.1213e-03   2.2067e-04   2.5507e-01   1.8033e-02
   2.7750e-01   5.8838e+00   7.1400e+01   4.1654e-03   2.1711e-01   5.0541e-03   3.5742e-04   2.6344e-01   1.8630e-02
   5.8927e-01   6.1956e+00   7.1800e+01   9.0270e-03   1.9329e-01   8.4620e-03   5.9833e-04   1.8119e-01   1.2812e-02
   4.1968e-01   6.0260e+00   7.2400e+01   6.8558e-03   2.0319e-01   6.4705e-03   4.5758e-04   1.9177e-01   1.3562e-02
   7.5971e-01   6.3660e+00   7.7200e+01   1.0099e-02   1.8162e-01   9.0987e-03   6.4343e-04   1.6362e-01   1.1571e-02
   6.7406e-01   6.2804e+00   7.7400e+01   9.4387e-03   1.8303e-01   9.1418e-03   6.4646e-04   1.7727e-01   1.2536e-02
   1.5931e-01   5.7656e+00   7.9300e+01   1.3924e-03   2.2231e-01   1.5768e-03   1.1151e-04   2.5175e-01   1.7804e-02
   5.8927e-01   6.1956e+00   7.9900e+01   8.5421e-03   1.8291e-01   8.1715e-03   5.7779e-04   1.7497e-01   1.2372e-02
   5.0448e-01   6.1108e+00   8.0600e+01   7.6300e-03   1.8696e-01   7.7323e-03   5.4679e-04   1.8947e-01   1.3398e-02
   4.1968e-01   6.0260e+00   8.2300e+01   6.4585e-03   1.9142e-01   6.8011e-03   4.8096e-04   2.0157e-01   1.4254e-02
   2.7750e-01   5.8838e+00   8.2800e+01   3.9454e-03   2.0565e-01   4.4281e-03   3.1311e-04   2.3081e-01   1.6320e-02
   2.1584e-01   5.8221e+00   8.5800e+01   2.5710e-03   2.1010e-01   3.1301e-03   2.2136e-04   2.5579e-01   1.8089e-02
   1.1648e-01   5.7228e+00   8.9100e+01   5.8369e-04   2.1977e-01   8.8522e-04   6.2592e-05   3.3330e-01   2.3567e-02
   1.5931e-01   5.7656e+00   9.3000e+01   1.3220e-03   2.1107e-01   1.5181e-03   1.0730e-04   2.4238e-01   1.7132e-02
   6.7406e-01   6.2804e+00   9.3800e+01   8.1185e-03   1.5743e-01   7.7107e-03   5.4522e-04   1.4952e-01   1.0573e-02
   2.1584e-01   5.8221e+00   9.4000e+01   2.4675e-03   2.0164e-01   2.8650e-03   2.0257e-04   2.3413e-01   1.6554e-02
   7.5971e-01   6.3660e+00   9.5300e+01   8.4404e-03   1.5179e-01   7.7313e-03   5.4669e-04   1.3903e-01   9.8312e-03
   2.7750e-01   5.8838e+00   9.5800e+01   3.6548e-03   1.9050e-01   4.1317e-03   2.9217e-04   2.1536e-01   1.5229e-02
   1.1648e-01   5.7228e+00   9.5900e+01   5.7125e-04   2.1509e-01   8.8522e-04   6.2592e-05   3.3330e-01   2.3567e-02
   5.8927e-01   6.1956e+00   9.6300e+01   7.3763e-03   1.5795e-01   6.9810e-03   4.9367e-04   1.4948e-01   1.0571e-02
   4.1968e-01   6.0260e+00   9.7000e+01   5.7760e-03   1.7119e-01   6.2122e-03   4.3929e-04   1.8412e-01   1.3019e-02
   5.0448e-01   6.1108e+00   9.7000e+01   6.6580e-03   1.6315e-01   6.5966e-03   4.6648e-04   1.6164e-01   1.1431e-02
   5.8927e-01   6.1956e+00   1.0290e+02   6.8846e-03   1.4742e-01   6.2308e-03   4.4056e-04   1.3342e-01   9.4335e-03
   7.5971e-01   6.3660e+00   1.0350e+02   7.6416e-03   1.3742e-01   7.1239e-03   5.0375e-04   1.2811e-01   9.0590e-03
   6.7406e-01   6.2804e+00   1.0370e+02   7.2654e-03   1.4089e-01   7.0808e-03   5.0071e-04   1.3731e-01   9.7097e-03
   5.0448e-01   6.1108e+00   1.0850e+02   5.9522e-03   1.4585e-01   5.8885e-03   4.1640e-04   1.4429e-01   1.0203e-02
   4.1968e-01   6.0260e+00   1.0850e+02   5.2252e-03   1.5486e-01   4.9954e-03   3.5321e-04   1.4805e-01   1.0468e-02
   2.1584e-01   5.8221e+00   1.1010e+02   2.2563e-03   1.8438e-01   3.0469e-03   2.1549e-04   2.4900e-01   1.7610e-02
   2.7750e-01   5.8838e+00   1.1050e+02   3.3132e-03   1.7269e-01   3.5135e-03   2.4845e-04   1.8314e-01   1.2950e-02
   1.1648e-01   5.7228e+00   1.1140e+02   5.4167e-04   2.0395e-01   8.8522e-04   6.2592e-05   3.3330e-01   2.3567e-02
   7.5971e-01   6.3660e+00   1.1340e+02   6.7263e-03   1.2096e-01   6.0518e-03   4.2794e-04   1.0883e-01   7.6957e-03
   1.5931e-01   5.7656e+00   1.1370e+02   1.2063e-03   1.9261e-01   1.2051e-03   8.5216e-05   1.9241e-01   1.3606e-02
   6.7406e-01   6.2804e+00   1.1520e+02   6.3286e-03   1.2272e-01   5.9647e-03   4.2178e-04   1.1567e-01   8.1790e-03
   5.8927e-01   6.1956e+00   1.1600e+02   5.9576e-03   1.2757e-01   5.4923e-03   3.8832e-04   1.1760e-01   8.3150e-03
   4.1968e-01   6.0260e+00   1.1820e+02   4.7880e-03   1.4191e-01   5.3260e-03   3.7659e-04   1.5785e-01   1.1161e-02
   5.0448e-01   6.1108e+00   1.1830e+02   5.3908e-03   1.3210e-01   5.3231e-03   3.7639e-04   1.3044e-01   9.2231e-03
   1.5931e-01   5.7656e+00   1.2740e+02   1.1358e-03   1.8135e-01   9.8010e-04   6.9302e-05   1.5649e-01   1.1065e-02
   7.5971e-01   6.3660e+00   1.2800e+02   5.5764e-03   1.0028e-01   5.4571e-03   3.8588e-04   9.8136e-02   6.9393e-03
   6.7406e-01   6.2804e+00   1.2830e+02   5.4189e-03   1.0508e-01   5.3426e-03   3.7776e-04   1.0360e-01   7.3254e-03
   2.7750e-01   5.8838e+00   1.2840e+02   2.9393e-03   1.5320e-01   3.2279e-03   2.2820e-04   1.6825e-01   1.1895e-02
   1.1648e-01   5.7228e+00   1.2850e+02   5.1109e-04   1.9243e-01   8.8131e-04   6.2318e-05   3.3183e-01   2.3464e-02
   5.8927e-01   6.1956e+00   1.2910e+02   5.1693e-03   1.1069e-01   4.6012e-03   3.2533e-04   9.8523e-02   6.9662e-03
   2.1584e-01   5.8221e+00   1.2960e+02   2.0247e-03   1.6546e-01   2.4845e-03   1.7568e-04   2.0303e-01   1.4356e-02
   4.1968e-01   6.0260e+00   1.3130e+02   4.2771e-03   1.2676e-01   4.2677e-03   3.0176e-04   1.2648e-01   8.9435e-03
   5.0448e-01   6.1108e+00   1.3140e+02   4.7486e-03   1.1636e-01   4.7636e-03   3.3687e-04   1.1673e-01   8.2548e-03
   7.5971e-01   6.3660e+00   1.3630e+02   5.0553e-03   9.0911e-02   4.8497e-03   3.4294e-04   8.7212e-02   6.1671e-03
   5.8927e-01   6.1956e+00   1.3720e+02   4.7732e-03   1.0221e-01   4.6159e-03   3.2641e-04   9.8838e-02   6.9892e-03
   6.7406e-01   6.2804e+00   1.3810e+02   4.8780e-03   9.4593e-02   4.7117e-03   3.3316e-04   9.1368e-02   6.4605e-03
   1.5931e-01   5.7656e+00   1.3940e+02   1.0840e-03   1.7308e-01   8.5490e-04   6.0450e-05   1.3650e-01   9.6515e-03
   5.0448e-01   6.1108e+00   1.3950e+02   4.4280e-03   1.0850e-01   4.4858e-03   3.1721e-04   1.0992e-01   7.7730e-03
   4.1968e-01   6.0260e+00   1.4100e+02   3.9739e-03   1.1778e-01   4.4437e-03   3.1418e-04   1.3170e-01   9.3116e-03
   2.7750e-01   5.8838e+00   1.4130e+02   2.7273e-03   1.4215e-01   3.4206e-03   2.4190e-04   1.7829e-01   1.2608e-02
   1.1648e-01   5.7228e+00   1.4220e+02   4.9102e-04   1.8488e-01   8.8425e-04   6.2523e-05   3.3293e-01   2.3541e-02
   2.1584e-01   5.8221e+00   1.4250e+02   1.9048e-03   1.5566e-01   2.3593e-03   1.6687e-04   1.9280e-01   1.3637e-02
   7.5971e-01   6.3660e+00   1.4440e+02   4.6428e-03   8.3493e-02   4.2422e-03   3.0000e-04   7.6289e-02   5.3949e-03
   5.8927e-01   6.1956e+00   1.4540e+02   4.4481e-03   9.5246e-02   3.8686e-03   2.7359e-04   8.2836e-02   5.8582e-03
   6.7406e-01   6.2804e+00   1.4790e+02   4.4619e-03   8.6523e-02   4.5709e-03   3.2318e-04   8.8637e-02   6.2670e-03
   4.1968e-01   6.0260e+00   1.4930e+02   3.7698e-03   1.1173e-01   3.5790e-03   2.5305e-04   1.0608e-01   7.4998e-03
   5.0448e-01   6.1108e+00   1.4930e+02   4.1232e-03   1.0103e-01   3.9204e-03   2.7721e-04   9.6066e-02   6.7927e-03
   1.5931e-01   5.7656e+00   1.5310e+02   1.0397e-03   1.6600e-01   8.8816e-04   6.2807e-05   1.4181e-01   1.0028e-02
   6.7406e-01   6.2804e+00   1.5440e+02   4.2526e-03   8.2465e-02   3.9331e-03   2.7809e-04   7.6270e-02   5.3926e-03
   5.8927e-01   6.1956e+00   1.5510e+02   4.1606e-03   8.9089e-02   3.8872e-03   2.7486e-04   8.3234e-02   5.8854e-03
   7.5971e-01   6.3660e+00   1.5590e+02   4.2137e-03   7.5775e-02   3.6407e-03   2.5745e-04   6.5471e-02   4.6297e-03
   2.7750e-01   5.8838e+00   1.5600e+02   2.5582e-03   1.3334e-01   2.6390e-03   1.8663e-04   1.3756e-01   9.7278e-03
   1.1648e-01   5.7228e+00   1.5600e+02   4.7636e-04   1.7936e-01   8.8425e-04   6.2523e-05   3.3293e-01   2.3541e-02
   2.1584e-01   5.8221e+00   1.5710e+02   1.8100e-03   1.4791e-01   2.3877e-03   1.6883e-04   1.9512e-01   1.3797e-02
   5.0448e-01   6.1108e+00   1.5740e+02   3.9391e-03   9.6523e-02   3.9351e-03   2.7828e-04   9.6425e-02   6.8190e-03
   4.1968e-01   6.0260e+00   1.5890e+02   3.5972e-03   1.0661e-01   3.5507e-03   2.5109e-04   1.0523e-01   7.4418e-03


   8.4279e-01   6.4491e+00   1.8900e+01   1.1784e-02   2.0033e-01   1.2876e-02   9.1053e-04   2.1889e-01   1.5479e-02
   1.5246e+00   7.1309e+00   2.1800e+01   2.9648e-02   4.2191e-01   3.0654e-02   2.1679e-03   4.3623e-01   3.0850e-02
   1.3541e+00   6.9604e+00   2.2500e+01   2.3248e-02   3.3680e-01   2.5718e-02   1.8181e-03   3.7257e-01   2.6338e-02
   8.4279e-01   6.4491e+00   2.2800e+01   1.1876e-02   2.0189e-01   1.2876e-02   9.1053e-04   2.1889e-01   1.5479e-02
   1.2685e+00   6.8748e+00   2.2800e+01   1.9072e-02   2.8002e-01   2.0839e-02   1.4740e-03   3.0596e-01   2.1642e-02
   1.4398e+00   7.0461e+00   2.3500e+01   2.7747e-02   3.9787e-01   3.0079e-02   2.1265e-03   4.3131e-01   3.0492e-02
   1.6102e+00   7.2165e+00   2.4300e+01   2.7152e-02   3.8425e-01   2.7156e-02   1.9205e-03   3.8430e-01   2.7178e-02
   1.7036e+00   7.3099e+00   2.5300e+01   2.2671e-02   3.1954e-01   2.4567e-02   1.7375e-03   3.4627e-01   2.4490e-02
   1.7798e+00   7.3861e+00   2.5600e+01   1.9452e-02   2.7363e-01   2.0977e-02   1.4832e-03   2.9508e-01   2.0864e-02
   8.4279e-01   6.4491e+00   2.6700e+01   1.1969e-02   2.0348e-01   1.2577e-02   8.8936e-04   2.1381e-01   1.5119e-02
   9.2673e-01   6.5330e+00   2.7300e+01   1.2619e-02   2.0522e-01   1.2312e-02   8.7060e-04   2.0023e-01   1.4158e-02
   1.1837e+00   6.7900e+00   2.7500e+01   1.6429e-02   2.4534e-01   1.7191e-02   1.2151e-03   2.5673e-01   1.8146e-02
   1.0980e+00   6.7043e+00   2.7800e+01   1.4635e-02   2.2339e-01   1.6098e-02   1.1382e-03   2.4573e-01   1.7375e-02
   1.0124e+00   6.6187e+00   2.7900e+01   1.3462e-02   2.1130e-01   1.4568e-02   1.0301e-03   2.2865e-01   1.6168e-02
   2.1207e+00   7.7270e+00   2.9100e+01   1.2078e-02   1.7020e-01   1.0011e-02   7.0790e-04   1.4108e-01   9.9760e-03
   2.5464e+00   8.1527e+00   2.9500e+01   8.6611e-03   1.2420e-01   1.1541e-02   8.1606e-04   1.6550e-01   1.1702e-02
   2.4616e+00   8.0679e+00   2.9700e+01   9.1382e-03   1.3047e-01   1.0989e-02   7.7705e-04   1.5689e-01   1.1094e-02
   2.3768e+00   7.9831e+00   3.0200e+01   9.7577e-03   1.3876e-01   1.2140e-02   8.5841e-04   1.7264e-01   1.2207e-02
   1.8646e+00   7.4709e+00   3.0300e+01   1.6617e-02   2.3351e-01   1.8560e-02   1.3129e-03   2.6083e-01   1.8450e-02
   2.2055e+00   7.8118e+00   3.0600e+01   1.1242e-02   1.5881e-01   1.3682e-02   9.6737e-04   1.9328e-01   1.3666e-02
   2.0359e+00   7.6422e+00   3.0700e+01   1.3266e-02   1.8662e-01   1.0345e-02   7.3149e-04   1.4552e-01   1.0290e-02
   8.4279e-01   6.4491e+00   3.1900e+01   1.2083e-02   2.0540e-01   1.2726e-02   8.9994e-04   2.1635e-01   1.5299e-02
   2.2903e+00   7.8966e+00   3.2000e+01   1.0590e-02   1.5005e-01   1.2255e-02   8.6657e-04   1.7365e-01   1.2279e-02
   1.9502e+00   7.5565e+00   3.2100e+01   1.4691e-02   2.0646e-01   1.1484e-02   8.1203e-04   1.6139e-01   1.1412e-02
   1.1837e+00   6.7900e+00   3.2700e+01   1.6589e-02   2.4774e-01   1.7180e-02   1.2151e-03   2.5656e-01   1.8146e-02
   1.0980e+00   6.7043e+00   3.3000e+01   1.4819e-02   2.2621e-01   1.5937e-02   1.1269e-03   2.4327e-01   1.7201e-02
   1.0124e+00   6.6187e+00   3.3100e+01   1.3636e-02   2.1403e-01   1.4096e-02   9.9672e-04   2.2125e-01   1.5644e-02
   1.4398e+00   7.0461e+00   3.3800e+01   2.6989e-02   3.8700e-01   2.7835e-02   1.9677e-03   3.9913e-01   2.8215e-02
   9.2673e-01   6.5330e+00   3.3900e+01   1.2802e-02   2.0819e-01   1.2140e-02   8.5841e-04   1.9742e-01   1.3960e-02
   1.3541e+00   6.9604e+00   3.4200e+01   2.3047e-02   3.3389e-01   2.4659e-02   1.7433e-03   3.5724e-01   2.5255e-02
   1.2685e+00   6.8748e+00   3.4500e+01   1.9275e-02   2.8299e-01   1.9826e-02   1.4015e-03   2.9109e-01   2.0577e-02
   1.5246e+00   7.1309e+00   3.4700e+01   2.8163e-02   4.0078e-01   2.8525e-02   2.0171e-03   4.0593e-01   2.8705e-02
   2.5464e+00   8.1527e+00   3.5400e+01   9.4441e-03   1.3543e-01   1.1714e-02   8.2826e-04   1.6797e-01   1.1877e-02
   1.7036e+00   7.3099e+00   3.5400e+01   2.1651e-02   3.0517e-01   2.2058e-02   1.5603e-03   3.1091e-01   2.1992e-02
   1.8646e+00   7.4709e+00   3.6100e+01   1.6359e-02   2.2989e-01   1.8227e-02   1.2888e-03   2.5614e-01   1.8111e-02
   2.2903e+00   7.8966e+00   3.6400e+01   1.0914e-02   1.5464e-01   1.2094e-02   8.5518e-04   1.7136e-01   1.2118e-02
   2.1207e+00   7.7270e+00   3.6400e+01   1.2361e-02   1.7419e-01   9.3550e-03   6.6152e-04   1.3184e-01   9.3225e-03
   2.2055e+00   7.8118e+00   3.6400e+01   1.1572e-02   1.6347e-01   1.3348e-02   9.4379e-04   1.8856e-01   1.3333e-02
   1.7036e+00   7.3099e+00   3.6900e+01   2.1440e-02   3.0219e-01   2.2231e-02   1.5718e-03   3.1334e-01   2.2155e-02
   2.4616e+00   8.0679e+00   3.7000e+01   9.9604e-03   1.4221e-01   1.1323e-02   8.0064e-04   1.6166e-01   1.1431e-02
   1.7798e+00   7.3861e+00   3.7200e+01   1.8614e-02   2.6184e-01   1.8917e-02   1.3371e-03   2.6611e-01   1.8809e-02
   1.6102e+00   7.2165e+00   3.7300e+01   2.5335e-02   3.5853e-01   2.4624e-02   1.7410e-03   3.4848e-01   2.4638e-02
   2.3768e+00   7.9831e+00   3.7500e+01   1.0439e-02   1.4845e-01   1.2301e-02   8.6980e-04   1.7493e-01   1.2369e-02
   2.0359e+00   7.6422e+00   3.8000e+01   1.3336e-02   1.8761e-01   1.0011e-02   7.0790e-04   1.4083e-01   9.9584e-03
   8.4279e-01   6.4491e+00   3.8400e+01   1.2183e-02   2.0712e-01   1.2865e-02   9.0961e-04   2.1870e-01   1.5463e-02
   8.4279e-01   6.4491e+00   4.3600e+01   1.2212e-02   2.0760e-01   1.3014e-02   9.2020e-04   2.2124e-01   1.5643e-02
   9.2673e-01   6.5330e+00   4.4300e+01   1.2939e-02   2.1042e-01   1.1967e-02   8.4621e-04   1.9462e-01   1.3762e-02
   1.1837e+00   6.7900e+00   4.4400e+01   1.6591e-02   2.4777e-01   1.6432e-02   1.1622e-03   2.4539e-01   1.7356e-02
   1.0980e+00   6.7043e+00   4.4700e+01   1.4961e-02   2.2837e-01   1.4867e-02   1.0513e-03   2.2693e-01   1.6047e-02
   1.0124e+00   6.6187e+00   4.4800e+01   1.3814e-02   2.1683e-01   1.4096e-02   9.9672e-04   2.2125e-01   1.5644e-02
   8.4279e-01   6.4491e+00   4.4900e+01   1.2210e-02   2.0757e-01   1.2865e-02   9.0961e-04   2.1870e-01   1.5463e-02
   1.4398e+00   7.0461e+00   4.5500e+01   2.5030e-02   3.5892e-01   2.6051e-02   1.8422e-03   3.7356e-01   2.6416e-02
   1.3541e+00   6.9604e+00   4.5800e+01   2.1958e-02   3.1810e-01   2.2864e-02   1.6167e-03   3.3123e-01   2.3421e-02
   1.2685e+00   6.8748e+00   4.6200e+01   1.8820e-02   2.7631e-01   1.8814e-02   1.3302e-03   2.7622e-01   1.9530e-02
   1.5246e+00   7.1309e+00   4.6300e+01   2.5532e-02   3.6334e-01   2.5775e-02   1.8227e-03   3.6680e-01   2.5938e-02
   2.2055e+00   7.8118e+00   4.6700e+01   1.1813e-02   1.6688e-01   1.3175e-02   9.3159e-04   1.8613e-01   1.3160e-02
   2.5464e+00   8.1527e+00   4.7100e+01   1.0504e-02   1.5062e-01   1.2416e-02   8.7797e-04   1.7804e-01   1.2590e-02
   1.7036e+00   7.3099e+00   4.7100e+01   1.9637e-02   2.7678e-01   2.0551e-02   1.4533e-03   2.8966e-01   2.0484e-02
   2.4616e+00   8.0679e+00   4.7300e+01   1.0702e-02   1.5280e-01   1.2140e-02   8.5841e-04   1.7332e-01   1.2256e-02
   2.3768e+00   7.9831e+00   4.7800e+01   1.0996e-02   1.5638e-01   1.2623e-02   8.9258e-04   1.7951e-01   1.2693e-02
   2.2903e+00   7.8966e+00   4.8100e+01   1.1367e-02   1.6107e-01   1.1933e-02   8.4379e-04   1.6908e-01   1.1956e-02
   2.1207e+00   7.7270e+00   4.8100e+01   1.2361e-02   1.7420e-01   9.1824e-03   6.4933e-04   1.2940e-01   9.1506e-03
   2.0359e+00   7.6422e+00   4.8300e+01   1.3055e-02   1.8366e-01   9.6772e-03   6.8431e-04   1.3613e-01   9.6266e-03
   1.7798e+00   7.3861e+00   4.8900e+01   1.7035e-02   2.3964e-01   1.8399e-02   1.3014e-03   2.5882e-01   1.8307e-02
   1.6102e+00   7.2165e+00   4.8900e+01   2.2593e-02   3.1973e-01   2.2772e-02   1.6098e-03   3.2226e-01   2.2781e-02
   1.8646e+00   7.4709e+00   4.9200e+01   1.5195e-02   2.1354e-01   1.7065e-02   1.2071e-03   2.3980e-01   1.6963e-02
   1.9502e+00   7.5565e+00   4.9600e+01   1.3893e-02   1.9525e-01   9.8728e-03   6.9812e-04   1.3875e-01   9.8111e-03
   9.2673e-01   6.5330e+00   5.4800e+01   1.2780e-02   2.0783e-01   1.2784e-02   9.0397e-04   2.0790e-01   1.4701e-02
   1.0980e+00   6.7043e+00   5.5100e+01   1.4656e-02   2.2371e-01   1.4556e-02   1.0293e-03   2.2219e-01   1.5712e-02
   1.0124e+00   6.6187e+00   5.5200e+01   1.3606e-02   2.1355e-01   1.3474e-02   9.5276e-04   2.1149e-01   1.4954e-02
   8.4279e-01   6.4491e+00   5.5400e+01   1.2034e-02   2.0458e-01   1.2703e-02   8.9822e-04   2.1596e-01   1.5270e-02
   1.1837e+00   6.7900e+00   5.6200e+01   1.5983e-02   2.3868e-01   1.5833e-02   1.1196e-03   2.3645e-01   1.6720e-02
   1.2685e+00   6.8748e+00   5.6500e+01   1.7839e-02   2.6192e-01   1.7939e-02   1.2680e-03   2.6338e-01   1.8617e-02
   1.4398e+00   7.0461e+00   5.7100e+01   2.2249e-02   3.1904e-01   2.3520e-02   1.6627e-03   3.3726e-01   2.3842e-02
   1.3541e+00   6.9604e+00   5.7500e+01   2.0076e-02   2.9084e-01   2.1368e-02   1.5108e-03   3.0956e-01   2.1888e-02
   1.5246e+00   7.1309e+00   5.7900e+01   2.2162e-02   3.1538e-01   2.3497e-02   1.6616e-03   3.3437e-01   2.3645e-02
   2.5464e+00   8.1527e+00   5.8900e+01   1.0910e-02   1.5644e-01   1.3290e-02   9.3976e-04   1.9058e-01   1.3476e-02
   1.6102e+00   7.2165e+00   5.9000e+01   1.9799e-02   2.8019e-01   2.0586e-02   1.4556e-03   2.9132e-01   2.0599e-02
   2.4616e+00   8.0679e+00   5.9100e+01   1.0964e-02   1.5654e-01   1.3118e-02   9.2756e-04   1.8729e-01   1.3243e-02
   1.8646e+00   7.4709e+00   5.9400e+01   1.3901e-02   1.9535e-01   1.5902e-02   1.1244e-03   2.2347e-01   1.5802e-02
   2.3768e+00   7.9831e+00   5.9500e+01   1.1081e-02   1.5758e-01   1.3267e-02   9.3815e-04   1.8867e-01   1.3341e-02
   2.1207e+00   7.7270e+00   5.9800e+01   1.1852e-02   1.6702e-01   9.5046e-03   6.7211e-04   1.3394e-01   9.4717e-03
   2.2055e+00   7.8118e+00   5.9800e+01   1.1516e-02   1.6268e-01   1.3497e-02   9.5437e-04   1.9068e-01   1.3482e-02
   2.2903e+00   7.8966e+00   5.9900e+01   1.1260e-02   1.5955e-01   1.3152e-02   9.2998e-04   1.8636e-01   1.3177e-02
   2.0359e+00   7.6422e+00   6.0000e+01   1.2287e-02   1.7285e-01   9.9994e-03   7.0709e-04   1.4067e-01   9.9471e-03
   1.7036e+00   7.3099e+00   6.0100e+01   1.6825e-02   2.3715e-01   1.8883e-02   1.3348e-03   2.6615e-01   1.8814e-02
   8.4279e-01   6.4491e+00   6.0500e+01   1.1836e-02   2.0121e-01   1.1518e-02   8.1445e-04   1.9581e-01   1.3846e-02
   1.7798e+00   7.3861e+00   6.0500e+01   1.5058e-02   2.1183e-01   1.6685e-02   1.1794e-03   2.3471e-01   1.6591e-02
   1.9502e+00   7.5565e+00   6.2700e+01   1.2631e-02   1.7752e-01   9.3205e-03   6.5911e-04   1.3099e-01   9.2629e-03
   9.2673e-01   6.5330e+00   6.5100e+01   1.2274e-02   1.9962e-01   1.1461e-02   8.1042e-04   1.8638e-01   1.3180e-02
   8.4279e-01   6.4491e+00   6.5800e+01   1.1549e-02   1.9634e-01   1.1956e-02   8.4540e-04   2.0324e-01   1.4372e-02
   1.1837e+00   6.7900e+00   6.6500e+01   1.5000e-02   2.2401e-01   1.4349e-02   1.0147e-03   2.1429e-01   1.5153e-02
   1.0980e+00   6.7043e+00   6.6800e+01   1.3810e-02   2.1080e-01   1.4084e-02   9.9591e-04   2.1499e-01   1.5202e-02
   1.0124e+00   6.6187e+00   6.6900e+01   1.2902e-02   2.0251e-01   1.2554e-02   8.8775e-04   1.9704e-01   1.3934e-02
   1.4398e+00   7.0461e+00   6.7400e+01   1.9643e-02   2.8167e-01   2.1587e-02   1.5269e-03   3.0954e-01   2.1895e-02
   1.3541e+00   6.9604e+00   6.7800e+01   1.8127e-02   2.6261e-01   1.9861e-02   1.4038e-03   2.8772e-01   2.0337e-02
   1.5246e+00   7.1309e+00   6.8300e+01   1.9210e-02   2.7336e-01   2.1357e-02   1.5097e-03   3.0392e-01   2.1484e-02
   1.2685e+00   6.8748e+00   6.8300e+01   1.6259e-02   2.3872e-01   1.7214e-02   1.2174e-03   2.5274e-01   1.7874e-02
   2.2055e+00   7.8118e+00   7.0100e+01   1.0977e-02   1.5507e-01   1.4476e-02   1.0235e-03   2.0449e-01   1.4459e-02
   2.2903e+00   7.8966e+00   7.0200e+01   1.0861e-02   1.5390e-01   1.3141e-02   9.2917e-04   1.8620e-01   1.3166e-02
   2.0359e+00   7.6422e+00   7.0200e+01   1.1420e-02   1.6065e-01   9.5046e-03   6.7211e-04   1.3371e-01   9.4550e-03
   1.7036e+00   7.3099e+00   7.0300e+01   1.4733e-02   2.0766e-01   1.8043e-02   1.2761e-03   2.5431e-01   1.7986e-02
   2.5464e+00   8.1527e+00   7.0600e+01   1.0869e-02   1.5585e-01   1.3451e-02   9.5115e-04   1.9289e-01   1.3639e-02
   2.4616e+00   8.0679e+00   7.0800e+01   1.0803e-02   1.5424e-01   1.3440e-02   9.5034e-04   1.9189e-01   1.3568e-02
   1.8646e+00   7.4709e+00   7.1100e+01   1.2353e-02   1.7359e-01   1.5569e-02   1.1009e-03   2.1878e-01   1.5470e-02
   2.3768e+00   7.9831e+00   7.1200e+01   1.0774e-02   1.5322e-01   1.3417e-02   9.4873e-04   1.9080e-01   1.3492e-02
   1.9502e+00   7.5565e+00   7.1500e+01   1.1697e-02   1.6438e-01   8.6071e-03   6.0859e-04   1.2096e-01   8.5529e-03
   2.1207e+00   7.7270e+00   7.1500e+01   1.1054e-02   1.5578e-01   9.4931e-03   6.7130e-04   1.3378e-01   9.4603e-03
   1.6102e+00   7.2165e+00   7.2000e+01   1.6519e-02   2.3377e-01   1.8894e-02   1.3359e-03   2.6738e-01   1.8906e-02
   1.7798e+00   7.3861e+00   7.2100e+01   1.3154e-02   1.8503e-01   1.5994e-02   1.1310e-03   2.2499e-01   1.5910e-02
   8.4279e-01   6.4491e+00   7.2300e+01   1.1092e-02   1.8857e-01   1.1507e-02   8.1364e-04   1.9561e-01   1.3832e-02
   2.1207e+00   7.7270e+00   7.4400e+01   1.0838e-02   1.5273e-01   8.6761e-03   6.1354e-04   1.2227e-01   8.6463e-03
   1.8646e+00   7.4709e+00   7.5400e+01   1.1834e-02   1.6630e-01   1.4579e-02   1.0309e-03   2.0488e-01   1.4487e-02
   1.2685e+00   6.8748e+00   7.5900e+01   1.5113e-02   2.2189e-01   1.3912e-02   9.8371e-04   2.0425e-01   1.4443e-02
   2.0359e+00   7.6422e+00   7.6000e+01   1.0914e-02   1.5354e-01   8.9983e-03   6.3632e-04   1.2658e-01   8.9515e-03
   1.7036e+00   7.3099e+00   7.6100e+01   1.3736e-02   1.9361e-01   1.6535e-02   1.1691e-03   2.3306e-01   1.6478e-02
   1.4398e+00   7.0461e+00   7.6400e+01   1.7615e-02   2.5258e-01   1.8457e-02   1.3049e-03   2.6466e-01   1.8711e-02
   1.7798e+00   7.3861e+00   7.6400e+01   1.2549e-02   1.7652e-01   1.4119e-02   9.9833e-04   1.9861e-01   1.4043e-02
   9.2673e-01   6.5330e+00   7.6800e+01   1.1308e-02   1.8390e-01   1.0632e-02   7.5185e-04   1.7291e-01   1.2227e-02
   1.9502e+00   7.5565e+00   7.7200e+01   1.1122e-02   1.5631e-01   7.5369e-03   5.3299e-04   1.0592e-01   7.4905e-03
   1.0980e+00   6.7043e+00   7.7200e+01   1.2693e-02   1.9375e-01   1.3003e-02   9.1939e-04   1.9848e-01   1.4034e-02
   1.0124e+00   6.6187e+00   7.7400e+01   1.1900e-02   1.8678e-01   1.2542e-02   8.8683e-04   1.9686e-01   1.3920e-02
   8.4279e-01   6.4491e+00   7.7500e+01   1.0653e-02   1.8111e-01   1.0908e-02   7.7130e-04   1.8544e-01   1.3112e-02
   1.6102e+00   7.2165e+00   7.7800e+01   1.5371e-02   2.1753e-01   1.7870e-02   1.2634e-03   2.5289e-01   1.7880e-02
   2.4616e+00   8.0679e+00   8.2400e+01   1.0378e-02   1.4817e-01   1.2105e-02   8.5599e-04   1.7283e-01   1.2221e-02
   2.1207e+00   7.7270e+00   8.3200e+01   1.0187e-02   1.4356e-01   8.5035e-03   6.0134e-04   1.1984e-01   8.4744e-03
   2.5464e+00   8.1527e+00   8.3700e+01   1.0469e-02   1.5013e-01   1.2738e-02   9.0075e-04   1.8266e-01   1.2916e-02
   2.3768e+00   7.9831e+00   8.4400e+01   1.0158e-02   1.4446e-01   1.2911e-02   9.1295e-04   1.8360e-01   1.2983e-02
   2.2903e+00   7.8966e+00   8.4700e+01   1.0060e-02   1.4254e-01   1.1587e-02   8.1940e-04   1.6419e-01   1.1611e-02
   2.2055e+00   7.8118e+00   8.4700e+01   1.0037e-02   1.4179e-01   1.2657e-02   8.9500e-04   1.7881e-01   1.2644e-02
   1.5246e+00   7.1309e+00   8.5000e+01   1.5769e-02   2.2440e-01   1.7697e-02   1.2519e-03   2.5185e-01   1.7816e-02
   1.4398e+00   7.0461e+00   8.5500e+01   1.5957e-02   2.2882e-01   1.8158e-02   1.2842e-03   2.6037e-01   1.8414e-02
   1.8646e+00   7.4709e+00   8.5700e+01   1.0807e-02   1.5187e-01   1.4406e-02   1.0187e-03   2.0245e-01   1.4315e-02
   1.3541e+00   6.9604e+00   8.6000e+01   1.4881e-02   2.1558e-01   1.7467e-02   1.2347e-03   2.5305e-01   1.7887e-02
   1.9502e+00   7.5565e+00   8.6000e+01   1.0355e-02   1.4552e-01   8.0662e-03   5.7039e-04   1.1336e-01   8.0161e-03
   1.1837e+00   6.7900e+00   8.6000e+01   1.2435e-02   1.8570e-01   1.2266e-02   8.6738e-04   1.8318e-01   1.2953e-02
   2.0359e+00   7.6422e+00   8.6200e+01   1.0097e-02   1.4204e-01   8.5035e-03   6.0134e-04   1.1962e-01   8.4595e-03
   1.7036e+00   7.3099e+00   8.6300e+01   1.2457e-02   1.7558e-01   1.5856e-02   1.1212e-03   2.2349e-01   1.5803e-02
   1.2685e+00   6.8748e+00   8.6300e+01   1.3506e-02   1.9830e-01   1.3900e-02   9.8291e-04   2.0408e-01   1.4431e-02
   1.0124e+00   6.6187e+00   8.6500e+01   1.0833e-02   1.7003e-01   1.1311e-02   7.9984e-04   1.7754e-01   1.2554e-02
   9.2673e-01   6.5330e+00   8.7300e+01   1.0183e-02   1.6560e-01   1.0471e-02   7.4046e-04   1.7029e-01   1.2042e-02
   1.1837e+00   6.7900e+00   8.7400e+01   1.2233e-02   1.8269e-01   1.2554e-02   8.8775e-04   1.8748e-01   1.3257e-02
   1.0980e+00   6.7043e+00   8.7700e+01   1.1341e-02   1.7312e-01   1.3003e-02   9.1939e-04   1.9848e-01   1.4034e-02
   1.6102e+00   7.2165e+00   8.7900e+01   1.3980e-02   1.9784e-01   1.6017e-02   1.1326e-03   2.2667e-01   1.6028e-02
   8.4279e-01   6.4491e+00   8.7900e+01   9.6310e-03   1.6373e-01   1.0310e-02   7.2907e-04   1.7527e-01   1.2394e-02
   1.7798e+00   7.3861e+00   8.8100e+01   1.1324e-02   1.5929e-01   1.3762e-02   9.7313e-04   1.9359e-01   1.3689e-02
   1.3541e+00   6.9604e+00   8.8500e+01   1.4490e-02   2.0992e-01   1.6570e-02   1.1714e-03   2.4005e-01   1.6970e-02
   1.2685e+00   6.8748e+00   8.8900e+01   1.3110e-02   1.9248e-01   1.3463e-02   9.5196e-04   1.9766e-01   1.3977e-02
   1.5246e+00   7.1309e+00   9.0200e+01   1.5121e-02   2.1518e-01   1.6938e-02   1.1979e-03   2.4104e-01   1.7046e-02
   1.7036e+00   7.3099e+00   9.0700e+01   1.2116e-02   1.7077e-01   1.5695e-02   1.1098e-03   2.2122e-01   1.5643e-02
   1.4398e+00   7.0461e+00   9.0700e+01   1.5207e-02   2.1806e-01   1.7559e-02   1.2416e-03   2.5179e-01   1.7803e-02
   1.7036e+00   7.3099e+00   9.2100e+01   1.2035e-02   1.6963e-01   1.4694e-02   1.0391e-03   2.0711e-01   1.4645e-02
   2.5464e+00   8.1527e+00   9.2500e+01   1.0043e-02   1.4402e-01   1.2554e-02   8.8775e-04   1.8002e-01   1.2730e-02
   2.4616e+00   8.0679e+00   9.2700e+01   9.8599e-03   1.4077e-01   1.1771e-02   8.3240e-04   1.6807e-01   1.1885e-02
   1.8646e+00   7.4709e+00   9.3000e+01   1.0325e-02   1.4510e-01   1.3751e-02   9.7232e-04   1.9323e-01   1.3664e-02
   2.3768e+00   7.9831e+00   9.3100e+01   9.6841e-03   1.3772e-01   1.2255e-02   8.6657e-04   1.7427e-01   1.2323e-02
   1.9502e+00   7.5565e+00   9.3300e+01   9.8847e-03   1.3892e-01   7.3528e-03   5.1988e-04   1.0333e-01   7.3061e-03
   2.1207e+00   7.7270e+00   9.3400e+01   9.5268e-03   1.3426e-01   8.4920e-03   6.0042e-04   1.1967e-01   8.4615e-03
   2.2055e+00   7.8118e+00   9.3400e+01   9.5039e-03   1.3426e-01   1.2485e-02   8.8280e-04   1.7637e-01   1.2471e-02
   2.2903e+00   7.8966e+00   9.3500e+01   9.5485e-03   1.3530e-01   1.1587e-02   8.1940e-04   1.6419e-01   1.1611e-02
   2.0359e+00   7.6422e+00   9.3500e+01   9.6344e-03   1.3553e-01   8.1698e-03   5.7764e-04   1.1493e-01   8.1260e-03
   1.6102e+00   7.2165e+00   9.3700e+01   1.3547e-02   1.9171e-01   1.5339e-02   1.0846e-03   2.1707e-01   1.5349e-02
   1.7798e+00   7.3861e+00   9.3900e+01   1.0986e-02   1.5455e-01   1.3244e-02   9.3654e-04   1.8631e-01   1.3174e-02
   9.2673e-01   6.5330e+00   9.7700e+01   8.9597e-03   1.4571e-01   8.9753e-03   6.3460e-04   1.4596e-01   1.0320e-02
   1.0980e+00   6.7043e+00   9.8000e+01   9.9313e-03   1.5160e-01   1.1000e-02   7.7786e-04   1.6792e-01   1.1874e-02
   1.0124e+00   6.6187e+00   9.8200e+01   9.3415e-03   1.4662e-01   1.0241e-02   7.2412e-04   1.6074e-01   1.1366e-02
   8.4279e-01   6.4491e+00   9.8200e+01   8.5234e-03   1.4490e-01   9.2630e-03   6.5497e-04   1.5747e-01   1.1134e-02
   1.3541e+00   6.9604e+00   9.8900e+01   1.3046e-02   1.8899e-01   1.4314e-02   1.0121e-03   2.0737e-01   1.4663e-02
   1.2685e+00   6.8748e+00   9.9300e+01   1.1592e-02   1.7019e-01   1.2738e-02   9.0075e-04   1.8702e-01   1.3225e-02
   2.1207e+00   7.7270e+00   1.0070e+02   9.1975e-03   1.2962e-01   6.8465e-03   4.8409e-04   9.6485e-02   6.8220e-03
   1.4398e+00   7.0461e+00   1.0100e+02   1.4146e-02   2.0285e-01   1.4878e-02   1.0521e-03   2.1334e-01   1.5086e-02
   2.0359e+00   7.6422e+00   1.0230e+02   9.2970e-03   1.3079e-01   7.6750e-03   5.4266e-04   1.0797e-01   7.6339e-03
   1.6102e+00   7.2165e+00   1.0240e+02   1.3394e-02   1.8955e-01   1.4499e-02   1.0253e-03   2.0518e-01   1.4509e-02
   1.7036e+00   7.3099e+00   1.0240e+02   1.1859e-02   1.6716e-01   1.4349e-02   1.0147e-03   2.0225e-01   1.4302e-02
   1.7798e+00   7.3861e+00   1.0270e+02   1.0855e-02   1.5270e-01   1.2899e-02   9.1214e-04   1.8145e-01   1.2831e-02
   2.4616e+00   8.0679e+00   1.0290e+02   9.3677e-03   1.3375e-01   1.1277e-02   7.9742e-04   1.6100e-01   1.1385e-02
   1.8646e+00   7.4709e+00   1.0320e+02   1.0079e-02   1.4164e-01   1.3083e-02   9.2514e-04   1.8386e-01   1.3001e-02
   1.9502e+00   7.5565e+00   1.0350e+02   9.5752e-03   1.3457e-01   6.0986e-03   4.3127e-04   8.5707e-02   6.0610e-03
   2.5464e+00   8.1527e+00   1.0410e+02   9.4688e-03   1.3578e-01   1.1139e-02   7.8764e-04   1.5972e-01   1.1294e-02
   8.4279e-01   6.4491e+00   1.0480e+02   7.8162e-03   1.3287e-01   9.2630e-03   6.5497e-04   1.5747e-01   1.1134e-02
   2.5464e+00   8.1527e+00   1.0560e+02   9.4089e-03   1.3492e-01   1.1311e-02   7.9984e-04   1.6220e-01   1.1469e-02
   2.4616e+00   8.0679e+00   1.0580e+02   9.2610e-03   1.3222e-01   1.1277e-02   7.9742e-04   1.6100e-01   1.1385e-02
   2.3768e+00   7.9831e+00   1.0620e+02   9.1147e-03   1.2962e-01   1.0920e-02   7.7210e-04   1.5529e-01   1.0980e-02
   2.1207e+00   7.7270e+00   1.0660e+02   9.0614e-03   1.2770e-01   7.9972e-03   5.6544e-04   1.1270e-01   7.9685e-03
   2.2055e+00   7.8118e+00   1.0660e+02   8.9915e-03   1.2702e-01   1.1829e-02   8.3643e-04   1.6711e-01   1.1816e-02
   2.2903e+00   7.8966e+00   1.0660e+02   9.0112e-03   1.2769e-01   1.1116e-02   7.8603e-04   1.5750e-01   1.1138e-02
   2.0359e+00   7.6422e+00   1.0670e+02   9.2415e-03   1.3001e-01   7.0076e-03   4.9548e-04   9.8580e-02   6.9702e-03
   1.5246e+00   7.1309e+00   1.0710e+02   1.4391e-02   2.0479e-01   1.5408e-02   1.0895e-03   2.1926e-01   1.5504e-02
   1.7798e+00   7.3861e+00   1.0710e+02   1.0963e-02   1.5422e-01   1.2726e-02   8.9994e-04   1.7902e-01   1.2660e-02
   1.4398e+00   7.0461e+00   1.0750e+02   1.3758e-02   1.9728e-01   1.5177e-02   1.0732e-03   2.1763e-01   1.5390e-02
   1.8646e+00   7.4709e+00   1.0750e+02   1.0136e-02   1.4244e-01   1.2094e-02   8.5518e-04   1.6995e-01   1.2018e-02
   1.3541e+00   6.9604e+00   1.0800e+02   1.2050e-02   1.7458e-01   1.4015e-02   9.9108e-04   2.0304e-01   1.4358e-02
   1.7036e+00   7.3099e+00   1.0820e+02   1.2076e-02   1.7021e-01   1.4176e-02   1.0025e-03   1.9981e-01   1.4130e-02
   1.1837e+00   6.7900e+00   1.0820e+02   9.3169e-03   1.3914e-01   1.0621e-02   7.5105e-04   1.5861e-01   1.1216e-02
   1.2685e+00   6.8748e+00   1.0840e+02   1.0408e-02   1.5280e-01   1.2163e-02   8.6002e-04   1.7857e-01   1.2627e-02
   1.0980e+00   6.7043e+00   1.0840e+02   8.5562e-03   1.3061e-01   1.0391e-02   7.3471e-04   1.5861e-01   1.1215e-02
   9.2673e-01   6.5330e+00   1.0930e+02   7.6206e-03   1.2393e-01   7.8246e-03   5.5325e-04   1.2725e-01   8.9972e-03
   1.9502e+00   7.5565e+00   1.0940e+02   9.6106e-03   1.3506e-01   6.4438e-03   4.5567e-04   9.0559e-02   6.4038e-03
   1.6102e+00   7.2165e+00   1.0980e+02   1.3697e-02   1.9384e-01   1.4326e-02   1.0129e-03   2.0274e-01   1.4335e-02
   1.0124e+00   6.6187e+00   1.0990e+02   7.8907e-03   1.2385e-01   9.4701e-03   6.6958e-04   1.4864e-01   1.0510e-02
   8.4279e-01   6.4491e+00   1.0990e+02   7.2901e-03   1.2393e-01   8.0778e-03   5.7120e-04   1.3732e-01   9.7103e-03
   8.4279e-01   6.4491e+00   1.1510e+02   6.7823e-03   1.1530e-01   7.3298e-03   5.1826e-04   1.2461e-01   8.8105e-03
   2.4616e+00   8.0679e+00   1.1600e+02   9.0875e-03   1.2975e-01   1.0609e-02   7.5024e-04   1.5147e-01   1.0712e-02
   2.5464e+00   8.1527e+00   1.1730e+02   9.1715e-03   1.3152e-01   1.0414e-02   7.3632e-04   1.4933e-01   1.0559e-02
   2.3768e+00   7.9831e+00   1.1790e+02   9.0147e-03   1.2820e-01   1.0920e-02   7.7210e-04   1.5529e-01   1.0980e-02
   2.1207e+00   7.7270e+00   1.1830e+02   9.1865e-03   1.2946e-01   7.3298e-03   5.1826e-04   1.0330e-01   7.3036e-03
   2.2903e+00   7.8966e+00   1.1830e+02   8.9843e-03   1.2731e-01   1.0644e-02   7.5266e-04   1.5082e-01   1.0665e-02
   1.7036e+00   7.3099e+00   1.1840e+02   1.2909e-02   1.8195e-01   1.3843e-02   9.7877e-04   1.9511e-01   1.3795e-02
   2.0359e+00   7.6422e+00   1.1840e+02   9.4801e-03   1.3336e-01   7.0076e-03   4.9548e-04   9.8580e-02   6.9702e-03
   1.5246e+00   7.1309e+00   1.1880e+02   1.4907e-02   2.1214e-01   1.5097e-02   1.0675e-03   2.1484e-01   1.5191e-02
   1.8646e+00   7.4709e+00   1.1920e+02   1.0730e-02   1.5078e-01   1.2911e-02   9.1295e-04   1.8143e-01   1.2829e-02
   1.4398e+00   7.0461e+00   1.1920e+02   1.3517e-02   1.9383e-01   1.4268e-02   1.0089e-03   2.0460e-01   1.4467e-02
   1.9502e+00   7.5565e+00   1.1960e+02   1.0021e-02   1.4083e-01   6.4438e-03   4.5567e-04   9.0559e-02   6.4038e-03
   1.3541e+00   6.9604e+00   1.1960e+02   1.1144e-02   1.6144e-01   1.2220e-02   8.6404e-04   1.7703e-01   1.2517e-02
   2.2055e+00   7.8118e+00   1.1970e+02   9.0677e-03   1.2810e-01   1.1656e-02   8.2423e-04   1.6467e-01   1.1644e-02
   1.1837e+00   6.7900e+00   1.1980e+02   7.9475e-03   1.1869e-01   8.8372e-03   6.2493e-04   1.3197e-01   9.3327e-03
   1.0980e+00   6.7043e+00   1.2010e+02   7.1900e-03   1.0975e-01   8.3884e-03   5.9317e-04   1.2805e-01   9.0545e-03
   1.7798e+00   7.3861e+00   1.2020e+02   1.1864e-02   1.6689e-01   1.2888e-02   9.1134e-04   1.8129e-01   1.2820e-02
   8.4279e-01   6.4491e+00   1.2030e+02   6.3098e-03   1.0727e-01   7.0306e-03   4.9709e-04   1.1952e-01   8.4505e-03
   1.2685e+00   6.8748e+00   1.2140e+02   9.0234e-03   1.3248e-01   1.0575e-02   7.4771e-04   1.5526e-01   1.0978e-02
   1.6102e+00   7.2165e+00   1.2140e+02   1.4762e-02   2.0890e-01   1.4142e-02   9.9994e-04   2.0013e-01   1.4151e-02
   1.0124e+00   6.6187e+00   1.2160e+02   6.6174e-03   1.0387e-01   7.6175e-03   5.3863e-04   1.1956e-01   8.4543e-03
   9.2673e-01   6.5330e+00   1.2230e+02   6.3037e-03   1.0251e-01   6.5013e-03   4.5970e-04   1.0573e-01   7.4759e-03
   2.3768e+00   7.9831e+00   1.2810e+02   9.2519e-03   1.3157e-01   1.0575e-02   7.4771e-04   1.5038e-01   1.0633e-02
   2.5464e+00   8.1527e+00   1.2900e+02   9.3318e-03   1.3382e-01   1.0586e-02   7.4852e-04   1.5180e-01   1.0733e-02
   2.4616e+00   8.0679e+00   1.2920e+02   9.3107e-03   1.3293e-01   1.0759e-02   7.6071e-04   1.5361e-01   1.0861e-02
   2.2903e+00   7.8966e+00   1.3000e+02   9.3394e-03   1.3234e-01   1.0483e-02   7.4127e-04   1.4854e-01   1.0504e-02
   2.2055e+00   7.8118e+00   1.3000e+02   9.4579e-03   1.3361e-01   1.1806e-02   8.3482e-04   1.6678e-01   1.1793e-02
   2.0359e+00   7.6422e+00   1.3010e+02   1.0107e-02   1.4218e-01   7.1687e-03   5.0687e-04   1.0085e-01   7.1305e-03
   1.5246e+00   7.1309e+00   1.3050e+02   1.5750e-02   2.2413e-01   1.5546e-02   1.0992e-03   2.2122e-01   1.5643e-02
   1.4398e+00   7.0461e+00   1.3090e+02   1.3559e-02   1.9443e-01   1.3969e-02   9.8774e-04   2.0031e-01   1.4164e-02
   1.8646e+00   7.4709e+00   1.3100e+02   1.1690e-02   1.6427e-01   1.3728e-02   9.7071e-04   1.9291e-01   1.3641e-02
   1.9502e+00   7.5565e+00   1.3130e+02   1.0805e-02   1.5185e-01   6.9616e-03   4.9226e-04   9.7836e-02   6.9180e-03
   1.3541e+00   6.9604e+00   1.3130e+02   1.0486e-02   1.5191e-01   1.1012e-02   7.7866e-04   1.5953e-01   1.1281e-02
   2.1207e+00   7.7270e+00   1.3140e+02   9.7707e-03   1.3769e-01   6.8350e-03   4.8328e-04   9.6322e-02   6.8107e-03
   1.1837e+00   6.7900e+00   1.3150e+02   6.8121e-03   1.0173e-01   7.0537e-03   4.9882e-04   1.0534e-01   7.4493e-03
   1.7036e+00   7.3099e+00   1.3160e+02   1.4363e-02   2.0245e-01   1.4832e-02   1.0488e-03   2.0906e-01   1.4783e-02
   1.2685e+00   6.8748e+00   1.3170e+02   8.1403e-03   1.1952e-01   8.9753e-03   6.3460e-04   1.3178e-01   9.3172e-03
   1.0980e+00   6.7043e+00   1.3180e+02   6.0634e-03   9.2556e-02   6.2367e-03   4.4105e-04   9.5200e-02   6.7325e-03
   1.0124e+00   6.6187e+00   1.3190e+02   5.6884e-03   8.9284e-02   5.9260e-03   4.1908e-04   9.3014e-02   6.5778e-03
   1.7798e+00   7.3861e+00   1.3200e+02   1.3022e-02   1.8318e-01   1.4073e-02   9.9511e-04   1.9796e-01   1.3998e-02
   9.2673e-01   6.5330e+00   1.3270e+02   5.4442e-03   8.8537e-02   4.8444e-03   3.4256e-04   7.8782e-02   5.5709e-03
   1.6102e+00   7.2165e+00   1.3320e+02   1.6039e-02   2.2697e-01   1.5143e-02   1.0708e-03   2.1430e-01   1.5154e-02
   8.4279e-01   6.4491e+00   1.3330e+02   5.3070e-03   9.0218e-02   5.8339e-03   4.1252e-04   9.9177e-02   7.0128e-03
   8.4279e-01   6.4491e+00   1.3980e+02   4.9045e-03   8.3377e-02   4.6372e-03   3.2794e-04   7.8833e-02   5.5750e-03
   2.5464e+00   8.1527e+00   1.4070e+02   9.5392e-03   1.3679e-01   1.1461e-02   8.1042e-04   1.6434e-01   1.1621e-02
   2.4616e+00   8.0679e+00   1.4090e+02   9.5623e-03   1.3653e-01   1.1254e-02   7.9581e-04   1.6067e-01   1.1362e-02
   2.3768e+00   7.9831e+00   1.4130e+02   9.5989e-03   1.3650e-01   1.1392e-02   8.0547e-04   1.6200e-01   1.1455e-02
   2.2903e+00   7.8966e+00   1.4170e+02   9.6934e-03   1.3735e-01   1.1392e-02   8.0547e-04   1.6142e-01   1.1413e-02
   2.1207e+00   7.7270e+00   1.4170e+02   1.0198e-02   1.4372e-01   7.6520e-03   5.4105e-04   1.0784e-01   7.6247e-03
   2.0359e+00   7.6422e+00   1.4180e+02   1.0692e-02   1.5041e-01   7.8131e-03   5.5244e-04   1.0991e-01   7.7715e-03
   1.5246e+00   7.1309e+00   1.4230e+02   1.6240e-02   2.3111e-01   1.6593e-02   1.1737e-03   2.3613e-01   1.6702e-02
   1.8646e+00   7.4709e+00   1.4280e+02   1.2481e-02   1.7539e-01   1.5028e-02   1.0627e-03   2.1118e-01   1.4933e-02
   1.3541e+00   6.9604e+00   1.4300e+02   9.7825e-03   1.4172e-01   9.9649e-03   7.0467e-04   1.4436e-01   1.0209e-02
   2.2055e+00   7.8118e+00   1.4320e+02   9.9102e-03   1.4000e-01   1.2128e-02   8.5760e-04   1.7133e-01   1.2115e-02
   1.1837e+00   6.7900e+00   1.4320e+02   5.8507e-03   8.7374e-02   5.5578e-03   3.9296e-04   8.2999e-02   5.8684e-03
   1.7036e+00   7.3099e+00   1.4340e+02   1.5315e-02   2.1587e-01   1.6328e-02   1.1541e-03   2.3014e-01   1.6267e-02
   1.2685e+00   6.8748e+00   1.4340e+02   7.2169e-03   1.0596e-01   6.8120e-03   4.8167e-04   1.0001e-01   7.0719e-03
   1.0980e+00   6.7043e+00   1.4350e+02   5.1477e-03   7.8577e-02   4.6948e-03   3.3197e-04   7.1663e-02   5.0674e-03
   1.6102e+00   7.2165e+00   1.4360e+02   1.6742e-02   2.3693e-01   1.6478e-02   1.1656e-03   2.3319e-01   1.6496e-02
   1.4398e+00   7.0461e+00   1.4390e+02   1.3322e-02   1.9103e-01   1.3509e-02   9.5518e-04   1.9371e-01   1.3697e-02
   9.2673e-01   6.5330e+00   1.4440e+02   4.6873e-03   7.6228e-02   3.5211e-03   2.4901e-04   5.7262e-02   4.0495e-03
   1.0124e+00   6.6187e+00   1.4490e+02   4.7620e-03   7.4744e-02   4.3841e-03   3.0999e-04   6.8812e-02   4.8656e-03
   8.4279e-01   6.4491e+00   1.4500e+02   4.6290e-03   7.8693e-02   4.6372e-03   3.2794e-04   7.8833e-02   5.5750e-03
   1.7798e+00   7.3861e+00   1.4530e+02   1.3955e-02   1.9630e-01   1.5074e-02   1.0659e-03   2.1204e-01   1.4994e-02
   2.4616e+00   8.0679e+00   1.4680e+02   9.5565e-03   1.3644e-01   1.1737e-02   8.2987e-04   1.6757e-01   1.1848e-02
   2.2055e+00   7.8118e+00   1.4760e+02   9.9587e-03   1.4069e-01   1.2784e-02   9.0397e-04   1.8060e-01   1.2770e-02
   2.5464e+00   8.1527e+00   1.4800e+02   9.4838e-03   1.3599e-01   1.1633e-02   8.2262e-04   1.6682e-01   1.1796e-02
   1.1837e+00   6.7900e+00   1.4840e+02   5.4605e-03   8.1547e-02   4.3726e-03   3.0919e-04   6.5299e-02   4.6174e-03
   2.3768e+00   7.9831e+00   1.4870e+02   9.6023e-03   1.3655e-01   1.1714e-02   8.2826e-04   1.6658e-01   1.1779e-02
   2.1207e+00   7.7270e+00   1.4900e+02   1.0322e-02   1.4547e-01   8.2964e-03   5.8662e-04   1.1692e-01   8.2669e-03
   2.2903e+00   7.8966e+00   1.4910e+02   9.7310e-03   1.3789e-01   1.1380e-02   8.0467e-04   1.6125e-01   1.1402e-02
   2.0359e+00   7.6422e+00   1.4910e+02   1.0857e-02   1.5273e-01   8.1468e-03   5.7603e-04   1.1461e-01   8.1033e-03
   1.0980e+00   6.7043e+00   1.5000e+02   4.7154e-03   7.1978e-02   3.7742e-03   2.6684e-04   5.7612e-02   4.0732e-03
   1.0124e+00   6.6187e+00   1.5010e+02   4.4617e-03   7.0030e-02   3.9238e-03   2.7743e-04   6.1588e-02   4.3545e-03
   1.8646e+00   7.4709e+00   1.5010e+02   1.2701e-02   1.7849e-01   1.5523e-02   1.0976e-03   2.1814e-01   1.5425e-02
   8.4279e-01   6.4491e+00   1.5020e+02   4.3934e-03   7.4687e-02   4.3381e-03   3.0677e-04   7.3747e-02   5.2151e-03
   1.9502e+00   7.5565e+00   1.5050e+02   1.1640e-02   1.6359e-01   8.7106e-03   6.1596e-04   1.2242e-01   8.6564e-03
   9.2673e-01   6.5330e+00   1.5090e+02   4.3573e-03   7.0861e-02   3.0263e-03   2.1403e-04   4.9215e-02   3.4806e-03
   1.5246e+00   7.1309e+00   1.5540e+02   1.5862e-02   2.2573e-01   1.7341e-02   1.2266e-03   2.4677e-01   1.7456e-02
   1.4398e+00   7.0461e+00   1.5570e+02   1.2547e-02   1.7992e-01   1.3808e-02   9.7635e-04   1.9800e-01   1.4000e-02
   1.3541e+00   6.9604e+00   1.5600e+02   8.7467e-03   1.2671e-01   8.9062e-03   6.2977e-04   1.2902e-01   9.1234e-03
   1.2685e+00   6.8748e+00   1.5630e+02   6.1991e-03   9.1015e-02   5.5117e-03   3.8973e-04   8.0924e-02   5.7221e-03
   1.7036e+00   7.3099e+00   1.5670e+02   1.5485e-02   2.1825e-01   1.8319e-02   1.2957e-03   2.5820e-01   1.8262e-02
   1.6102e+00   7.2165e+00   1.5690e+02   1.6668e-02   2.3588e-01   1.8814e-02   1.3302e-03   2.6624e-01   1.8824e-02
   1.7798e+00   7.3861e+00   1.5710e+02   1.4084e-02   1.9812e-01   1.6777e-02   1.1863e-03   2.3600e-01   1.6688e-02


   1.1648e-01   5.7228e+00   0.0000e+00   7.1910e-03   2.7075e+00   8.7055e-03   6.1557e-04   3.2778e+00   2.3177e-01
   2.3768e+00   7.9831e+00   0.0000e+00   1.2370e-01   1.7591e+00   1.3393e-01   9.4705e-03   1.9046e+00   1.3468e-01
   2.2903e+00   7.8966e+00   0.0000e+00   1.2536e-01   1.7762e+00   1.2947e-01   9.1549e-03   1.8345e+00   1.2972e-01
   2.2055e+00   7.8118e+00   0.0000e+00   1.2799e-01   1.8081e+00   1.4296e-01   1.0109e-02   2.0196e+00   1.4280e-01
   2.1207e+00   7.7270e+00   0.0000e+00   1.3188e-01   1.8586e+00   1.4611e-01   1.0329e-02   2.0590e+00   1.4556e-01
   2.0359e+00   7.6422e+00   0.0000e+00   1.3746e-01   1.9337e+00   1.4448e-01   1.0217e-02   2.0325e+00   1.4373e-01
   1.9502e+00   7.5565e+00   0.0000e+00   1.4548e-01   2.0445e+00   1.5788e-01   1.1161e-02   2.2187e+00   1.5685e-01
   1.8646e+00   7.4709e+00   0.0000e+00   1.5699e-01   2.2061e+00   1.6376e-01   1.1577e-02   2.3013e+00   1.6269e-01
   1.7798e+00   7.3861e+00   0.0000e+00   1.7326e-01   2.4372e+00   1.7208e-01   1.2165e-02   2.4206e+00   1.7113e-01
   1.6959e+00   7.3022e+00   0.0000e+00   1.9511e-01   2.7507e+00   1.8933e-01   1.3383e-02   2.6692e+00   1.8868e-01
   1.6102e+00   7.2165e+00   0.0000e+00   2.2019e-01   3.1161e+00   2.0333e-01   1.4377e-02   2.8775e+00   2.0346e-01
   1.5246e+00   7.1309e+00   0.0000e+00   2.3428e-01   3.3340e+00   2.1977e-01   1.5544e-02   3.1274e+00   2.2120e-01
   1.4398e+00   7.0461e+00   0.0000e+00   2.2200e-01   3.1833e+00   2.1033e-01   1.4874e-02   3.0160e+00   2.1329e-01
   1.3541e+00   6.9604e+00   0.0000e+00   1.9216e-01   2.7838e+00   1.8517e-01   1.3089e-02   2.6825e+00   1.8962e-01
   1.2685e+00   6.8748e+00   0.0000e+00   1.6428e-01   2.4119e+00   1.4895e-01   1.0532e-02   2.1868e+00   1.5463e-01
   1.1837e+00   6.7900e+00   0.0000e+00   1.4494e-01   2.1645e+00   1.3018e-01   9.2046e-03   1.9440e+00   1.3746e-01
   1.0980e+00   6.7043e+00   0.0000e+00   1.3215e-01   2.0173e+00   1.2409e-01   8.7744e-03   1.8942e+00   1.3394e-01
   1.0124e+00   6.6187e+00   0.0000e+00   1.2354e-01   1.9391e+00   1.1465e-01   8.1068e-03   1.7996e+00   1.2724e-01
   9.2673e-01   6.5330e+00   0.0000e+00   1.1721e-01   1.9062e+00   1.0035e-01   7.0952e-03   1.6319e+00   1.1539e-01
   8.4450e-01   6.4508e+00   0.0000e+00   1.1213e-01   1.9043e+00   1.0430e-01   7.3753e-03   1.7713e+00   1.2525e-01
   7.5971e-01   6.3660e+00   0.0000e+00   1.0708e-01   1.9257e+00   1.0430e-01   7.3753e-03   1.8757e+00   1.3263e-01
   6.7406e-01   6.2804e+00   0.0000e+00   1.0147e-01   1.9676e+00   1.0126e-01   7.1602e-03   1.9636e+00   1.3885e-01
   5.8927e-01   6.1956e+00   0.0000e+00   9.4710e-02   2.0280e+00   9.2635e-02   6.5504e-03   1.9835e+00   1.4026e-01
   5.0448e-01   6.1108e+00   0.0000e+00   8.5990e-02   2.1071e+00   8.6547e-02   6.1202e-03   2.1208e+00   1.4997e-01
   4.1968e-01   6.0260e+00   0.0000e+00   7.4440e-02   2.2063e+00   7.4575e-02   5.2730e-03   2.2102e+00   1.5628e-01
   2.7750e-01   5.8838e+00   0.0000e+00   4.6445e-02   2.4209e+00   5.0731e-02   3.5877e-03   2.6443e+00   1.8700e-01
   2.2012e-01   5.8264e+00   0.0000e+00   3.2078e-02   2.5227e+00   3.5715e-02   2.5254e-03   2.8087e+00   1.9860e-01
   1.5931e-01   5.7656e+00   0.0000e+00   1.6495e-02   2.6337e+00   1.8466e-02   1.3058e-03   2.9483e+00   2.0849e-01
   2.4616e+00   8.0679e+00   0.0000e+00   1.2283e-01   1.7537e+00   1.3119e-01   9.2767e-03   1.8731e+00   1.3245e-01
   2.5464e+00   8.1527e+00   0.0000e+00   1.2247e-01   1.7561e+00   1.3271e-01   9.3842e-03   1.9031e+00   1.3457e-01


   5.9955e+00   1.1602e+01   1.3300e+01   7.1654e-03   1.3251e-01   7.6599e-03   7.6599e-04   1.4165e-01   1.4165e-02
   5.9955e+00   1.1602e+01   1.9300e+01   6.8764e-03   1.2716e-01   7.1579e-03   7.1579e-04   1.3237e-01   1.3237e-02
   4.9677e+00   1.0574e+01   2.4900e+01   6.3093e-03   1.0803e-01   6.8911e-03   6.8911e-04   1.1799e-01   1.1799e-02
   5.9955e+00   1.1602e+01   2.5300e+01   6.5284e-03   1.2073e-01   5.8751e-03   5.8751e-04   1.0865e-01   1.0865e-02
   3.2547e+00   8.8610e+00   3.0400e+01   8.7219e-03   1.3094e-01   8.6881e-03   8.6881e-04   1.3043e-01   1.3043e-02
   4.9677e+00   1.0574e+01   3.0900e+01   6.7257e-03   1.1516e-01   7.6037e-03   7.6037e-04   1.3019e-01   1.3019e-02
   5.9955e+00   1.1602e+01   3.1300e+01   6.1590e-03   1.1390e-01   5.5610e-03   5.5610e-04   1.0284e-01   1.0284e-02
   3.2547e+00   8.8610e+00   3.6700e+01   9.9898e-03   1.4997e-01   9.5504e-03   9.5504e-04   1.4337e-01   1.4337e-02
   5.9955e+00   1.1602e+01   3.7800e+01   5.7790e-03   1.0687e-01   5.3414e-03   5.3414e-04   9.8778e-02   9.8778e-03
   4.9677e+00   1.0574e+01   3.7900e+01   7.0294e-03   1.2036e-01   7.4711e-03   7.4711e-04   1.2792e-01   1.2792e-02
   3.2547e+00   8.8610e+00   4.2400e+01   1.0802e-02   1.6216e-01   1.0250e-02   1.0250e-03   1.5388e-01   1.5388e-02
   4.9677e+00   1.0574e+01   4.2900e+01   7.1128e-03   1.2179e-01   7.7298e-03   7.7298e-04   1.3235e-01   1.3235e-02
   5.9955e+00   1.1602e+01   4.3800e+01   5.4819e-03   1.0138e-01   5.6522e-03   5.6522e-04   1.0452e-01   1.0452e-02
   3.2547e+00   8.8610e+00   4.8100e+01   1.1292e-02   1.6951e-01   1.1112e-02   1.1112e-03   1.6682e-01   1.6682e-02
   5.9955e+00   1.1602e+01   4.9300e+01   5.2744e-03   9.7538e-02   4.9631e-03   4.9631e-04   9.1782e-02   9.1782e-03
   4.9677e+00   1.0574e+01   4.9400e+01   7.0813e-03   1.2125e-01   7.7925e-03   7.7925e-04   1.3342e-01   1.3342e-02
   4.9677e+00   1.0574e+01   5.5400e+01   6.9613e-03   1.1919e-01   7.5948e-03   7.5948e-04   1.3004e-01   1.3004e-02
   3.2547e+00   8.8610e+00   5.5500e+01   1.1535e-02   1.7316e-01   1.2512e-02   1.2512e-03   1.8783e-01   1.8783e-02
   5.9955e+00   1.1602e+01   5.5800e+01   5.1168e-03   9.4623e-02   4.8053e-03   4.8053e-04   8.8864e-02   8.8864e-03
   3.2547e+00   8.8610e+00   6.0600e+01   1.1521e-02   1.7296e-01   1.2772e-02   1.2772e-03   1.9173e-01   1.9173e-02
   5.9955e+00   1.1602e+01   6.0800e+01   5.0536e-03   9.3456e-02   4.9607e-03   4.9607e-04   9.1737e-02   9.1737e-03
   4.9677e+00   1.0574e+01   6.1500e+01   6.8014e-03   1.1646e-01   7.6249e-03   7.6249e-04   1.3055e-01   1.3055e-02
   3.2547e+00   8.8610e+00   6.6900e+01   1.1376e-02   1.7078e-01   1.3870e-02   1.3870e-03   2.0822e-01   2.0822e-02
   4.9677e+00   1.0574e+01   6.7500e+01   6.6372e-03   1.1364e-01   7.2002e-03   7.2002e-04   1.2328e-01   1.2328e-02
   5.9955e+00   1.1602e+01   6.7800e+01   5.0225e-03   9.2880e-02   4.6784e-03   4.6784e-04   8.6517e-02   8.6517e-03
   4.9677e+00   1.0574e+01   7.3000e+01   6.4834e-03   1.1101e-01   6.8073e-03   6.8073e-04   1.1656e-01   1.1656e-02
   5.9955e+00   1.1602e+01   7.3300e+01   5.0145e-03   9.2732e-02   4.4270e-03   4.4270e-04   8.1868e-02   8.1868e-03
   4.9677e+00   1.0574e+01   7.7500e+01   6.3450e-03   1.0864e-01   6.0906e-03   6.0906e-04   1.0429e-01   1.0429e-02
   3.2547e+00   8.8610e+00   7.8500e+01   1.0835e-02   1.6266e-01   1.2235e-02   1.2235e-03   1.8367e-01   1.8367e-02
   5.9955e+00   1.1602e+01   7.8800e+01   4.9912e-03   9.2302e-02   4.3319e-03   4.3319e-04   8.0108e-02   8.0108e-03
   4.9677e+00   1.0574e+01   7.9500e+01   6.2766e-03   1.0747e-01   6.3827e-03   6.3827e-04   1.0929e-01   1.0929e-02
   3.2547e+00   8.8610e+00   8.2900e+01   1.0528e-02   1.5805e-01   1.1934e-02   1.1934e-03   1.7915e-01   1.7915e-02
   4.9677e+00   1.0574e+01   8.3000e+01   6.1424e-03   1.0517e-01   6.0557e-03   6.0557e-04   1.0369e-01   1.0369e-02
   5.9955e+00   1.1602e+01   8.3800e+01   4.9369e-03   9.1296e-02   4.2367e-03   4.2367e-04   7.8348e-02   7.8348e-03
   3.2547e+00   8.8610e+00   8.8300e+01   1.0068e-02   1.5114e-01   1.1462e-02   1.1462e-03   1.7207e-01   1.7207e-02
   5.9955e+00   1.1602e+01   8.9300e+01   4.8256e-03   8.9238e-02   4.1423e-03   4.1423e-04   7.6603e-02   7.6603e-03
   3.2547e+00   8.8610e+00   9.2600e+01   9.6415e-03   1.4474e-01   1.0795e-02   1.0795e-03   1.6206e-01   1.6206e-02
   3.2547e+00   8.8610e+00   9.3500e+01   9.5473e-03   1.4333e-01   1.0193e-02   1.0193e-03   1.5302e-01   1.5302e-02
   4.9677e+00   1.0574e+01   9.4500e+01   5.5421e-03   9.4894e-02   5.4008e-03   5.4008e-04   9.2474e-02   9.2474e-03
   5.9955e+00   1.1602e+01   9.5300e+01   4.6365e-03   8.5741e-02   4.0780e-03   4.0780e-04   7.5415e-02   7.5415e-03
   4.9677e+00   1.0574e+01   9.5500e+01   5.4791e-03   9.3815e-02   4.9452e-03   4.9452e-04   8.4673e-02   8.4673e-03
   5.9955e+00   1.1602e+01   1.0080e+02   4.4072e-03   8.1501e-02   3.8584e-03   3.8584e-04   7.1353e-02   7.1353e-03
   4.9677e+00   1.0574e+01   1.0110e+02   5.1091e-03   8.7480e-02   4.7809e-03   4.7809e-04   8.1860e-02   8.1860e-03
   5.9955e+00   1.1602e+01   1.0720e+02   4.0945e-03   7.5719e-02   4.2001e-03   4.2001e-04   7.7671e-02   7.7671e-03
   4.9677e+00   1.0574e+01   1.0860e+02   4.6197e-03   7.9100e-02   4.6475e-03   4.6475e-04   7.9575e-02   7.9575e-03
   3.2547e+00   8.8610e+00   1.0990e+02   7.9145e-03   1.1881e-01   9.8596e-03   9.8596e-04   1.4801e-01   1.4801e-02
   5.9955e+00   1.1602e+01   1.1370e+02   3.7601e-03   6.9536e-02   3.9178e-03   3.9178e-04   7.2451e-02   7.2451e-03
   4.9677e+00   1.0574e+01   1.1460e+02   4.2921e-03   7.3490e-02   4.4181e-03   4.4181e-04   7.5647e-02   7.5647e-03
   3.2547e+00   8.8610e+00   1.1580e+02   7.5790e-03   1.1378e-01   9.2250e-03   9.2250e-04   1.3849e-01   1.3849e-02
   5.9955e+00   1.1602e+01   1.1970e+02   3.4684e-03   6.4141e-02   3.6038e-03   3.6038e-04   6.6644e-02   6.6644e-03
   3.2547e+00   8.8610e+00   1.2220e+02   7.4609e-03   1.1200e-01   8.8834e-03   8.8834e-04   1.3336e-01   1.3336e-02
   5.9955e+00   1.1602e+01   1.2620e+02   3.1985e-03   5.9149e-02   3.0709e-03   3.0709e-04   5.6790e-02   5.6790e-03
   4.9677e+00   1.0574e+01   1.2710e+02   3.9034e-03   6.6835e-02   3.9577e-03   3.9577e-04   6.7764e-02   6.7764e-03
   3.2547e+00   8.8610e+00   1.2830e+02   7.5546e-03   1.1341e-01   9.3145e-03   9.3145e-04   1.3983e-01   1.3983e-02
   5.9955e+00   1.1602e+01   1.3220e+02   3.0057e-03   5.5584e-02   2.8505e-03   2.8505e-04   5.2713e-02   5.2713e-03
   4.9677e+00   1.0574e+01   1.3370e+02   3.8126e-03   6.5281e-02   4.0528e-03   4.0528e-04   6.9393e-02   6.9393e-03
   3.2547e+00   8.8610e+00   1.3410e+02   7.7417e-03   1.1622e-01   8.8020e-03   8.8020e-04   1.3214e-01   1.3214e-02
   4.9677e+00   1.0574e+01   1.4020e+02   3.7139e-03   6.3590e-02   3.8226e-03   3.8226e-04   6.5452e-02   6.5452e-03
   5.9955e+00   1.1602e+01   1.4020e+02   2.8350e-03   5.2427e-02   2.7244e-03   2.7244e-04   5.0382e-02   5.0382e-03
   3.2547e+00   8.8610e+00   1.4110e+02   7.9326e-03   1.1909e-01   8.9403e-03   8.9403e-04   1.3421e-01   1.3421e-02
   5.9955e+00   1.1602e+01   1.4520e+02   2.7710e-03   5.1244e-02   2.5039e-03   2.5039e-04   4.6305e-02   4.6305e-03
   4.9677e+00   1.0574e+01   1.4670e+02   3.5375e-03   6.0569e-02   4.0154e-03   4.0154e-04   6.8753e-02   6.8753e-03
   3.2547e+00   8.8610e+00   1.4760e+02   7.9313e-03   1.1907e-01   9.9734e-03   9.9734e-04   1.4972e-01   1.4972e-02
   5.9955e+00   1.1602e+01   1.5320e+02   2.7160e-03   5.0226e-02   2.5023e-03   2.5023e-04   4.6275e-02   4.6275e-03
   4.9677e+00   1.0574e+01   1.5320e+02   3.2518e-03   5.5678e-02   4.0455e-03   4.0455e-04   6.9268e-02   6.9268e-03
   5.9955e+00   1.1602e+01   1.6070e+02   2.6951e-03   4.9840e-02   2.4698e-03   2.4698e-04   4.5673e-02   4.5673e-03


   1.2000e-01   5.7263e+00   0.0000e+00   7.8469e-03   2.7018e+00   8.1658e-03   3.1009e-03   2.8116e+00   1.0677e+00
   2.1892e+00   7.7955e+00   0.0000e+00   1.2863e-01   1.8162e+00   1.2507e-01   1.2404e-02   1.7660e+00   1.7514e-01
   2.1164e+00   7.7227e+00   0.0000e+00   1.3212e-01   1.8617e+00   1.3747e-01   1.3437e-02   1.9372e+00   1.8935e-01
   2.0196e+00   7.6259e+00   0.0000e+00   1.3877e-01   1.9516e+00   1.5195e-01   1.4471e-02   2.1370e+00   2.0352e-01
   1.9622e+00   7.5685e+00   0.0000e+00   1.4417e-01   2.0264e+00   1.4574e-01   1.4471e-02   2.0484e+00   2.0339e-01
   1.8706e+00   7.4769e+00   0.0000e+00   1.5604e-01   2.1927e+00   1.6228e-01   1.5505e-02   2.2805e+00   2.1788e-01
   1.7918e+00   7.3981e+00   0.0000e+00   1.7061e-01   2.3994e+00   1.7779e-01   1.6538e-02   2.5004e+00   2.3259e-01
   1.7181e+00   7.3244e+00   0.0000e+00   1.8879e-01   2.6597e+00   1.9019e-01   1.8606e-02   2.6795e+00   2.6212e-01
   1.6282e+00   7.2345e+00   0.0000e+00   2.1518e-01   3.0423e+00   2.0466e-01   1.9639e-02   2.8936e+00   2.7767e-01
   1.5374e+00   7.1437e+00   0.0000e+00   2.3367e-01   3.3221e+00   2.2120e-01   2.1707e-02   3.1448e+00   3.0860e-01
   1.4740e+00   7.0803e+00   0.0000e+00   2.3018e-01   3.2896e+00   2.1190e-01   2.0673e-02   3.0283e+00   2.9544e-01
   1.3867e+00   6.9930e+00   0.0000e+00   2.0411e-01   2.9444e+00   1.9226e-01   1.8606e-02   2.7735e+00   2.6840e-01
   1.3062e+00   6.9125e+00   0.0000e+00   1.7558e-01   2.5617e+00   1.7365e-01   1.6538e-02   2.5335e+00   2.4129e-01
   2.2697e+00   7.8760e+00   0.0000e+00   1.2589e-01   1.7825e+00   1.3127e-01   1.2404e-02   1.8586e+00   1.7562e-01
   1.2248e+00   6.8311e+00   0.0000e+00   1.5332e-01   2.2696e+00   1.6125e-01   1.5505e-02   2.3870e+00   2.2952e-01
   1.0758e+00   6.6821e+00   0.0000e+00   1.2960e-01   1.9915e+00   1.3954e-01   1.3437e-02   2.1442e+00   2.0648e-01
   9.9525e-01   6.6015e+00   0.0000e+00   1.2214e-01   1.9295e+00   1.2404e-01   1.1370e-02   1.9594e+00   1.7961e-01
   9.0874e-01   6.5150e+00   0.0000e+00   1.1605e-01   1.9036e+00   1.1680e-01   1.1370e-02   1.9159e+00   1.8651e-01
   8.3397e-01   6.4403e+00   0.0000e+00   1.1151e-01   1.9058e+00   1.0957e-01   1.0336e-02   1.8726e+00   1.7666e-01
   7.4301e-01   6.3493e+00   0.0000e+00   1.0605e-01   1.9323e+00   1.0750e-01   1.0336e-02   1.9587e+00   1.8834e-01
   6.6798e-01   6.2743e+00   0.0000e+00   1.0103e-01   1.9714e+00   9.5095e-02   8.2692e-03   1.8555e+00   1.6135e-01
   5.9398e-01   6.2003e+00   0.0000e+00   9.5129e-02   2.0241e+00   9.8196e-02   9.3028e-03   2.0894e+00   1.9794e-01
   5.1304e-01   6.1193e+00   0.0000e+00   8.6984e-02   2.0982e+00   9.0961e-02   8.2692e-03   2.1942e+00   1.9947e-01
   4.2602e-01   6.0323e+00   0.0000e+00   7.5422e-02   2.1981e+00   6.7187e-02   6.2019e-03   1.9581e+00   1.8075e-01
   3.5099e-01   5.9573e+00   0.0000e+00   6.2389e-02   2.3023e+00   5.1682e-02   5.1682e-03   1.9072e+00   1.9072e-01
   2.7100e-01   5.8773e+00   0.0000e+00   4.4886e-02   2.4321e+00   4.8581e-02   5.1682e-03   2.6323e+00   2.8003e-01
   1.8997e-01   5.7963e+00   0.0000e+00   2.4236e-02   2.5779e+00   2.5841e-02   3.1009e-03   2.7487e+00   3.2984e-01
   1.1503e+00   6.7566e+00   0.0000e+00   1.3930e-01   2.0968e+00   1.4471e-01   1.4471e-02   2.1783e+00   2.1783e-01
   2.3502e+00   7.9565e+00   0.0000e+00   1.2411e-01   1.7629e+00   1.3024e-01   1.2404e-02   1.8500e+00   1.7619e-01


