   6.7466e+00   8.3336e+00   1.0765e+02   2.3813e-04   1.1853e-02   2.8308e-03   1.4154e-04   1.4090e-01   7.0451e-03
   6.8927e+00   8.4797e+00   1.1364e+02   6.8724e-04   3.4212e-02   5.9902e-03   2.9951e-04   2.9820e-01   1.4910e-02
   7.0388e+00   8.6258e+00   1.1612e+02   1.7138e-03   8.5344e-02   9.1533e-03   4.5766e-04   4.5583e-01   2.2791e-02
   7.1849e+00   8.7719e+00   1.1960e+02   4.0727e-03   2.0293e-01   1.3606e-02   6.8028e-04   6.7792e-01   3.3896e-02
   7.3267e+00   8.9137e+00   1.2048e+02   7.8576e-03   3.9180e-01   1.6476e-02   8.2379e-04   8.2152e-01   4.1076e-02
   7.4642e+00   9.0512e+00   1.2225e+02   1.1186e-02   5.5822e-01   1.7566e-02   8.7830e-04   8.7662e-01   4.3831e-02
   7.5974e+00   9.1844e+00   1.2194e+02   1.0870e-02   5.4298e-01   1.4630e-02   7.3148e-04   7.3078e-01   3.6539e-02
   7.7435e+00   9.3305e+00   1.2406e+02   9.0061e-03   4.5041e-01   1.7288e-02   8.6213e-04   8.6460e-01   4.3117e-02
   7.8810e+00   9.4680e+00   1.2442e+02   7.0580e-03   3.5343e-01   1.6196e-02   8.0980e-04   8.1102e-01   4.0551e-02
   8.0400e+00   9.6270e+00   1.2458e+02   5.4367e-03   2.7268e-01   1.5551e-02   7.7478e-04   7.7998e-01   3.8859e-02
   8.1646e+00   9.7516e+00   1.2573e+02   4.6416e-03   2.3311e-01   1.3834e-02   6.9474e-04   6.9478e-01   3.4892e-02
   8.4740e+00   1.0061e+01   1.2729e+02   3.3568e-03   1.6922e-01   1.3245e-02   6.6298e-04   6.6769e-01   3.3421e-02
   8.7662e+00   1.0353e+01   1.2807e+02   2.6583e-03   1.3453e-01   1.2301e-02   6.1585e-04   6.2252e-01   3.1167e-02
   9.0499e+00   1.0637e+01   1.2933e+02   2.2497e-03   1.1433e-01   1.2185e-02   6.0833e-04   6.1922e-01   3.0915e-02
   9.3249e+00   1.0912e+01   1.2959e+02   1.9442e-03   9.9228e-02   1.1655e-02   5.8178e-04   5.9485e-01   2.9693e-02
   9.6300e+00   1.1217e+01   1.2991e+02   1.6986e-03   8.7132e-02   1.1463e-02   5.7314e-04   5.8800e-01   2.9400e-02
   9.9179e+00   1.1505e+01   1.3057e+02   1.5327e-03   7.9019e-02   1.1403e-02   5.7015e-04   5.8787e-01   2.9394e-02
   1.0227e+01   1.1814e+01   1.3127e+02   1.3932e-03   7.2228e-02   9.8669e-03   4.9334e-04   5.1153e-01   2.5577e-02


   6.7466e+00   8.3336e+00   9.3866e+01   2.0806e-04   1.0356e-02   4.3497e-03   2.1682e-04   2.1651e-01   1.0792e-02
   6.8927e+00   8.4797e+00   9.0588e+01   5.4206e-04   2.6985e-02   6.1993e-03   3.0997e-04   3.0862e-01   1.5431e-02
   7.0302e+00   8.6172e+00   9.5921e+01   1.2547e-03   6.2480e-02   8.0980e-03   4.0490e-04   4.0326e-01   2.0163e-02
   7.1763e+00   8.7633e+00   1.0105e+02   2.9385e-03   1.4641e-01   1.4319e-02   7.1476e-04   7.1345e-01   3.5613e-02
   7.3181e+00   8.9051e+00   1.0375e+02   5.8290e-03   2.9063e-01   1.8392e-02   9.1820e-04   9.1700e-01   4.5781e-02
   7.4556e+00   9.0426e+00   1.0435e+02   8.2886e-03   4.1361e-01   2.0598e-02   1.0299e-03   1.0279e+00   5.1394e-02
   7.5888e+00   9.1758e+00   1.0545e+02   8.3625e-03   4.1770e-01   2.0568e-02   1.0267e-03   1.0274e+00   5.1283e-02
   7.7392e+00   9.3262e+00   1.0857e+02   6.9671e-03   3.4842e-01   2.1244e-02   1.0622e-03   1.0624e+00   5.3120e-02
   7.8853e+00   9.4723e+00   1.0973e+02   5.4387e-03   2.7235e-01   2.0340e-02   1.0149e-03   1.0186e+00   5.0824e-02
   8.0185e+00   9.6055e+00   1.0931e+02   4.3243e-03   2.1684e-01   1.7405e-02   8.7023e-04   8.7273e-01   4.3637e-02
   8.1560e+00   9.7430e+00   1.1096e+02   3.6321e-03   1.8240e-01   1.6705e-02   8.3523e-04   8.3888e-01   4.1944e-02
   8.4611e+00   1.0048e+01   1.1226e+02   2.6133e-03   1.3172e-01   1.4417e-02   7.1817e-04   7.2665e-01   3.6197e-02
   8.7405e+00   1.0327e+01   1.1427e+02   2.1261e-03   1.0756e-01   1.2252e-02   6.0963e-04   6.1986e-01   3.0842e-02
   9.0370e+00   1.0624e+01   1.1477e+02   1.7553e-03   8.9184e-02   1.1518e-02   5.7525e-04   5.8522e-01   2.9228e-02
   9.3120e+00   1.0899e+01   1.1572e+02   1.5331e-03   7.8230e-02   1.0606e-02   5.3170e-04   5.4122e-01   2.7131e-02
   9.6085e+00   1.1195e+01   1.1671e+02   1.3589e-03   6.9680e-02   1.0142e-02   5.0638e-04   5.2008e-01   2.5966e-02
   9.8964e+00   1.1483e+01   1.1651e+02   1.2071e-03   6.2209e-02   8.9552e-03   4.4776e-04   4.6150e-01   2.3075e-02
   1.0201e+01   1.1788e+01   1.1777e+02   1.1090e-03   5.7467e-02   9.2675e-03   4.6338e-04   4.8023e-01   2.4012e-02


