   4.4511e+00   6.0375e+00   4.8403e+01   1.0712e-03   5.5832e-02   1.3120e-03   1.3120e-04   6.8385e-02   6.8385e-03
   7.7615e+00   9.3480e+00   3.3794e+01   6.7352e-03   3.3689e-01   6.3598e-03   6.3598e-04   3.1812e-01   3.1812e-02
   7.6190e+00   9.2055e+00   3.3910e+01   6.6755e-03   3.3351e-01   6.3878e-03   6.3878e-04   3.1914e-01   3.1914e-02
   7.4764e+00   9.0629e+00   3.4036e+01   6.5875e-03   3.2877e-01   6.0872e-03   6.0872e-04   3.0380e-01   3.0380e-02
   7.3338e+00   8.9203e+00   3.4170e+01   6.4775e-03   3.2300e-01   6.3150e-03   6.3150e-04   3.1489e-01   3.1489e-02
   7.1913e+00   8.7777e+00   3.4315e+01   6.3531e-03   3.1656e-01   6.2875e-03   6.2875e-04   3.1330e-01   3.1330e-02
   7.0430e+00   8.6295e+00   3.4478e+01   6.2161e-03   3.0956e-01   6.4775e-03   6.4775e-04   3.2258e-01   3.2258e-02
   7.9098e+00   9.4963e+00   3.3680e+01   6.7658e-03   3.3889e-01   6.1992e-03   6.1992e-04   3.1051e-01   3.1051e-02
   6.7578e+00   8.3443e+00   3.4835e+01   5.9678e-03   2.9705e-01   6.5991e-03   6.5991e-04   3.2847e-01   3.2847e-02
   6.4727e+00   8.0592e+00   3.5261e+01   5.8365e-03   2.9063e-01   6.6642e-03   6.6642e-04   3.3184e-01   3.3184e-02
   6.1819e+00   7.7683e+00   3.5793e+01   6.0490e-03   3.0165e-01   7.0501e-03   7.0501e-04   3.5158e-01   3.5158e-02
   5.8967e+00   7.4832e+00   3.6446e+01   7.1855e-03   3.5928e-01   7.6800e-03   7.6800e-04   3.8401e-01   3.8401e-02
   5.6053e+00   7.1918e+00   3.7313e+01   1.1000e-02   5.5232e-01   1.0854e-02   1.0854e-03   5.4500e-01   5.4500e-02
   5.3167e+00   6.9032e+00   3.8480e+01   7.4760e-03   3.7758e-01   7.0759e-03   7.0759e-04   3.5737e-01   3.5737e-02
   5.0282e+00   6.6147e+00   4.0176e+01   4.1607e-03   2.1181e-01   4.1605e-03   4.1605e-04   2.1179e-01   2.1179e-02
   4.7396e+00   6.3261e+00   4.2921e+01   2.5126e-03   1.2923e-01   2.6546e-03   2.6546e-04   1.3654e-01   1.3654e-02
   6.9004e+00   8.4869e+00   3.4649e+01   6.0856e-03   3.0296e-01   6.6658e-03   6.6658e-04   3.3184e-01   3.3184e-02
   7.9212e+00   9.5077e+00   4.0288e+01   7.1018e-03   3.5576e-01   6.6537e-03   6.6537e-04   3.3331e-01   3.3331e-02
   7.4764e+00   9.0629e+00   4.0724e+01   6.9099e-03   3.4486e-01   6.9008e-03   6.9008e-04   3.4441e-01   3.4441e-02
   7.0430e+00   8.6295e+00   4.1254e+01   6.4847e-03   3.2294e-01   6.6021e-03   6.6021e-04   3.2879e-01   3.2879e-02
   7.1913e+00   8.7777e+00   4.7881e+01   6.6008e-03   3.2891e-01   7.9179e-03   7.9179e-04   3.9453e-01   3.9453e-02
   7.9098e+00   9.4963e+00   4.6996e+01   7.0199e-03   3.5162e-01   7.1522e-03   7.1522e-04   3.5824e-01   3.5824e-02
   7.7615e+00   9.3480e+00   4.7154e+01   6.9842e-03   3.4935e-01   7.7153e-03   7.7153e-04   3.8592e-01   3.8592e-02
   7.6190e+00   9.2055e+00   4.7317e+01   6.9208e-03   3.4577e-01   7.3998e-03   7.3998e-04   3.6970e-01   3.6970e-02
   7.4764e+00   9.0629e+00   4.7491e+01   6.8338e-03   3.4107e-01   7.6194e-03   7.6194e-04   3.8027e-01   3.8027e-02
   7.3338e+00   8.9203e+00   4.7679e+01   6.7266e-03   3.3542e-01   7.2145e-03   7.2145e-04   3.5975e-01   3.5975e-02
   7.0430e+00   8.6295e+00   4.8109e+01   6.4530e-03   3.2136e-01   7.5339e-03   7.5339e-04   3.7519e-01   3.7519e-02
   6.7578e+00   8.3443e+00   4.8607e+01   6.1513e-03   3.0618e-01   6.9278e-03   6.9278e-04   3.4483e-01   3.4483e-02
   6.9004e+00   8.4869e+00   4.8348e+01   6.3010e-03   3.1368e-01   7.4265e-03   7.4265e-04   3.6971e-01   3.6971e-02
   4.7396e+00   6.3261e+00   6.0139e+01   2.2601e-03   1.1625e-01   2.7645e-03   2.7645e-04   1.4219e-01   1.4219e-02
   5.0282e+00   6.6147e+00   5.6167e+01   3.7350e-03   1.9014e-01   3.9483e-03   3.9483e-04   2.0099e-01   2.0099e-02
   5.3167e+00   6.9032e+00   5.3746e+01   6.4203e-03   3.2427e-01   6.3510e-03   6.3510e-04   3.2076e-01   3.2076e-02
   4.4511e+00   6.0375e+00   6.8337e+01   9.5374e-04   4.9710e-02   1.2915e-03   1.2915e-04   6.7317e-02   6.7317e-03
   5.8967e+00   7.4832e+00   5.0869e+01   6.7052e-03   3.3527e-01   7.6369e-03   7.6369e-04   3.8186e-01   3.8186e-02
   6.1819e+00   7.7683e+00   4.9950e+01   5.9613e-03   2.9728e-01   6.8845e-03   6.8845e-04   3.4332e-01   3.4332e-02
   6.4727e+00   8.0592e+00   4.9204e+01   5.9254e-03   2.9506e-01   6.8267e-03   6.8267e-04   3.3994e-01   3.3994e-02
   5.6053e+00   7.1918e+00   5.2092e+01   9.3823e-03   4.7110e-01   9.6800e-03   9.6800e-04   4.8604e-01   4.8604e-02
   7.1913e+00   8.7777e+00   5.5493e+01   6.3536e-03   3.1659e-01   8.2838e-03   8.2838e-04   4.1277e-01   4.1277e-02
   7.9098e+00   9.4963e+00   5.4468e+01   6.7088e-03   3.3603e-01   7.7543e-03   7.7543e-04   3.8840e-01   3.8840e-02
   7.6190e+00   9.2055e+00   5.4840e+01   6.6019e-03   3.2984e-01   8.2135e-03   8.2135e-04   4.1035e-01   4.1035e-02
   7.4764e+00   9.0629e+00   5.5042e+01   6.5302e-03   3.2591e-01   7.8794e-03   7.8794e-04   3.9325e-01   3.9325e-02
   7.3338e+00   8.9203e+00   5.5259e+01   6.4484e-03   3.2154e-01   8.3624e-03   8.3624e-04   4.1698e-01   4.1698e-02
   7.0430e+00   8.6295e+00   5.5758e+01   6.2390e-03   3.1070e-01   8.2039e-03   8.2039e-04   4.0855e-01   4.0855e-02
   7.7615e+00   9.3480e+00   5.4651e+01   6.6628e-03   3.3327e-01   8.1682e-03   8.1682e-04   4.0857e-01   4.0857e-02
   6.7578e+00   8.3443e+00   5.6335e+01   5.9889e-03   2.9810e-01   7.8452e-03   7.8452e-04   3.9050e-01   3.9050e-02
   6.4727e+00   8.0592e+00   5.7028e+01   5.7787e-03   2.8775e-01   7.4582e-03   7.4582e-04   3.7138e-01   3.7138e-02
   6.1819e+00   7.7683e+00   5.7894e+01   5.7567e-03   2.8708e-01   6.7841e-03   6.7841e-04   3.3831e-01   3.3831e-02
   5.8967e+00   7.4832e+00   5.8964e+01   6.2929e-03   3.1465e-01   7.1832e-03   7.1832e-04   3.5917e-01   3.5917e-02
   5.6053e+00   7.1918e+00   6.0391e+01   8.3546e-03   4.1949e-01   8.6704e-03   8.6704e-04   4.3535e-01   4.3535e-02
   5.3167e+00   6.9032e+00   6.2328e+01   5.7687e-03   2.9135e-01   6.1183e-03   6.1183e-04   3.0901e-01   3.0901e-02
   5.0282e+00   6.6147e+00   6.5178e+01   3.4487e-03   1.7556e-01   3.8593e-03   3.8593e-04   1.9646e-01   1.9646e-02
   4.7396e+00   6.3261e+00   6.9904e+01   2.0956e-03   1.0779e-01   2.5391e-03   2.5391e-04   1.3060e-01   1.3060e-02
   4.4511e+00   6.0375e+00   7.9942e+01   8.8330e-04   4.6039e-02   9.8303e-04   9.8303e-05   5.1237e-02   5.1237e-03
   6.9004e+00   8.4869e+00   5.6034e+01   6.1158e-03   3.0446e-01   8.1073e-03   8.1073e-04   4.0360e-01   4.0360e-02
   7.4764e+00   9.0629e+00   6.0765e+01   6.3370e-03   3.1627e-01   8.2053e-03   8.2053e-04   4.0952e-01   4.0952e-02
   7.6190e+00   9.2055e+00   6.0543e+01   6.4036e-03   3.1993e-01   8.6716e-03   8.6716e-04   4.3324e-01   4.3324e-02
   7.7615e+00   9.3480e+00   6.0335e+01   6.4660e-03   3.2343e-01   8.0151e-03   8.0151e-04   4.0092e-01   4.0092e-02
   7.3338e+00   8.9203e+00   6.1005e+01   6.2657e-03   3.1243e-01   8.9299e-03   8.9299e-04   4.4528e-01   4.4528e-02
   7.9098e+00   9.4963e+00   6.0134e+01   6.5200e-03   3.2658e-01   7.9556e-03   7.9556e-04   3.9849e-01   3.9849e-02
   7.1913e+00   8.7777e+00   6.1263e+01   6.1851e-03   3.0819e-01   9.0685e-03   9.0685e-04   4.5186e-01   4.5186e-02
   6.1819e+00   7.7683e+00   6.3916e+01   5.5869e-03   2.7861e-01   6.7518e-03   6.7518e-04   3.3670e-01   3.3670e-02
   6.9004e+00   8.4869e+00   6.1860e+01   5.9785e-03   2.9762e-01   8.4037e-03   8.4037e-04   4.1836e-01   4.1836e-02
   6.7578e+00   8.3443e+00   6.2192e+01   5.8636e-03   2.9186e-01   7.7693e-03   7.7693e-04   3.8672e-01   3.8672e-02
   6.4727e+00   8.0592e+00   6.2957e+01   5.6583e-03   2.8176e-01   7.4072e-03   7.4072e-04   3.6885e-01   3.6885e-02
   5.8967e+00   7.4832e+00   6.5100e+01   5.9662e-03   2.9832e-01   6.6216e-03   6.6216e-04   3.3109e-01   3.3109e-02
   5.6053e+00   7.1918e+00   6.6684e+01   7.6103e-03   3.8212e-01   8.5222e-03   8.5222e-04   4.2791e-01   4.2791e-02
   5.3167e+00   6.9032e+00   6.8840e+01   5.3073e-03   2.6805e-01   5.9146e-03   5.9146e-04   2.9872e-01   2.9872e-02
   5.0282e+00   6.6147e+00   7.2028e+01   3.2319e-03   1.6453e-01   3.9141e-03   3.9141e-04   1.9925e-01   1.9925e-02
   4.7396e+00   6.3261e+00   7.7367e+01   1.9695e-03   1.0130e-01   2.4670e-03   2.4670e-04   1.2689e-01   1.2689e-02
   7.0430e+00   8.6295e+00   6.1555e+01   6.0867e-03   3.0312e-01   8.6190e-03   8.6190e-04   4.2922e-01   4.2922e-02


