   7.0100e-01   2.2880e+00   5.5000e+01   5.4890e-07   1.8958e-04   1.1400e-06   2.0000e-07   3.9373e-04   6.9076e-05
   8.0200e-01   2.3890e+00   5.5000e+01   6.7988e-07   1.7945e-04   1.4600e-06   8.0000e-08   3.8535e-04   2.1115e-05
   9.0200e-01   2.4890e+00   5.5000e+01   8.0646e-07   1.7198e-04   1.5900e-06   7.0000e-08   3.3907e-04   1.4928e-05
   1.0020e+00   2.5890e+00   5.5000e+01   9.3001e-07   1.6653e-04   1.9600e-06   7.0000e-08   3.5096e-04   1.2534e-05
   1.0020e+00   2.5890e+00   5.5000e+01   9.3001e-07   1.6653e-04   1.8600e-06   6.0000e-08   3.3305e-04   1.0744e-05
   1.1020e+00   2.6890e+00   5.5000e+01   1.0509e-06   1.6265e-04   2.1600e-06   2.0000e-08   3.3431e-04   3.0955e-06
   1.1020e+00   2.6890e+00   5.5000e+01   1.0509e-06   1.6265e-04   2.1900e-06   4.0000e-08   3.3896e-04   6.1910e-06
   1.1030e+00   2.6900e+00   5.5000e+01   1.0521e-06   1.6262e-04   2.1600e-06   6.0000e-08   3.3387e-04   9.2741e-06
   1.2030e+00   2.7900e+00   5.5000e+01   1.1707e-06   1.5999e-04   2.4400e-06   5.0000e-08   3.3346e-04   6.8332e-06
   1.2030e+00   2.7900e+00   5.5000e+01   1.1707e-06   1.5999e-04   2.4400e-06   9.0000e-08   3.3346e-04   1.2300e-05
   1.3530e+00   2.9400e+00   5.5000e+01   1.3446e-06   1.5776e-04   2.7900e-06   7.0000e-08   3.2735e-04   8.2131e-06
   1.4030e+00   2.9900e+00   5.5000e+01   1.4015e-06   1.5737e-04   3.0600e-06   4.0000e-08   3.4359e-04   4.4914e-06
   1.4030e+00   2.9900e+00   5.5000e+01   1.4015e-06   1.5737e-04   3.0300e-06   8.0000e-08   3.4022e-04   8.9828e-06
   1.4030e+00   2.9900e+00   5.5000e+01   1.4015e-06   1.5737e-04   3.0600e-06   1.0000e-07   3.4359e-04   1.1228e-05
   1.5040e+00   3.0910e+00   5.5000e+01   1.5150e-06   1.5700e-04   3.2700e-06   1.0000e-07   3.3888e-04   1.0363e-05
   1.6040e+00   3.1910e+00   5.5000e+01   1.6253e-06   1.5709e-04   3.3700e-06   1.0000e-07   3.2573e-04   9.6655e-06
   1.7040e+00   3.2910e+00   5.5000e+01   1.7334e-06   1.5753e-04   3.8400e-06   1.2000e-07   3.4898e-04   1.0906e-05
   1.7040e+00   3.2910e+00   5.5000e+01   1.7334e-06   1.5753e-04   3.8600e-06   9.0000e-08   3.5080e-04   8.1792e-06
   1.8040e+00   3.3910e+00   5.5000e+01   1.8392e-06   1.5824e-04   4.0100e-06   4.0000e-08   3.4501e-04   3.4415e-06
   1.8040e+00   3.3910e+00   5.5000e+01   1.8392e-06   1.5824e-04   3.9500e-06   1.2000e-07   3.3985e-04   1.0325e-05
   1.9040e+00   3.4910e+00   5.5000e+01   1.9426e-06   1.5916e-04   4.4900e-06   1.4000e-07   3.6787e-04   1.1470e-05
   1.9550e+00   3.5420e+00   5.5000e+01   1.9945e-06   1.5970e-04   4.3800e-06   1.1000e-07   3.5071e-04   8.8078e-06
   2.0050e+00   3.5920e+00   5.5000e+01   2.0447e-06   1.6027e-04   4.9200e-06   1.4000e-07   3.8564e-04   1.0973e-05
   2.0550e+00   3.6420e+00   5.5000e+01   2.0943e-06   1.6087e-04   4.8700e-06   1.2000e-07   3.7407e-04   9.2173e-06
   2.1050e+00   3.6920e+00   5.5000e+01   2.1434e-06   1.6150e-04   4.9600e-06   1.6000e-07   3.7373e-04   1.2056e-05
   2.1560e+00   3.7430e+00   5.5000e+01   2.1928e-06   1.6218e-04   4.9500e-06   5.0000e-08   3.6609e-04   3.6979e-06
   2.2050e+00   3.7920e+00   5.5000e+01   2.2398e-06   1.6285e-04   5.2400e-06   1.6000e-07   3.8100e-04   1.1633e-05
   2.2050e+00   3.7920e+00   5.5000e+01   2.2398e-06   1.6285e-04   5.2000e-06   1.6000e-07   3.7809e-04   1.1633e-05
   2.3050e+00   3.8920e+00   5.5000e+01   2.3342e-06   1.6432e-04   5.3200e-06   1.4000e-07   3.7451e-04   9.8555e-06
   2.3060e+00   3.8930e+00   5.5000e+01   2.3351e-06   1.6433e-04   5.3300e-06   1.6000e-07   3.7510e-04   1.1260e-05
   2.4060e+00   3.9930e+00   5.5000e+01   2.4279e-06   1.6593e-04   5.5400e-06   1.4000e-07   3.7861e-04   9.5676e-06
   2.5070e+00   4.0940e+00   5.5000e+01   2.5212e-06   1.6771e-04   5.9700e-06   6.0000e-08   3.9713e-04   3.9913e-06
   2.7620e+00   4.3490e+00   5.5000e+01   2.7853e-06   1.7481e-04   6.7000e-06   7.0000e-08   4.2052e-04   4.3935e-06
   2.8570e+00   4.4440e+00   5.5000e+01   2.9583e-06   1.8226e-04   7.2000e-06   2.0000e-07   4.4359e-04   1.2322e-05
   2.8570e+00   4.4440e+00   5.5000e+01   2.9583e-06   1.8226e-04   7.1000e-06   2.0000e-07   4.3743e-04   1.2322e-05
   2.9080e+00   4.4950e+00   5.5000e+01   3.1211e-06   1.9050e-04   7.6600e-06   1.7000e-07   4.6754e-04   1.0376e-05
   2.9280e+00   4.5150e+00   5.5000e+01   3.1957e-06   1.9436e-04   7.4600e-06   1.9000e-07   4.5372e-04   1.1556e-05
   2.9470e+00   4.5340e+00   5.5000e+01   3.2543e-06   1.9727e-04   7.8600e-06   1.7000e-07   4.7646e-04   1.0305e-05
   2.9680e+00   4.5550e+00   5.5000e+01   3.2801e-06   1.9811e-04   7.6000e-06   2.0000e-07   4.5903e-04   1.2080e-05
   2.9870e+00   4.5740e+00   5.5000e+01   3.2587e-06   1.9619e-04   7.5900e-06   9.0000e-08   4.5696e-04   5.4184e-06
   2.9880e+00   4.5750e+00   5.5000e+01   3.2566e-06   1.9603e-04   7.9000e-06   2.0000e-07   4.7554e-04   1.2039e-05
   3.0080e+00   4.5950e+00   5.5000e+01   3.2035e-06   1.9219e-04   7.6300e-06   1.7000e-07   4.5776e-04   1.0199e-05
   3.0280e+00   4.6150e+00   5.5000e+01   3.1464e-06   1.8815e-04   7.6000e-06   1.6000e-07   4.5447e-04   9.5678e-06
   3.0480e+00   4.6350e+00   5.5000e+01   3.1002e-06   1.8479e-04   7.6000e-06   2.0000e-07   4.5301e-04   1.1921e-05
   3.0680e+00   4.6550e+00   5.5000e+01   3.0681e-06   1.8230e-04   7.4600e-06   1.6000e-07   4.4326e-04   9.5069e-06
   3.0890e+00   4.6760e+00   5.5000e+01   3.0474e-06   1.8048e-04   7.7300e-06   1.9000e-07   4.5780e-04   1.1253e-05
   3.1100e+00   4.6970e+00   5.5000e+01   3.0366e-06   1.7926e-04   7.3600e-06   1.4000e-07   4.3449e-04   8.2648e-06
   3.1300e+00   4.7170e+00   5.5000e+01   3.0329e-06   1.7850e-04   7.3000e-06   3.0000e-07   4.2965e-04   1.7657e-05


   6.5000e-01   2.2370e+00   5.5000e+01   4.8177e-07   1.9587e-04   9.3000e-07   3.0000e-08   3.7810e-04   1.2197e-05
   1.1030e+00   2.6900e+00   5.5000e+01   1.0521e-06   1.6262e-04   2.2100e-06   8.0000e-08   3.4159e-04   1.2365e-05
   2.5040e+00   4.0910e+00   5.5000e+01   2.5184e-06   1.6765e-04   6.3000e-06   2.0000e-07   4.1940e-04   1.3314e-05


   1.1020e+00   2.6890e+00   5.5000e+01   1.0509e-06   1.6265e-04   2.1000e-06   7.0000e-08   3.2503e-04   1.0834e-05
   1.4030e+00   2.9900e+00   5.5000e+01   1.4015e-06   1.5737e-04   2.9600e-06   5.0000e-08   3.3236e-04   5.6142e-06
   1.4030e+00   2.9900e+00   5.5000e+01   1.4015e-06   1.5737e-04   2.8600e-06   9.0000e-08   3.2113e-04   1.0106e-05
   1.8040e+00   3.3910e+00   5.5000e+01   1.8392e-06   1.5824e-04   4.0100e-06   1.0000e-07   3.4501e-04   8.6038e-06
   2.1560e+00   3.7430e+00   5.5000e+01   2.1928e-06   1.6218e-04   5.2500e-06   1.3000e-07   3.8828e-04   9.6145e-06
   2.5070e+00   4.0940e+00   5.5000e+01   2.5212e-06   1.6771e-04   6.2000e-06   1.6000e-07   4.1243e-04   1.0643e-05


   3.2740e-01   1.9144e+00   5.5000e+01   9.0420e-08   2.5779e-04   1.7400e-07   5.2600e-09   4.9607e-04   1.4996e-05
   4.2600e-01   2.0130e+00   5.5000e+01   1.9376e-07   2.3479e-04   3.7800e-07   8.2500e-09   4.5804e-04   9.9968e-06
   5.1800e-01   2.1050e+00   5.5000e+01   3.0815e-07   2.1646e-04   6.2600e-07   1.4200e-08   4.3974e-04   9.9750e-06
   5.8150e-01   2.1685e+00   5.5000e+01   3.9124e-07   2.0574e-04   7.6100e-07   2.0900e-08   4.0019e-04   1.0991e-05
   7.0240e-01   2.2894e+00   5.5000e+01   5.5074e-07   1.8942e-04   1.0900e-06   2.9100e-08   3.7489e-04   1.0009e-05
   7.9680e-01   2.3838e+00   5.5000e+01   6.7322e-07   1.7990e-04   1.3600e-06   2.6200e-08   3.6343e-04   7.0013e-06
   1.2337e+00   2.8207e+00   5.5000e+01   1.2066e-06   1.5938e-04   2.5000e-06   4.5400e-08   3.3022e-04   5.9968e-06
   1.2347e+00   2.8217e+00   5.5000e+01   1.2078e-06   1.5936e-04   2.4600e-06   4.5500e-08   3.2459e-04   6.0035e-06


   3.2740e-01   1.9144e+00   5.5000e+01   9.0420e-08   2.5779e-04   1.7300e-07   4.9100e-09   4.9322e-04   1.3998e-05
   4.2600e-01   2.0130e+00   5.5000e+01   1.9376e-07   2.3479e-04   3.6100e-07   4.9500e-09   4.3744e-04   5.9981e-06
   5.1800e-01   2.1050e+00   5.5000e+01   3.0815e-07   2.1646e-04   5.9900e-07   9.9600e-09   4.2078e-04   6.9966e-06
   5.8150e-01   2.1685e+00   5.5000e+01   3.9124e-07   2.0574e-04   7.5700e-07   1.5200e-08   3.9808e-04   7.9932e-06
   7.0240e-01   2.2894e+00   5.5000e+01   5.5074e-07   1.8942e-04   1.1100e-06   1.7400e-08   3.8177e-04   5.9845e-06
   7.9680e-01   2.3838e+00   5.5000e+01   6.7322e-07   1.7990e-04   1.3900e-06   1.5000e-08   3.7145e-04   4.0084e-06
   1.2337e+00   2.8207e+00   5.5000e+01   1.2066e-06   1.5938e-04   2.4800e-06   3.0300e-08   3.2758e-04   4.0023e-06
   1.2347e+00   2.8217e+00   5.5000e+01   1.2078e-06   1.5936e-04   2.5800e-06   3.0300e-08   3.4042e-04   3.9980e-06


   1.6950e-01   1.7565e+00   5.5000e+01   5.8932e-09   2.9873e-04   1.0000e-08   3.5000e-10   5.0691e-04   1.7742e-05
   1.6890e-01   1.7559e+00   5.5000e+01   5.7868e-09   2.9889e-04   9.3500e-09   1.9000e-10   4.8293e-04   9.8136e-06
   1.4770e-01   1.7347e+00   5.5000e+01   2.8070e-09   3.0450e-04   4.6100e-09   7.0000e-11   5.0008e-04   7.5935e-06
   1.2650e-01   1.7135e+00   5.5000e+01   1.1246e-09   3.1012e-04   1.8700e-09   4.0000e-11   5.1566e-04   1.1030e-05
   1.0570e-01   1.6927e+00   5.5000e+01   3.4760e-10   3.1564e-04   5.4600e-10   2.4000e-11   4.9580e-04   2.1793e-05
   9.2901e-02   1.6799e+00   5.5000e+01   1.3788e-10   3.1906e-04   2.3200e-10   1.0000e-11   5.3686e-04   2.3141e-05


   4.2000e-01   2.0070e+00   5.5000e+01   1.8675e-07   2.3610e-04   3.3200e-07   2.5300e-08   4.1973e-04   3.1985e-05
   5.0600e-01   2.0930e+00   5.5000e+01   2.9270e-07   2.1867e-04   5.0700e-07   4.1500e-08   3.7877e-04   3.1004e-05
   6.1500e-01   2.2020e+00   5.5000e+01   4.3551e-07   2.0070e-04   7.8600e-07   3.9100e-08   3.6223e-04   1.8019e-05
   9.5000e-01   2.5370e+00   5.5000e+01   8.6612e-07   1.6914e-04   1.6200e-06   4.6100e-08   3.1636e-04   9.0027e-06


