   1.3704e-01   5.7428e+00   5.5000e+01   2.8302e-12   6.6753e-10   8.4000e-08   2.5600e-08   1.9812e-05   6.0379e-06
   2.3125e-01   5.8370e+00   5.5000e+01   8.3074e-12   5.9494e-10   3.8000e-07   6.0000e-08   2.7214e-05   4.2970e-06
   2.3981e-01   5.8456e+00   5.5000e+01   8.7956e-12   5.8909e-10   6.0000e-07   1.2000e-07   4.0186e-05   8.0371e-06
   2.9977e-01   5.9056e+00   5.5000e+01   1.1951e-11   5.5206e-10   6.4000e-07   1.0000e-07   2.9565e-05   4.6195e-06
   3.0833e-01   5.9141e+00   5.5000e+01   1.2360e-11   5.4731e-10   7.6000e-07   1.0800e-07   3.3654e-05   4.7825e-06
   3.1690e-01   5.9227e+00   5.5000e+01   1.2758e-11   5.4269e-10   7.6000e-07   1.4800e-07   3.2329e-05   6.2956e-06
   3.5972e-01   5.9655e+00   5.5000e+01   1.4590e-11   5.2145e-10   8.8000e-07   1.4000e-07   3.1451e-05   5.0036e-06
   3.7685e-01   5.9827e+00   5.5000e+01   1.5252e-11   5.1377e-10   9.2000e-07   1.2800e-07   3.0990e-05   4.3117e-06
   3.9398e-01   5.9998e+00   5.5000e+01   1.5877e-11   5.0653e-10   9.6000e-07   1.5600e-07   3.0628e-05   4.9771e-06
   4.5394e-01   6.0597e+00   5.5000e+01   1.7792e-11   4.8431e-10   9.2000e-07   1.6800e-07   2.5042e-05   4.5729e-06
   4.7106e-01   6.0769e+00   5.5000e+01   1.8272e-11   4.7876e-10   1.0000e-06   1.4800e-07   2.6203e-05   3.8780e-06
   5.3102e-01   6.1368e+00   5.5000e+01   1.9750e-11   4.6181e-10   1.2000e-06   1.7200e-07   2.8060e-05   4.0219e-06
   6.4236e-01   6.2482e+00   5.5000e+01   2.1866e-11   4.3864e-10   1.2400e-06   1.7600e-07   2.4875e-05   3.5306e-06
   6.5949e-01   6.2653e+00   5.5000e+01   2.2137e-11   4.3587e-10   1.2400e-06   2.0800e-07   2.4415e-05   4.0954e-06
   7.5370e-01   6.3595e+00   5.5000e+01   2.3444e-11   4.2363e-10   1.2400e-06   1.9600e-07   2.2407e-05   3.5417e-06
   8.1366e-01   6.4195e+00   5.5000e+01   2.4150e-11   4.1813e-10   1.2800e-06   1.8400e-07   2.2162e-05   3.1857e-06
   8.3935e-01   6.4452e+00   5.5000e+01   2.4431e-11   4.1624e-10   1.2400e-06   2.1200e-07   2.1127e-05   3.6120e-06
   9.9352e-01   6.5993e+00   5.5000e+01   2.5914e-11   4.0969e-10   1.4000e-06   2.0400e-07   2.2134e-05   3.2252e-06


   4.2824e-01   6.0340e+00   0.0000e+00   1.5901e-12   4.6085e-11   1.8467e-12   1.4777e-13   5.3522e-11   4.2828e-12
   4.2824e-01   6.0340e+00   1.5070e+01   1.5670e-12   4.5417e-11   1.7644e-12   1.5874e-13   5.1137e-11   4.6007e-12
   4.2824e-01   6.0340e+00   3.0134e+01   1.5056e-12   4.3637e-11   1.6574e-12   1.8232e-13   4.8037e-11   5.2840e-12
   4.2824e-01   6.0340e+00   4.5190e+01   1.4256e-12   4.1317e-11   1.4273e-12   1.2840e-13   4.1367e-11   3.7214e-12
   4.2824e-01   6.0340e+00   6.0233e+01   1.3507e-12   3.9146e-11   1.5430e-12   1.0801e-13   4.4721e-11   3.1305e-12
   4.2824e-01   6.0340e+00   7.5259e+01   1.2997e-12   3.7668e-11   1.4781e-12   1.1829e-13   4.2841e-11   3.4283e-12
   4.2824e-01   6.0340e+00   9.0268e+01   1.2808e-12   3.7120e-11   1.2668e-12   1.0127e-13   3.6715e-11   2.9350e-12
   4.2824e-01   6.0340e+00   1.0526e+02   1.2910e-12   3.7417e-11   1.1245e-12   9.0030e-14   3.2590e-11   2.6093e-12
   4.2824e-01   6.0340e+00   1.2023e+02   1.3201e-12   3.8261e-11   1.1250e-12   8.9929e-14   3.2607e-11   2.6064e-12
   4.2824e-01   6.0340e+00   1.3519e+02   1.3557e-12   3.9292e-11   1.2829e-12   1.0260e-13   3.7183e-11   2.9735e-12


   6.8519e-01   6.2910e+00   0.0000e+00   2.2520e-12   4.3200e-11   2.6443e-12   1.3173e-13   5.0724e-11   2.5269e-12
   6.8519e-01   6.2910e+00   1.5088e+01   2.2029e-12   4.2258e-11   2.6923e-12   1.3510e-13   5.1644e-11   2.5915e-12
   6.8519e-01   6.2910e+00   3.0170e+01   2.0734e-12   3.9773e-11   2.3877e-12   1.1926e-13   4.5801e-11   2.2877e-12
   6.8519e-01   6.2910e+00   4.5241e+01   1.9083e-12   3.6606e-11   2.1093e-12   1.2666e-13   4.0462e-11   2.4296e-12
   6.8519e-01   6.2910e+00   6.0294e+01   1.7600e-12   3.3762e-11   2.0317e-12   1.2190e-13   3.8974e-11   2.3384e-12
   6.8519e-01   6.2910e+00   7.5328e+01   1.6675e-12   3.1986e-11   1.8501e-12   1.1110e-13   3.5490e-11   2.1312e-12
   6.8519e-01   6.2910e+00   9.0339e+01   1.6442e-12   3.1540e-11   1.5145e-12   9.0916e-14   2.9051e-11   1.7440e-12
   6.8519e-01   6.2910e+00   1.0533e+02   1.6791e-12   3.2210e-11   1.3629e-12   8.1627e-14   2.6143e-11   1.5658e-12
   6.8519e-01   6.2910e+00   1.2029e+02   1.7472e-12   3.3516e-11   1.4884e-12   8.9446e-14   2.8550e-11   1.7158e-12
   6.8519e-01   6.2910e+00   1.3524e+02   1.8218e-12   3.4947e-11   1.5418e-12   9.2458e-14   2.9575e-11   1.7736e-12


   8.5648e-01   6.4623e+00   0.0000e+00   2.5288e-12   4.2653e-11   2.9911e-12   1.4955e-13   5.0451e-11   2.5225e-12
   8.5648e-01   6.4623e+00   1.5099e+01   2.4652e-12   4.1582e-11   2.6034e-12   1.5626e-13   4.3912e-11   2.6357e-12
   8.5648e-01   6.4623e+00   3.0190e+01   2.2985e-12   3.8770e-11   2.6661e-12   1.3331e-13   4.4970e-11   2.2485e-12
   8.5648e-01   6.4623e+00   4.5269e+01   2.0889e-12   3.5234e-11   2.2828e-12   1.3697e-13   3.8505e-11   2.3103e-12
   8.5648e-01   6.4623e+00   6.0329e+01   1.9053e-12   3.2137e-11   2.0663e-12   1.2392e-13   3.4853e-11   2.0902e-12
   8.5648e-01   6.4623e+00   7.5367e+01   1.7968e-12   3.0307e-11   1.7975e-12   1.0797e-13   3.0318e-11   1.8211e-12
   8.5648e-01   6.4623e+00   9.0380e+01   1.7773e-12   2.9979e-11   1.5148e-12   9.0885e-14   2.5550e-11   1.5330e-12
   8.5648e-01   6.4623e+00   1.0537e+02   1.8286e-12   3.0844e-11   1.9018e-12   1.1399e-13   3.2079e-11   1.9227e-12
   8.5648e-01   6.4623e+00   1.2033e+02   1.9158e-12   3.2315e-11   1.7769e-12   1.0655e-13   2.9971e-11   1.7973e-12
   8.5648e-01   6.4623e+00   1.3527e+02   2.0054e-12   3.3825e-11   1.6585e-12   9.9449e-14   2.7973e-11   1.6774e-12


