PHYSICAL LEVEL PARAMETERS (BOUNDARY CONDITION SET TO SHIFT AT E_LEVEL)

J = 0.5-  E_level =   0.4291 MeV  ITERATIONS =     0
  R =  1  l =   1  s =  0.5  C  =     3.466372 fm^(-1/2)  g_int =    16.362205 MeV^(1/2)   g_ext =  (0.000000,0.000000) MeV^(1/2) 
  R =  2  l =   1  s =  0.5  C  =     4.814947 fm^(-1/2)  g_int =   -40.249676 MeV^(1/2)   g_ext =  (0.000000,0.000000) MeV^(1/2) 
  R =  2  l =   1  s =  1.5  C  =     0.623696 fm^(-1/2)  g_int =    -5.213674 MeV^(1/2)   g_ext =  (0.000000,0.000000) MeV^(1/2) 
  R =  3  l =   3  s =  2.5  C  =     0.000000 fm^(-1/2)  g_int =     0.000000 MeV^(1/2)   g_ext =  (0.000000,0.000000) MeV^(1/2) 
  R =  3  l =   3  s =  3.5  C  =     0.000000 fm^(-1/2)  g_int =     0.000000 MeV^(1/2)   g_ext =  (0.000000,0.000000) MeV^(1/2) 

J = 0.5-  E_level =  52.6348 MeV  ITERATIONS =     0
  R =  1  l =   1  s =  0.5  G  = 3393082.521746 keV        g_int =   -16.049683 MeV^(1/2)   g_ext =  (0.000000,0.000000) MeV^(1/2) 
  R =  2  l =   1  s =  0.5  G  = 1167805.241240 keV        g_int =    11.948538 MeV^(1/2)   g_ext =  (0.000000,0.000000) MeV^(1/2) 
  R =  2  l =   1  s =  1.5  G  = 639661.027033 keV        g_int =     8.843099 MeV^(1/2)   g_ext =  (0.000000,0.000000) MeV^(1/2) 
  R =  3  l =   3  s =  2.5  G  =     0.000000 meV        g_int =     0.000000 MeV^(1/2)   g_ext =  (0.000000,0.000000) MeV^(1/2) 
  R =  3  l =   3  s =  3.5  G  =     0.000000 meV        g_int =     0.000000 MeV^(1/2)   g_ext =  (0.000000,0.000000) MeV^(1/2) 

J = 0.5+  E_level =   7.7795 MeV  ITERATIONS =     0
  R =  1  l =   0  s =  0.5  G  =  7718.147795 keV        g_int =    -1.225662 MeV^(1/2)   g_ext =  (0.000000,0.000000) MeV^(1/2) 
  R =  2  l =   0  s =  0.5  G  =  1499.105097 keV        g_int =    -0.922501 MeV^(1/2)   g_ext =  (0.000000,0.000000) MeV^(1/2) 
  R =  2  l =   2  s =  1.5  G  =   295.621281 eV         g_int =     0.042772 MeV^(1/2)   g_ext =  (0.000000,0.000000) MeV^(1/2) 
  R =  3  l =   2  s =  2.5  C  =     0.000000 fm^(-1/2)  g_int =     0.000000 MeV^(1/2)   g_ext =  (0.000000,0.000000) MeV^(1/2) 
  R =  3  l =   4  s =  3.5  C  =     0.000000 fm^(-1/2)  g_int =     0.000000 MeV^(1/2)   g_ext =  (0.000000,0.000000) MeV^(1/2) 

J = 1.5-  E_level =   0.0000 MeV  ITERATIONS =     0
  R =  1  l =   1  s =  0.5  C  =     3.135546 fm^(-1/2)  g_int =    13.441040 MeV^(1/2)   g_ext =  (0.000000,0.000000) MeV^(1/2) 
  R =  2  l =   1  s =  0.5  C  =     2.170145 fm^(-1/2)  g_int =   -18.054672 MeV^(1/2)   g_ext =  (0.000000,0.000000) MeV^(1/2) 
  R =  2  l =   1  s =  1.5  C  =     4.352055 fm^(-1/2)  g_int =    36.207228 MeV^(1/2)   g_ext =  (0.000000,0.000000) MeV^(1/2) 
  R =  2  l =   3  s =  1.5  C  =     0.596791 fm^(-1/2)  g_int =    32.868833 MeV^(1/2)   g_ext =  (0.000000,0.000000) MeV^(1/2) 
  R =  3  l =   1  s =  2.5  C  =     0.000000 fm^(-1/2)  g_int =     0.000000 MeV^(1/2)   g_ext =  (0.000000,0.000000) MeV^(1/2) 
  R =  3  l =   3  s =  2.5  C  =     0.000000 fm^(-1/2)  g_int =     0.000000 MeV^(1/2)   g_ext =  (0.000000,0.000000) MeV^(1/2) 
  R =  3  l =   3  s =  3.5  C  =     0.000000 fm^(-1/2)  g_int =     0.000000 MeV^(1/2)   g_ext =  (0.000000,0.000000) MeV^(1/2) 
  R =  3  l =   5  s =  3.5  C  =     0.000000 fm^(-1/2)  g_int =     0.000000 MeV^(1/2)   g_ext =  (0.000000,0.000000) MeV^(1/2) 

J = 1.5-  E_level =   9.1601 MeV  ITERATIONS =     0
  R =  1  l =   1  s =  0.5  G  =  2231.638674 keV        g_int =    -3.646004 MeV^(1/2)   g_ext =  (0.000000,0.000000) MeV^(1/2) 
  R =  2  l =   1  s =  0.5  G  =    37.666654 keV        g_int =    -0.855462 MeV^(1/2)   g_ext =  (0.000000,0.000000) MeV^(1/2) 
  R =  2  l =   1  s =  1.5  G  =  1651.985357 keV        g_int =    -5.665329 MeV^(1/2)   g_ext =  (0.000000,0.000000) MeV^(1/2) 
  R =  2  l =   3  s =  1.5  G  =    37.165203 keV        g_int =     4.541028 MeV^(1/2)   g_ext =  (0.000000,0.000000) MeV^(1/2) 
  R =  3  l =   1  s =  2.5  G  =  1332.434037 keV        g_int =     9.563574 MeV^(1/2)   g_ext =  (0.000000,0.000000) MeV^(1/2) 
  R =  3  l =   3  s =  2.5  G  =     0.000000 meV        g_int =     0.000000 MeV^(1/2)   g_ext =  (0.000000,0.000000) MeV^(1/2) 
  R =  3  l =   3  s =  3.5  G  =     0.000000 meV        g_int =     0.000000 MeV^(1/2)   g_ext =  (0.000000,0.000000) MeV^(1/2) 
  R =  3  l =   5  s =  3.5  G  =     0.000000 meV        g_int =     0.000000 MeV^(1/2)   g_ext =  (0.000000,0.000000) MeV^(1/2) 

J = 1.5-  E_level =   9.6498 MeV  ITERATIONS =     0
  R =  1  l =   1  s =  0.5  G  =  2838.205746 keV        g_int =     5.774582 MeV^(1/2)   g_ext =  (0.000000,0.000000) MeV^(1/2) 
  R =  2  l =   1  s =  0.5  G  =  1709.684054 keV        g_int =    -7.746564 MeV^(1/2)   g_ext =  (0.000000,0.000000) MeV^(1/2) 
  R =  2  l =   1  s =  1.5  G  =   150.565197 keV        g_int =    -2.298865 MeV^(1/2)   g_ext =  (0.000000,0.000000) MeV^(1/2) 
  R =  2  l =   3  s =  1.5  G  =     0.000000 meV        g_int =     0.000000 MeV^(1/2)   g_ext =  (0.000000,0.000000) MeV^(1/2) 
  R =  3  l =   1  s =  2.5  G  =  3297.787893 keV        g_int =   -17.097821 MeV^(1/2)   g_ext =  (0.000000,0.000000) MeV^(1/2) 
  R =  3  l =   3  s =  2.5  G  =     0.000000 meV        g_int =     0.000000 MeV^(1/2)   g_ext =  (0.000000,0.000000) MeV^(1/2) 
  R =  3  l =   3  s =  3.5  G  =     0.000000 meV        g_int =     0.000000 MeV^(1/2)   g_ext =  (0.000000,0.000000) MeV^(1/2) 
  R =  3  l =   5  s =  3.5  G  =     0.000000 meV        g_int =     0.000000 MeV^(1/2)   g_ext =  (0.000000,0.000000) MeV^(1/2) 

J = 1.5-  E_level =  16.0160 MeV  ITERATIONS =     0
  R =  1  l =   1  s =  0.5  G  =  7412.559763 keV        g_int =    -2.160280 MeV^(1/2)   g_ext =  (0.000000,0.000000) MeV^(1/2) 
  R =  2  l =   1  s =  0.5  G  =  6622.799519 keV        g_int =     2.876856 MeV^(1/2)   g_ext =  (0.000000,0.000000) MeV^(1/2) 
  R =  2  l =   1  s =  1.5  G  = 154192.749168 keV        g_int =   -13.881275 MeV^(1/2)   g_ext =  (0.000000,0.000000) MeV^(1/2) 
  R =  2  l =   3  s =  1.5  G  =  2194.639615 keV        g_int =     3.095113 MeV^(1/2)   g_ext =  (0.000000,0.000000) MeV^(1/2) 
  R =  3  l =   1  s =  2.5  G  =     0.000000 meV        g_int =     0.000000 MeV^(1/2)   g_ext =  (0.000000,0.000000) MeV^(1/2) 
  R =  3  l =   3  s =  2.5  G  =     0.000000 meV        g_int =     0.000000 MeV^(1/2)   g_ext =  (0.000000,0.000000) MeV^(1/2) 
  R =  3  l =   3  s =  3.5  G  =     0.000000 meV        g_int =     0.000000 MeV^(1/2)   g_ext =  (0.000000,0.000000) MeV^(1/2) 
  R =  3  l =   5  s =  3.5  G  =     0.000000 meV        g_int =     0.000000 MeV^(1/2)   g_ext =  (0.000000,0.000000) MeV^(1/2) 

J = 1.5+  E_level =   9.7913 MeV  ITERATIONS =     0
  R =  1  l =   2  s =  0.5  G  =    53.648180 keV        g_int =    -0.121487 MeV^(1/2)   g_ext =  (0.000000,0.000000) MeV^(1/2) 
  R =  2  l =   2  s =  0.5  G  =   736.129737 keV        g_int =    -1.144999 MeV^(1/2)   g_ext =  (0.000000,0.000000) MeV^(1/2) 
  R =  2  l =   0  s =  1.5  G  =  5758.075449 keV        g_int =     1.602185 MeV^(1/2)   g_ext =  (0.000000,0.000000) MeV^(1/2) 
  R =  2  l =   2  s =  1.5  G  =    54.420134 keV        g_int =     0.311321 MeV^(1/2)   g_ext =  (0.000000,0.000000) MeV^(1/2) 
  R =  3  l =   2  s =  2.5  G  =     0.000000 meV        g_int =     0.000000 MeV^(1/2)   g_ext =  (0.000000,0.000000) MeV^(1/2) 
  R =  3  l =   4  s =  2.5  G  =     0.000000 meV        g_int =     0.000000 MeV^(1/2)   g_ext =  (0.000000,0.000000) MeV^(1/2) 
  R =  3  l =   2  s =  3.5  G  =     0.000000 meV        g_int =     0.000000 MeV^(1/2)   g_ext =  (0.000000,0.000000) MeV^(1/2) 
  R =  3  l =   4  s =  3.5  G  =     0.000000 meV        g_int =     0.000000 MeV^(1/2)   g_ext =  (0.000000,0.000000) MeV^(1/2) 

J = 1.5+  E_level =  14.6455 MeV  ITERATIONS =     0
  R =  1  l =   2  s =  0.5  G  = 15381.585041 keV        g_int =     1.525193 MeV^(1/2)   g_ext =  (0.000000,0.000000) MeV^(1/2) 
  R =  2  l =   2  s =  0.5  G  =   117.967958 keV        g_int =     0.226848 MeV^(1/2)   g_ext =  (0.000000,0.000000) MeV^(1/2) 
  R =  2  l =   0  s =  1.5  G  =    12.285675 keV        g_int =    -0.053319 MeV^(1/2)   g_ext =  (0.000000,0.000000) MeV^(1/2) 
  R =  2  l =   2  s =  1.5  G  =     6.880302 keV        g_int =    -0.054784 MeV^(1/2)   g_ext =  (0.000000,0.000000) MeV^(1/2) 
  R =  3  l =   2  s =  2.5  G  =     0.000000 meV        g_int =     0.000000 MeV^(1/2)   g_ext =  (0.000000,0.000000) MeV^(1/2) 
  R =  3  l =   4  s =  2.5  G  =     0.000000 meV        g_int =     0.000000 MeV^(1/2)   g_ext =  (0.000000,0.000000) MeV^(1/2) 
  R =  3  l =   2  s =  3.5  G  =     0.000000 meV        g_int =     0.000000 MeV^(1/2)   g_ext =  (0.000000,0.000000) MeV^(1/2) 
  R =  3  l =   4  s =  3.5  G  =     0.000000 meV        g_int =     0.000000 MeV^(1/2)   g_ext =  (0.000000,0.000000) MeV^(1/2) 

J = 2.5-  E_level =   6.5478 MeV  ITERATIONS =     0
  R =  1  l =   3  s =  0.5  G  =  1265.859956 keV        g_int =    -1.343025 MeV^(1/2)   g_ext =  (0.000000,0.000000) MeV^(1/2) 
  R =  2  l =   3  s =  0.5  G  =    44.071529 eV         g_int =    -0.420519 MeV^(1/2)   g_ext =  (0.000000,0.000000) MeV^(1/2) 
  R =  2  l =   1  s =  1.5  G  =     2.651593 keV        g_int =    -0.129824 MeV^(1/2)   g_ext =  (0.000000,0.000000) MeV^(1/2) 
  R =  2  l =   3  s =  1.5  G  =     9.522155 eV         g_int =    -0.195467 MeV^(1/2)   g_ext =  (0.000000,0.000000) MeV^(1/2) 
  R =  3  l =   1  s =  2.5  C  =     0.000000 fm^(-1/2)  g_int =     0.000000 MeV^(1/2)   g_ext =  (0.000000,0.000000) MeV^(1/2) 
  R =  3  l =   3  s =  2.5  C  =     0.000000 fm^(-1/2)  g_int =     0.000000 MeV^(1/2)   g_ext =  (0.000000,0.000000) MeV^(1/2) 
  R =  3  l =   5  s =  2.5  C  =     0.000000 fm^(-1/2)  g_int =     0.000000 MeV^(1/2)   g_ext =  (0.000000,0.000000) MeV^(1/2) 
  R =  3  l =   1  s =  3.5  C  =     0.000000 fm^(-1/2)  g_int =     0.000000 MeV^(1/2)   g_ext =  (0.000000,0.000000) MeV^(1/2) 
  R =  3  l =   3  s =  3.5  C  =     0.000000 fm^(-1/2)  g_int =     0.000000 MeV^(1/2)   g_ext =  (0.000000,0.000000) MeV^(1/2) 
  R =  3  l =   5  s =  3.5  C  =     0.000000 fm^(-1/2)  g_int =     0.000000 MeV^(1/2)   g_ext =  (0.000000,0.000000) MeV^(1/2) 

J = 2.5-  E_level =   7.1701 MeV  ITERATIONS =     0
  R =  1  l =   3  s =  0.5  G  =    75.477869 keV        g_int =    -0.467678 MeV^(1/2)   g_ext =  (0.000000,0.000000) MeV^(1/2) 
  R =  2  l =   3  s =  0.5  G  =     2.900013 keV        g_int =     2.012911 MeV^(1/2)   g_ext =  (0.000000,0.000000) MeV^(1/2) 
  R =  2  l =   1  s =  1.5  G  =   466.204634 keV        g_int =     1.813037 MeV^(1/2)   g_ext =  (0.000000,0.000000) MeV^(1/2) 
  R =  2  l =   3  s =  1.5  G  =     8.911787 keV        g_int =     3.528637 MeV^(1/2)   g_ext =  (0.000000,0.000000) MeV^(1/2) 
  R =  3  l =   1  s =  2.5  C  =     0.000000 fm^(-1/2)  g_int =     0.000000 MeV^(1/2)   g_ext =  (0.000000,0.000000) MeV^(1/2) 
  R =  3  l =   3  s =  2.5  C  =     0.000000 fm^(-1/2)  g_int =     0.000000 MeV^(1/2)   g_ext =  (0.000000,0.000000) MeV^(1/2) 
  R =  3  l =   5  s =  2.5  C  =     0.000000 fm^(-1/2)  g_int =     0.000000 MeV^(1/2)   g_ext =  (0.000000,0.000000) MeV^(1/2) 
  R =  3  l =   1  s =  3.5  C  =     0.000000 fm^(-1/2)  g_int =     0.000000 MeV^(1/2)   g_ext =  (0.000000,0.000000) MeV^(1/2) 
  R =  3  l =   3  s =  3.5  C  =     0.000000 fm^(-1/2)  g_int =     0.000000 MeV^(1/2)   g_ext =  (0.000000,0.000000) MeV^(1/2) 
  R =  3  l =   5  s =  3.5  C  =     0.000000 fm^(-1/2)  g_int =     0.000000 MeV^(1/2)   g_ext =  (0.000000,0.000000) MeV^(1/2) 

J = 2.5-  E_level =  17.4593 MeV  ITERATIONS =     0
  R =  1  l =   3  s =  0.5  G  =  1530.354069 keV        g_int =    -3.822187 MeV^(1/2)   g_ext =  (0.000000,0.000000) MeV^(1/2) 
  R =  2  l =   3  s =  0.5  G  =  9098.762690 keV        g_int =   -19.170351 MeV^(1/2)   g_ext =  (0.000000,0.000000) MeV^(1/2) 
  R =  2  l =   1  s =  1.5  G  = 26172.710303 keV        g_int =    18.983939 MeV^(1/2)   g_ext =  (0.000000,0.000000) MeV^(1/2) 
  R =  2  l =   3  s =  1.5  G  =  3547.665589 keV        g_int =    11.970443 MeV^(1/2)   g_ext =  (0.000000,0.000000) MeV^(1/2) 
  R =  3  l =   1  s =  2.5  G  =  4714.076645 keV        g_int =     8.649864 MeV^(1/2)   g_ext =  (0.000000,0.000000) MeV^(1/2) 
  R =  3  l =   3  s =  2.5  G  =     0.000000 meV        g_int =     0.000000 MeV^(1/2)   g_ext =  (0.000000,0.000000) MeV^(1/2) 
  R =  3  l =   5  s =  2.5  G  =     0.000000 meV        g_int =     0.000000 MeV^(1/2)   g_ext =  (0.000000,0.000000) MeV^(1/2) 
  R =  3  l =   1  s =  3.5  G  =  4705.624376 keV        g_int =     8.642106 MeV^(1/2)   g_ext =  (0.000000,0.000000) MeV^(1/2) 
  R =  3  l =   3  s =  3.5  G  =     0.000000 meV        g_int =     0.000000 MeV^(1/2)   g_ext =  (0.000000,0.000000) MeV^(1/2) 
  R =  3  l =   5  s =  3.5  G  =     0.000000 meV        g_int =     0.000000 MeV^(1/2)   g_ext =  (0.000000,0.000000) MeV^(1/2) 

J = 2.5-  E_level =  15.5562 MeV  ITERATIONS =     0
  R =  1  l =   3  s =  0.5  G  = 41789.250723 keV        g_int =     3.318803 MeV^(1/2)   g_ext =  (0.000000,0.000000) MeV^(1/2) 
  R =  2  l =   3  s =  0.5  G  =   197.894226 keV        g_int =    -0.528248 MeV^(1/2)   g_ext =  (0.000000,0.000000) MeV^(1/2) 
  R =  2  l =   1  s =  1.5  G  =     1.815507 keV        g_int =    -0.026199 MeV^(1/2)   g_ext =  (0.000000,0.000000) MeV^(1/2) 
  R =  2  l =   3  s =  1.5  G  =     4.207127 keV        g_int =     0.077022 MeV^(1/2)   g_ext =  (0.000000,0.000000) MeV^(1/2) 
  R =  3  l =   1  s =  2.5  G  =     0.000000 meV        g_int =     0.000000 MeV^(1/2)   g_ext =  (0.000000,0.000000) MeV^(1/2) 
  R =  3  l =   3  s =  2.5  G  =     0.000000 meV        g_int =     0.000000 MeV^(1/2)   g_ext =  (0.000000,0.000000) MeV^(1/2) 
  R =  3  l =   5  s =  2.5  G  =     0.000000 meV        g_int =     0.000000 MeV^(1/2)   g_ext =  (0.000000,0.000000) MeV^(1/2) 
  R =  3  l =   1  s =  3.5  G  =     0.000000 meV        g_int =     0.000000 MeV^(1/2)   g_ext =  (0.000000,0.000000) MeV^(1/2) 
  R =  3  l =   3  s =  3.5  G  =     0.000000 meV        g_int =     0.000000 MeV^(1/2)   g_ext =  (0.000000,0.000000) MeV^(1/2) 
  R =  3  l =   5  s =  3.5  G  =     0.000000 meV        g_int =     0.000000 MeV^(1/2)   g_ext =  (0.000000,0.000000) MeV^(1/2) 

J = 2.5+  E_level =  12.8100 MeV  ITERATIONS =     0
  R =  1  l =   2  s =  0.5  G  =   130.169387 keV        g_int =     0.667276 MeV^(1/2)   g_ext =  (0.000000,0.000000) MeV^(1/2) 
  R =  2  l =   2  s =  0.5  G  =  1763.439184 keV        g_int =    -4.569301 MeV^(1/2)   g_ext =  (0.000000,0.000000) MeV^(1/2) 
  R =  2  l =   2  s =  1.5  G  =   885.291800 keV        g_int =     3.237522 MeV^(1/2)   g_ext =  (0.000000,0.000000) MeV^(1/2) 
  R =  2  l =   4  s =  1.5  G  =   401.852571 keV        g_int =   -11.617123 MeV^(1/2)   g_ext =  (0.000000,0.000000) MeV^(1/2) 
  R =  3  l =   0  s =  2.5  G  =  2669.666357 keV        g_int =    -4.177170 MeV^(1/2)   g_ext =  (0.000000,0.000000) MeV^(1/2) 
  R =  3  l =   2  s =  2.5  G  =     0.000000 meV        g_int =     0.000000 MeV^(1/2)   g_ext =  (0.000000,0.000000) MeV^(1/2) 
  R =  3  l =   4  s =  2.5  G  =     0.000000 meV        g_int =     0.000000 MeV^(1/2)   g_ext =  (0.000000,0.000000) MeV^(1/2) 
  R =  3  l =   2  s =  3.5  G  =     0.000000 meV        g_int =     0.000000 MeV^(1/2)   g_ext =  (0.000000,0.000000) MeV^(1/2) 
  R =  3  l =   4  s =  3.5  G  =     0.000000 meV        g_int =     0.000000 MeV^(1/2)   g_ext =  (0.000000,0.000000) MeV^(1/2) 

J = 2.5+  E_level =  17.5807 MeV  ITERATIONS =     0
  R =  1  l =   2  s =  0.5  G  = 23197.160524 keV        g_int =    98.763168 MeV^(1/2)   g_ext =  (0.000000,0.000000) MeV^(1/2) 
  R =  2  l =   2  s =  0.5  G  =  1286.337024 keV        g_int =    36.218883 MeV^(1/2)   g_ext =  (0.000000,0.000000) MeV^(1/2) 
  R =  2  l =   2  s =  1.5  G  =   465.550553 keV        g_int =   -21.789190 MeV^(1/2)   g_ext =  (0.000000,0.000000) MeV^(1/2) 
  R =  2  l =   4  s =  1.5  G  =  2903.046692 keV        g_int =   155.441025 MeV^(1/2)   g_ext =  (0.000000,0.000000) MeV^(1/2) 
  R =  3  l =   0  s =  2.5  G  =     0.000000 meV        g_int =     0.000000 MeV^(1/2)   g_ext =  (0.000000,0.000000) MeV^(1/2) 
  R =  3  l =   2  s =  2.5  G  =     0.000000 meV        g_int =     0.000000 MeV^(1/2)   g_ext =  (0.000000,0.000000) MeV^(1/2) 
  R =  3  l =   4  s =  2.5  G  =     0.000000 meV        g_int =     0.000000 MeV^(1/2)   g_ext =  (0.000000,0.000000) MeV^(1/2) 
  R =  3  l =   2  s =  3.5  G  =     0.000000 meV        g_int =     0.000000 MeV^(1/2)   g_ext =  (0.000000,0.000000) MeV^(1/2) 
  R =  3  l =   4  s =  3.5  G  =     0.000000 meV        g_int =     0.000000 MeV^(1/2)   g_ext =  (0.000000,0.000000) MeV^(1/2) 

J = 3.5-  E_level =   4.5655 MeV  ITERATIONS =     0
  R =  1  l =   3  s =  0.5  G  =   165.087649 keV        g_int =    -6.503185 MeV^(1/2)   g_ext =  (0.000000,0.000000) MeV^(1/2) 
  R =  2  l =   3  s =  0.5  C  =     0.028208 fm^(-1/2)  g_int =     7.374199 MeV^(1/2)   g_ext =  (0.000000,0.000000) MeV^(1/2) 
  R =  2  l =   3  s =  1.5  C  =     0.033461 fm^(-1/2)  g_int =     8.747416 MeV^(1/2)   g_ext =  (0.000000,0.000000) MeV^(1/2) 
  R =  2  l =   5  s =  1.5  C  =     0.001013 fm^(-1/2)  g_int =    22.313697 MeV^(1/2)   g_ext =  (0.000000,0.000000) MeV^(1/2) 
  R =  3  l =   1  s =  2.5  C  =     0.000000 fm^(-1/2)  g_int =     0.000000 MeV^(1/2)   g_ext =  (0.000000,0.000000) MeV^(1/2) 
  R =  3  l =   3  s =  2.5  C  =     0.000000 fm^(-1/2)  g_int =     0.000000 MeV^(1/2)   g_ext =  (0.000000,0.000000) MeV^(1/2) 
  R =  3  l =   5  s =  2.5  C  =     0.000000 fm^(-1/2)  g_int =     0.000000 MeV^(1/2)   g_ext =  (0.000000,0.000000) MeV^(1/2) 
  R =  3  l =   1  s =  3.5  C  =     0.000000 fm^(-1/2)  g_int =     0.000000 MeV^(1/2)   g_ext =  (0.000000,0.000000) MeV^(1/2) 
  R =  3  l =   3  s =  3.5  C  =     0.000000 fm^(-1/2)  g_int =     0.000000 MeV^(1/2)   g_ext =  (0.000000,0.000000) MeV^(1/2) 
  R =  3  l =   5  s =  3.5  C  =     0.000000 fm^(-1/2)  g_int =     0.000000 MeV^(1/2)   g_ext =  (0.000000,0.000000) MeV^(1/2) 

J = 3.5-  E_level =  10.9070 MeV  ITERATIONS =     0
  R =  1  l =   3  s =  0.5  G  =  5258.025730 keV        g_int =    -1.338620 MeV^(1/2)   g_ext =  (0.000000,0.000000) MeV^(1/2) 
  R =  2  l =   3  s =  0.5  G  =     1.292534 keV        g_int =    -0.086388 MeV^(1/2)   g_ext =  (0.000000,0.000000) MeV^(1/2) 
  R =  2  l =   3  s =  1.5  G  =     1.237219 keV        g_int =    -0.084519 MeV^(1/2)   g_ext =  (0.000000,0.000000) MeV^(1/2) 
  R =  2  l =   5  s =  1.5  G  =   160.738748 eV         g_int =     0.493225 MeV^(1/2)   g_ext =  (0.000000,0.000000) MeV^(1/2) 
  R =  3  l =   1  s =  2.5  G  =     0.000000 meV        g_int =     0.000000 MeV^(1/2)   g_ext =  (0.000000,0.000000) MeV^(1/2) 
  R =  3  l =   3  s =  2.5  G  =     0.000000 meV        g_int =     0.000000 MeV^(1/2)   g_ext =  (0.000000,0.000000) MeV^(1/2) 
  R =  3  l =   5  s =  2.5  G  =     0.000000 meV        g_int =     0.000000 MeV^(1/2)   g_ext =  (0.000000,0.000000) MeV^(1/2) 
  R =  3  l =   1  s =  3.5  G  =     0.000000 meV        g_int =     0.000000 MeV^(1/2)   g_ext =  (0.000000,0.000000) MeV^(1/2) 
  R =  3  l =   3  s =  3.5  G  =     0.000000 meV        g_int =     0.000000 MeV^(1/2)   g_ext =  (0.000000,0.000000) MeV^(1/2) 
  R =  3  l =   5  s =  3.5  G  =     0.000000 meV        g_int =     0.000000 MeV^(1/2)   g_ext =  (0.000000,0.000000) MeV^(1/2) 

